#
# There is insufficient memory for the Java Runtime Environment to continue.
# Native memory allocation (malloc) failed to allocate 2488832 bytes. Error detail: Chunk::new
# Possible reasons:
#   The system is out of physical RAM or swap space
#   This process is running with CompressedOops enabled, and the Java Heap may be blocking the growth of the native heap
# Possible solutions:
#   Reduce memory load on the system
#   Increase physical memory or swap space
#   Check if swap backing store is full
#   Decrease Java heap size (-Xmx/-Xms)
#   Decrease number of Java threads
#   Decrease Java thread stack sizes (-Xss)
#   Set larger code cache with -XX:ReservedCodeCacheSize=
#   JVM is running with Unscaled Compressed Oops mode in which the Java heap is
#     placed in the first 4GB address space. The Java Heap base address is the
#     maximum limit for the native heap growth. Please use -XX:HeapBaseMinAddress
#     to set the Java Heap base and to place the Java Heap above 4GB virtual address.
# This output file may be truncated or incomplete.
#
#  Out of Memory Error (arena.cpp:191), pid=100696, tid=88324
#
# JRE version: OpenJDK Runtime Environment Temurin-17.0.17+10 (17.0.17+10) (build 17.0.17+10)
# Java VM: OpenJDK 64-Bit Server VM Temurin-17.0.17+10 (17.0.17+10, mixed mode, sharing, tiered, compressed oops, compressed class ptrs, serial gc, windows-amd64)
# No core dump will be written. Minidumps are not enabled by default on client versions of Windows
#

---------------  S U M M A R Y ------------

Command Line: --add-opens=java.base/java.lang=ALL-UNNAMED --add-opens=java.base/java.lang.invoke=ALL-UNNAMED --add-opens=java.base/java.util=ALL-UNNAMED --add-opens=java.prefs/java.util.prefs=ALL-UNNAMED --add-exports=jdk.compiler/com.sun.tools.javac.api=ALL-UNNAMED --add-exports=jdk.compiler/com.sun.tools.javac.util=ALL-UNNAMED --add-opens=java.base/java.util=ALL-UNNAMED --add-opens=java.prefs/java.util.prefs=ALL-UNNAMED --add-opens=java.base/java.nio.charset=ALL-UNNAMED --add-opens=java.base/java.net=ALL-UNNAMED --add-opens=java.base/java.util.concurrent.atomic=ALL-UNNAMED --add-opens=java.xml/javax.xml.namespace=ALL-UNNAMED -XX:MaxMetaspaceSize=512m -XX:ReservedCodeCacheSize=128m -XX:+UseSerialGC -Xmx1536m -Dfile.encoding=UTF-8 -Duser.country=KR -Duser.language=ko -Duser.variant -javaagent:D:\gradle-home\wrapper\dists\gradle-8.14.3-bin\cv11ve7ro1n3o1j4so8xd9n66\gradle-8.14.3\lib\agents\gradle-instrumentation-agent-8.14.3.jar org.gradle.launcher.daemon.bootstrap.GradleDaemon 8.14.3

Host: Intel(R) Core(TM) i5-10400F CPU @ 2.90GHz, 12 cores, 63G,  Windows 11 , 64 bit Build 26100 (10.0.26100.7705)
Time: Tue Mar 10 22:50:59 2026  Windows 11 , 64 bit Build 26100 (10.0.26100.7705) elapsed time: 833.431508 seconds (0d 0h 13m 53s)

---------------  T H R E A D  ---------------

Current thread (0x00000241ff7ebb00):  JavaThread "C2 CompilerThread0" daemon [_thread_in_native, id=88324, stack(0x0000007779100000,0x0000007779200000)]


Current CompileTask:
C2:833431 54906       4       com.android.tools.r8.internal.av::a (4631 bytes)

Stack: [0x0000007779100000,0x0000007779200000]
Native frames: (J=compiled Java code, j=interpreted, Vv=VM code, C=native code)
V  [jvm.dll+0x683fb9]
V  [jvm.dll+0x83a1b5]
V  [jvm.dll+0x83bc2e]
V  [jvm.dll+0x83c2b3]
V  [jvm.dll+0x248eff]
V  [jvm.dll+0xad496]
V  [jvm.dll+0xadb3c]
V  [jvm.dll+0x368a3e]
V  [jvm.dll+0x1bc3f9]
V  [jvm.dll+0x219f10]
V  [jvm.dll+0x219200]
V  [jvm.dll+0x1a4920]
V  [jvm.dll+0x22989a]
V  [jvm.dll+0x227a4b]
V  [jvm.dll+0x7effb8]
V  [jvm.dll+0x7ea44c]
V  [jvm.dll+0x682e87]
C  [ucrtbase.dll+0x37b0]
C  [KERNEL32.DLL+0x2e8d7]
C  [ntdll.dll+0x8c40c]


---------------  P R O C E S S  ---------------

Threads class SMR info:
_java_thread_list=0x00000241bdda1d90, length=84, elements={
0x00000241ff73da30, 0x00000241ff7b9900, 0x00000241ff7bb360, 0x00000241ff7d9840,
0x00000241ff7da210, 0x00000241ff7dd860, 0x00000241ff7e0db0, 0x00000241ff7ebb00,
0x00000241911f5060, 0x00000241911f5580, 0x00000241ff79f600, 0x00000241914a3920,
0x0000024191b98f50, 0x00000241b2198690, 0x00000241b13d1880, 0x00000241b11f48d0,
0x00000241b19cc0e0, 0x00000241b2248100, 0x00000241b224a980, 0x00000241b224a470,
0x00000241b2248610, 0x00000241b2248b20, 0x00000241b2249030, 0x00000241b224b3a0,
0x00000241b2249540, 0x00000241b2249f60, 0x00000241b224ae90, 0x00000241b2810df0,
0x00000241b2811810, 0x00000241b280f4a0, 0x00000241b280e060, 0x00000241b2811d20,
0x00000241b2812230, 0x00000241b2812740, 0x00000241b280f9b0, 0x00000241b280fec0,
0x00000241b280ef90, 0x00000241b2813670, 0x00000241b2812c50, 0x00000241b28159e0,
0x00000241b2813160, 0x00000241b2814090, 0x00000241b28145a0, 0x00000241b2814fc0,
0x00000241b62288e0, 0x00000241b62283d0, 0x00000241b6229810, 0x00000241b622a740,
0x00000241b622ac50, 0x00000241b622c5a0, 0x00000241b622bb80, 0x00000241b622cab0,
0x00000241b622cfc0, 0x00000241b622d4d0, 0x00000241b24693d0, 0x00000241b2469df0,
0x00000241b2467060, 0x00000241b24684a0, 0x00000241b24689b0, 0x00000241b14fc060,
0x00000241b14fca80, 0x00000241b14fcf90, 0x00000241b14fd9b0, 0x00000241b14fdec0,
0x00000241b14fac20, 0x00000241b14fe8e0, 0x00000241be0c6ee0, 0x00000241be0c5080,
0x00000241c0c59540, 0x00000241c0c59a50, 0x00000241c0c5fa80, 0x00000241c0c5ff90,
0x00000241c0c5f060, 0x00000241c0c5f570, 0x00000241c0c609b0, 0x00000241be0c64c0,
0x00000241be0c7900, 0x00000241be0c9250, 0x00000241b5a5fc90, 0x00000241b5a5de30,
0x00000241b6229d20, 0x00000241b6226570, 0x00000241c003ea00, 0x00000241c0842e90
}

Java Threads: ( => current thread )
  0x00000241ff73da30 JavaThread "main" [_thread_blocked, id=31792, stack(0x0000007778900000,0x0000007778a00000)]
  0x00000241ff7b9900 JavaThread "Reference Handler" daemon [_thread_blocked, id=73380, stack(0x0000007778b00000,0x0000007778c00000)]
  0x00000241ff7bb360 JavaThread "Finalizer" daemon [_thread_blocked, id=54472, stack(0x0000007778c00000,0x0000007778d00000)]
  0x00000241ff7d9840 JavaThread "Signal Dispatcher" daemon [_thread_blocked, id=12900, stack(0x0000007778d00000,0x0000007778e00000)]
  0x00000241ff7da210 JavaThread "Attach Listener" daemon [_thread_blocked, id=102904, stack(0x0000007778e00000,0x0000007778f00000)]
  0x00000241ff7dd860 JavaThread "Service Thread" daemon [_thread_blocked, id=110444, stack(0x0000007778f00000,0x0000007779000000)]
  0x00000241ff7e0db0 JavaThread "Monitor Deflation Thread" daemon [_thread_blocked, id=64560, stack(0x0000007779000000,0x0000007779100000)]
=>0x00000241ff7ebb00 JavaThread "C2 CompilerThread0" daemon [_thread_in_native, id=88324, stack(0x0000007779100000,0x0000007779200000)]
  0x00000241911f5060 JavaThread "C1 CompilerThread0" daemon [_thread_blocked, id=110468, stack(0x0000007779200000,0x0000007779300000)]
  0x00000241911f5580 JavaThread "Sweeper thread" daemon [_thread_blocked, id=55148, stack(0x0000007779300000,0x0000007779400000)]
  0x00000241ff79f600 JavaThread "Common-Cleaner" daemon [_thread_blocked, id=92272, stack(0x0000007779400000,0x0000007779500000)]
  0x00000241914a3920 JavaThread "Notification Thread" daemon [_thread_blocked, id=93084, stack(0x0000007779500000,0x0000007779600000)]
  0x0000024191b98f50 JavaThread "Daemon health stats" [_thread_blocked, id=99640, stack(0x0000007779700000,0x0000007779800000)]
  0x00000241b2198690 JavaThread "Incoming local TCP Connector on port 49352" [_thread_in_native, id=56504, stack(0x0000007779800000,0x0000007779900000)]
  0x00000241b13d1880 JavaThread "Daemon periodic checks" [_thread_blocked, id=74636, stack(0x0000007779900000,0x0000007779a00000)]
  0x00000241b11f48d0 JavaThread "Daemon" [_thread_blocked, id=105936, stack(0x0000007779a00000,0x0000007779b00000)]
  0x00000241b19cc0e0 JavaThread "Handler for socket connection from /127.0.0.1:49352 to /127.0.0.1:49353" [_thread_in_native, id=78008, stack(0x0000007779b00000,0x0000007779c00000)]
  0x00000241b2248100 JavaThread "Cancel handler" [_thread_blocked, id=104988, stack(0x0000007779c00000,0x0000007779d00000)]
  0x00000241b224a980 JavaThread "Daemon worker" [_thread_blocked, id=103144, stack(0x0000007779d00000,0x0000007779e00000)]
  0x00000241b224a470 JavaThread "Asynchronous log dispatcher for DefaultDaemonConnection: socket connection from /127.0.0.1:49352 to /127.0.0.1:49353" [_thread_blocked, id=91024, stack(0x0000007779e00000,0x0000007779f00000)]
  0x00000241b2248610 JavaThread "Stdin handler" [_thread_blocked, id=7192, stack(0x0000007779f00000,0x000000777a000000)]
  0x00000241b2248b20 JavaThread "Daemon client event forwarder" [_thread_blocked, id=69560, stack(0x000000777a000000,0x000000777a100000)]
  0x00000241b2249030 JavaThread "Cache worker for journal cache (D:\gradle-home\caches\journal-1)" [_thread_blocked, id=67508, stack(0x000000777a100000,0x000000777a200000)]
  0x00000241b224b3a0 JavaThread "File lock request listener" [_thread_in_native, id=107024, stack(0x000000777a200000,0x000000777a300000)]
  0x00000241b2249540 JavaThread "Cache worker for file hash cache (D:\gradle-home\caches\8.14.3\fileHashes)" [_thread_blocked, id=18964, stack(0x000000777a300000,0x000000777a400000)]
  0x00000241b2249f60 JavaThread "Cache worker for file hash cache (D:\App-YooYLand\android\.gradle\8.14.3\fileHashes)" [_thread_blocked, id=66540, stack(0x000000777a600000,0x000000777a700000)]
  0x00000241b224ae90 JavaThread "Cache worker for Build Output Cleanup Cache (D:\App-YooYLand\android\.gradle\buildOutputCleanup)" [_thread_blocked, id=45920, stack(0x000000777a700000,0x000000777a800000)]
  0x00000241b2810df0 JavaThread "jar transforms" [_thread_blocked, id=24988, stack(0x000000777a800000,0x000000777a900000)]
  0x00000241b2811810 JavaThread "Cache worker for checksums cache (D:\App-YooYLand\android\.gradle\8.14.3\checksums)" [_thread_blocked, id=108264, stack(0x000000777a900000,0x000000777aa00000)]
  0x00000241b280f4a0 JavaThread "Cache worker for file content cache (D:\gradle-home\caches\8.14.3\fileContent)" [_thread_blocked, id=73916, stack(0x000000777aa00000,0x000000777ab00000)]
  0x00000241b280e060 JavaThread "Cache worker for cache directory md-supplier (D:\gradle-home\caches\8.14.3\md-supplier)" [_thread_blocked, id=40604, stack(0x000000777a400000,0x000000777a500000)]
  0x00000241b2811d20 JavaThread "Cache worker for cache directory md-rule (D:\gradle-home\caches\8.14.3\md-rule)" [_thread_blocked, id=86316, stack(0x000000777a500000,0x000000777a600000)]
  0x00000241b2812230 JavaThread "Cache worker for Build Output Cleanup Cache (D:\App-YooYLand\node_modules\react-native\node_modules\@react-native\gradle-plugin\.gradle\buildOutputCleanup)" [_thread_blocked, id=1628, stack(0x000000777ae00000,0x000000777af00000)]
  0x00000241b2812740 JavaThread "Unconstrained build operations" [_thread_blocked, id=94224, stack(0x000000777af00000,0x000000777b000000)]
  0x00000241b280f9b0 JavaThread "Unconstrained build operations Thread 2" [_thread_blocked, id=15100, stack(0x000000777b100000,0x000000777b200000)]
  0x00000241b280fec0 JavaThread "Unconstrained build operations Thread 3" [_thread_blocked, id=48600, stack(0x000000777b200000,0x000000777b300000)]
  0x00000241b280ef90 JavaThread "Cache worker for Build Output Cleanup Cache (D:\App-YooYLand\node_modules\expo-modules-autolinking\android\expo-gradle-plugin\.gradle\buildOutputCleanup)" [_thread_blocked, id=110376, stack(0x000000777b000000,0x000000777b100000)]
  0x00000241b2813670 JavaThread "Unconstrained build operations Thread 4" [_thread_blocked, id=25684, stack(0x000000777b400000,0x000000777b500000)]
  0x00000241b2812c50 JavaThread "Unconstrained build operations Thread 5" [_thread_blocked, id=27076, stack(0x000000777b500000,0x000000777b600000)]
  0x00000241b28159e0 JavaThread "Unconstrained build operations Thread 6" [_thread_blocked, id=64432, stack(0x000000777b600000,0x000000777b700000)]
  0x00000241b2813160 JavaThread "build event listener" [_thread_blocked, id=17696, stack(0x000000777b700000,0x000000777b800000)]
  0x00000241b2814090 JavaThread "Memory manager" [_thread_blocked, id=105648, stack(0x000000777b800000,0x000000777b900000)]
  0x00000241b28145a0 JavaThread "Unconstrained build operations Thread 7" [_thread_blocked, id=17748, stack(0x000000777b900000,0x000000777ba00000)]
  0x00000241b2814fc0 JavaThread "build event listener" [_thread_blocked, id=1060, stack(0x000000777ba00000,0x000000777bb00000)]
  0x00000241b62288e0 JavaThread "Unconstrained build operations Thread 8" [_thread_blocked, id=8632, stack(0x000000777bb00000,0x000000777bc00000)]
  0x00000241b62283d0 JavaThread "Unconstrained build operations Thread 9" [_thread_blocked, id=45068, stack(0x000000777bc00000,0x000000777bd00000)]
  0x00000241b6229810 JavaThread "Unconstrained build operations Thread 10" [_thread_blocked, id=40728, stack(0x000000777bd00000,0x000000777be00000)]
  0x00000241b622a740 JavaThread "included builds" [_thread_blocked, id=72544, stack(0x000000777c800000,0x000000777c900000)]
  0x00000241b622ac50 JavaThread "Cache worker for execution history cache (D:\App-YooYLand\node_modules\react-native\node_modules\@react-native\gradle-plugin\.gradle\8.14.3\executionHistory)" [_thread_blocked, id=84380, stack(0x000000777ca00000,0x000000777cb00000)]
  0x00000241b622c5a0 JavaThread "Cache worker for execution history cache (D:\App-YooYLand\node_modules\expo-modules-autolinking\android\expo-gradle-plugin\.gradle\8.14.3\executionHistory)" [_thread_blocked, id=109904, stack(0x000000777cb00000,0x000000777cc00000)]
  0x00000241b622bb80 JavaThread "jar transforms Thread 2" [_thread_blocked, id=89972, stack(0x000000777b300000,0x000000777b400000)]
  0x00000241b622cab0 JavaThread "Cache worker for Build Output Cleanup Cache (D:\App-YooYLand\node_modules\expo-modules-core\expo-module-gradle-plugin\.gradle\buildOutputCleanup)" [_thread_blocked, id=46316, stack(0x000000777cc00000,0x000000777cd00000)]
  0x00000241b622cfc0 JavaThread "build event listener" [_thread_blocked, id=68056, stack(0x000000777cf00000,0x000000777d000000)]
  0x00000241b622d4d0 JavaThread "jar transforms Thread 3" [_thread_blocked, id=62568, stack(0x000000777d000000,0x000000777d100000)]
  0x00000241b24693d0 JavaThread "Cache worker for execution history cache (D:\App-YooYLand\node_modules\expo-modules-core\expo-module-gradle-plugin\.gradle\8.14.3\executionHistory)" [_thread_blocked, id=96624, stack(0x000000777d100000,0x000000777d200000)]
  0x00000241b2469df0 JavaThread "jar transforms Thread 4" [_thread_blocked, id=76964, stack(0x000000777d200000,0x000000777d300000)]
  0x00000241b2467060 JavaThread "jar transforms Thread 5" [_thread_blocked, id=110016, stack(0x000000777d300000,0x000000777d400000)]
  0x00000241b24684a0 JavaThread "jar transforms Thread 6" [_thread_blocked, id=1700, stack(0x000000777d400000,0x000000777d500000)]
  0x00000241b24689b0 JavaThread "build event listener" [_thread_blocked, id=107288, stack(0x000000777cd00000,0x000000777ce00000)]
  0x00000241b14fc060 JavaThread "Problems report writer" [_thread_blocked, id=110004, stack(0x000000777d700000,0x000000777d800000)]
  0x00000241b14fca80 JavaThread "jar transforms Thread 7" [_thread_blocked, id=61292, stack(0x000000777d800000,0x000000777d900000)]
  0x00000241b14fcf90 JavaThread "jar transforms Thread 8" [_thread_blocked, id=83844, stack(0x000000777d600000,0x000000777d700000)]
  0x00000241b14fd9b0 JavaThread "jar transforms Thread 9" [_thread_blocked, id=69812, stack(0x000000777da00000,0x000000777db00000)]
  0x00000241b14fdec0 JavaThread "jar transforms Thread 10" [_thread_blocked, id=87680, stack(0x000000777db00000,0x000000777dc00000)]
  0x00000241b14fac20 JavaThread "jar transforms Thread 11" [_thread_blocked, id=29244, stack(0x000000777dc00000,0x000000777dd00000)]
  0x00000241b14fe8e0 JavaThread "jar transforms Thread 12" [_thread_blocked, id=96424, stack(0x000000777dd00000,0x000000777de00000)]
  0x00000241be0c6ee0 JavaThread "Cache worker for execution history cache (D:\App-YooYLand\android\.gradle\8.14.3\executionHistory)" [_thread_blocked, id=39416, stack(0x000000777d900000,0x000000777da00000)]
  0x00000241be0c5080 JavaThread "WorkerExecutor Queue" [_thread_blocked, id=83972, stack(0x0000007778700000,0x0000007778800000)]
  0x00000241c0c59540 JavaThread "Cache worker for Java compile cache (D:\gradle-home\caches\8.14.3\javaCompile)" [_thread_blocked, id=29828, stack(0x000000777c900000,0x000000777ca00000)]
  0x00000241c0c59a50 JavaThread "Build operations" [_thread_blocked, id=70532, stack(0x000000777ce00000,0x000000777cf00000)]
  0x00000241c0c5fa80 JavaThread "ForkJoinPool-1-worker-1" daemon [_thread_blocked, id=9056, stack(0x0000007778600000,0x0000007778700000)]
  0x00000241c0c5ff90 JavaThread "ForkJoinPool-1-worker-2" daemon [_thread_blocked, id=40440, stack(0x000000777c600000,0x000000777c700000)]
  0x00000241c0c5f060 JavaThread "ForkJoinPool-1-worker-3" daemon [_thread_blocked, id=54112, stack(0x000000777c700000,0x000000777c800000)]
  0x00000241c0c5f570 JavaThread "ForkJoinPool-1-worker-4" daemon [_thread_blocked, id=106256, stack(0x000000777d500000,0x000000777d600000)]
  0x00000241c0c609b0 JavaThread "ForkJoinPool-1-worker-5" daemon [_thread_blocked, id=44316, stack(0x000000777de00000,0x000000777df00000)]
  0x00000241be0c64c0 JavaThread "ForkJoinPool-1-worker-6" daemon [_thread_blocked, id=68032, stack(0x000000777df00000,0x000000777e000000)]
  0x00000241be0c7900 JavaThread "ForkJoinPool-1-worker-7" daemon [_thread_blocked, id=78352, stack(0x000000777e000000,0x000000777e100000)]
  0x00000241be0c9250 JavaThread "ForkJoinPool-1-worker-8" daemon [_thread_blocked, id=110040, stack(0x000000777e100000,0x000000777e200000)]
  0x00000241b5a5fc90 JavaThread "ForkJoinPool-1-worker-10" daemon [_thread_blocked, id=17820, stack(0x000000777e200000,0x000000777e300000)]
  0x00000241b5a5de30 JavaThread "ForkJoinPool-1-worker-11" daemon [_thread_blocked, id=19848, stack(0x000000777e300000,0x000000777e400000)]
  0x00000241b6229d20 JavaThread "ForkJoinPool-1-worker-9" daemon [_thread_blocked, id=105420, stack(0x000000777e400000,0x000000777e500000)]
  0x00000241b6226570 JavaThread "ForkJoinPool-1-worker-12" daemon [_thread_blocked, id=104204, stack(0x000000777e500000,0x000000777e600000)]
  0x00000241c003ea00 JavaThread "C2 CompilerThread1" daemon [_thread_blocked, id=81796, stack(0x0000007778800000,0x0000007778900000)]
  0x00000241c0842e90 JavaThread "C2 CompilerThread2" daemon [_thread_blocked, id=109940, stack(0x000000777ab00000,0x000000777ac00000)]

Other Threads:
  0x00000241ff7b1230 VMThread "VM Thread" [stack: 0x0000007778a00000,0x0000007778b00000] [id=91484]
  0x00000241914a9e20 WatcherThread [stack: 0x0000007779600000,0x0000007779700000] [id=104040]

Threads with active compile tasks:
C2 CompilerThread0  833463 54906       4       com.android.tools.r8.internal.av::a (4631 bytes)
C2 CompilerThread1  833463 54923 % !   4       com.android.tools.r8.internal.xB::a @ 1662 (4220 bytes)

VM state: at safepoint (normal execution)

VM Mutex/Monitor currently owned by a thread:  ([mutex/lock_event])
[0x00000241ff739880] Threads_lock - owner thread: 0x00000241ff7b1230
[0x00000241ff73a210] Heap_lock - owner thread: 0x00000241b6226570

Heap address: 0x00000000a0000000, size: 1536 MB, Compressed Oops mode: 32-bit

CDS archive(s) mapped at: [0x0000024192000000-0x0000024192bb0000-0x0000024192bb0000), size 12255232, SharedBaseAddress: 0x0000024192000000, ArchiveRelocationMode: 1.
Compressed class space mapped at: 0x0000024193000000-0x00000241ad000000, reserved size: 436207616
Narrow klass base: 0x0000024192000000, Narrow klass shift: 0, Narrow klass range: 0x100000000

GC Precious Log:
 CPUs: 12 total, 12 available
 Memory: 65404M
 Large Page Support: Disabled
 NUMA Support: Disabled
 Compressed Oops: Enabled (32-bit)
 Heap Min Capacity: 8M
 Heap Initial Capacity: 1022M
 Heap Max Capacity: 1536M
 Pre-touch: Disabled

Heap:
 def new generation   total 471872K, used 471871K [0x00000000a0000000, 0x00000000c0000000, 0x00000000c0000000)
  eden space 419456K, 100% used [0x00000000a0000000, 0x00000000b99a0000, 0x00000000b99a0000)
  from space 52416K,  99% used [0x00000000bccd0000, 0x00000000bfffff58, 0x00000000c0000000)
  to   space 52416K,   0% used [0x00000000b99a0000, 0x00000000b99a0000, 0x00000000bccd0000)
 tenured generation   total 1048576K, used 1048575K [0x00000000c0000000, 0x0000000100000000, 0x0000000100000000)
   the space 1048576K,  99% used [0x00000000c0000000, 0x00000000fffffff8, 0x0000000100000000, 0x0000000100000000)
 Metaspace       used 191211K, committed 193536K, reserved 688128K
  class space    used 26943K, committed 27968K, reserved 425984K

Card table byte_map: [0x00000241ffb00000,0x00000241ffe10000] _byte_map_base: 0x00000241ff600000

Polling page: 0x00000241ff7f0000

Metaspace:

Usage:
  Non-class:    160.42 MB used.
      Class:     26.31 MB used.
       Both:    186.73 MB used.

Virtual space:
  Non-class space:      256.00 MB reserved,     161.69 MB ( 63%) committed,  4 nodes.
      Class space:      416.00 MB reserved,      27.31 MB (  7%) committed,  1 nodes.
             Both:      672.00 MB reserved,     189.00 MB ( 28%) committed. 

Chunk freelists:
   Non-Class:  45.49 MB
       Class:  4.64 MB
        Both:  50.13 MB

MaxMetaspaceSize: 512.00 MB
CompressedClassSpaceSize: 416.00 MB
Initial GC threshold: 21.00 MB
Current GC threshold: 314.94 MB
CDS: on
MetaspaceReclaimPolicy: balanced
 - commit_granule_bytes: 65536.
 - commit_granule_words: 8192.
 - virtual_space_node_default_size: 8388608.
 - enlarge_chunks_in_place: 1.
 - new_chunks_are_fully_committed: 0.
 - uncommit_free_chunks: 1.
 - use_allocation_guard: 0.
 - handle_deallocations: 1.


Internal statistics:

num_allocs_failed_limit: 15.
num_arena_births: 4450.
num_arena_deaths: 1470.
num_vsnodes_births: 5.
num_vsnodes_deaths: 0.
num_space_committed: 4071.
num_space_uncommitted: 1048.
num_chunks_returned_to_freelist: 4349.
num_chunks_taken_from_freelist: 16887.
num_chunk_merges: 1653.
num_chunk_splits: 10597.
num_chunks_enlarged: 7017.
num_inconsistent_stats: 0.

CodeCache: size=131072Kb used=102530Kb max_used=102573Kb free=28541Kb
 bounds [0x0000024188ed0000, 0x000002418f3c0000, 0x0000024190ed0000]
 total_blobs=32928 nmethods=31575 adapters=1264
 compilation: enabled
              stopped_count=0, restarted_count=0
 full_count=0

Compilation events (20 events):
Event: 831.843 Thread 0x00000241911f5060 nmethod 54917 0x000002418dcf7790 code [0x000002418dcf7940, 0x000002418dcf7b18]
Event: 831.889 Thread 0x00000241ff7ebb00 nmethod 54908 0x000002418ef9d410 code [0x000002418ef9d840, 0x000002418efa0070]
Event: 831.889 Thread 0x00000241ff7ebb00 54919       4       com.android.tools.r8.internal.Z3::equals (46 bytes)
Event: 831.890 Thread 0x00000241ff7ebb00 nmethod 54919 0x000002418de2a210 code [0x000002418de2a3a0, 0x000002418de2a478]
Event: 831.890 Thread 0x00000241ff7ebb00 54918       4       com.android.tools.r8.internal.a20$$Lambda$8424/0x0000024194a55748::test (12 bytes)
Event: 831.891 Thread 0x00000241ff7ebb00 nmethod 54918 0x000002418e2a9710 code [0x000002418e2a98a0, 0x000002418e2a9998]
Event: 831.891 Thread 0x00000241ff7ebb00 54907       4       com.android.tools.r8.internal.zu::a (8 bytes)
Event: 831.892 Thread 0x00000241ff7ebb00 nmethod 54907 0x000002418ee67d10 code [0x000002418ee67ea0, 0x000002418ee67f78]
Event: 831.892 Thread 0x00000241ff7ebb00 54906       4       com.android.tools.r8.internal.av::a (4631 bytes)
Event: 831.949 Thread 0x00000241c003ea00 nmethod 54911% 0x000002418e9c3a10 code [0x000002418e9c3f20, 0x000002418e9c9298]
Event: 831.950 Thread 0x00000241c003ea00 54913       4       com.android.tools.r8.internal.wS$$Lambda$8450/0x0000024194a59830::<init> (10 bytes)
Event: 831.950 Thread 0x00000241c003ea00 nmethod 54913 0x000002418f193610 code [0x000002418f193780, 0x000002418f193818]
Event: 832.048 Thread 0x00000241c0842e90 nmethod 54915% 0x000002418f309c10 code [0x000002418f30a760, 0x000002418f310950]
Event: 832.104 Thread 0x00000241c0842e90 54920       4       com.android.tools.r8.internal.T50::a (277 bytes)
Event: 832.109 Thread 0x00000241c003ea00 54921 % !   4       com.android.tools.r8.internal.xB::a @ 3577 (4220 bytes)
Event: 832.125 Thread 0x00000241c0842e90 nmethod 54920 0x000002418e1d0c10 code [0x000002418e1d0f40, 0x000002418e1d2060]
Event: 832.149 Thread 0x00000241c0842e90 54922       4       com.android.tools.r8.internal.D8::c (88 bytes)
Event: 832.151 Thread 0x00000241c0842e90 nmethod 54922 0x000002418e329c10 code [0x000002418e329dc0, 0x000002418e329fb8]
Event: 832.224 Thread 0x00000241c003ea00 nmethod 54921% 0x000002418e51f390 code [0x000002418e51f900, 0x000002418e524490]
Event: 832.240 Thread 0x00000241c003ea00 54923 % !   4       com.android.tools.r8.internal.xB::a @ 1662 (4220 bytes)

GC Heap History (20 events):
Event: 807.362 GC heap after
{Heap after GC invocations=183 (full 147):
 def new generation   total 471872K, used 89063K [0x00000000a0000000, 0x00000000c0000000, 0x00000000c0000000)
  eden space 419456K,  21% used [0x00000000a0000000, 0x00000000a56f9e98, 0x00000000b99a0000)
  from space 52416K,   0% used [0x00000000bccd0000, 0x00000000bccd0000, 0x00000000c0000000)
  to   space 52416K,   0% used [0x00000000b99a0000, 0x00000000b99a0000, 0x00000000bccd0000)
 tenured generation   total 1048576K, used 1048575K [0x00000000c0000000, 0x0000000100000000, 0x0000000100000000)
   the space 1048576K,  99% used [0x00000000c0000000, 0x00000000fffffff0, 0x0000000100000000, 0x0000000100000000)
 Metaspace       used 191144K, committed 193536K, reserved 688128K
  class space    used 26935K, committed 27968K, reserved 425984K
}
Event: 807.881 GC heap before
{Heap before GC invocations=183 (full 147):
 def new generation   total 471872K, used 471871K [0x00000000a0000000, 0x00000000c0000000, 0x00000000c0000000)
  eden space 419456K, 100% used [0x00000000a0000000, 0x00000000b99a0000, 0x00000000b99a0000)
  from space 52416K,  99% used [0x00000000bccd0000, 0x00000000bfffff40, 0x00000000c0000000)
  to   space 52416K,   0% used [0x00000000b99a0000, 0x00000000b99a0000, 0x00000000bccd0000)
 tenured generation   total 1048576K, used 1048575K [0x00000000c0000000, 0x0000000100000000, 0x0000000100000000)
   the space 1048576K,  99% used [0x00000000c0000000, 0x00000000fffffff0, 0x0000000100000000, 0x0000000100000000)
 Metaspace       used 191168K, committed 193536K, reserved 688128K
  class space    used 26936K, committed 27968K, reserved 425984K
}
Event: 810.326 GC heap after
{Heap after GC invocations=184 (full 148):
 def new generation   total 471872K, used 59977K [0x00000000a0000000, 0x00000000c0000000, 0x00000000c0000000)
  eden space 419456K,  14% used [0x00000000a0000000, 0x00000000a3a92698, 0x00000000b99a0000)
  from space 52416K,   0% used [0x00000000bccd0000, 0x00000000bccd0000, 0x00000000c0000000)
  to   space 52416K,   0% used [0x00000000b99a0000, 0x00000000b99a0000, 0x00000000bccd0000)
 tenured generation   total 1048576K, used 1048576K [0x00000000c0000000, 0x0000000100000000, 0x0000000100000000)
   the space 1048576K, 100% used [0x00000000c0000000, 0x0000000100000000, 0x0000000100000000, 0x0000000100000000)
 Metaspace       used 191168K, committed 193536K, reserved 688128K
  class space    used 26936K, committed 27968K, reserved 425984K
}
Event: 810.901 GC heap before
{Heap before GC invocations=184 (full 148):
 def new generation   total 471872K, used 471871K [0x00000000a0000000, 0x00000000c0000000, 0x00000000c0000000)
  eden space 419456K, 100% used [0x00000000a0000000, 0x00000000b99a0000, 0x00000000b99a0000)
  from space 52416K,  99% used [0x00000000bccd0000, 0x00000000bffffff0, 0x00000000c0000000)
  to   space 52416K,   0% used [0x00000000b99a0000, 0x00000000b99a0000, 0x00000000bccd0000)
 tenured generation   total 1048576K, used 1048576K [0x00000000c0000000, 0x0000000100000000, 0x0000000100000000)
   the space 1048576K, 100% used [0x00000000c0000000, 0x0000000100000000, 0x0000000100000000, 0x0000000100000000)
 Metaspace       used 191173K, committed 193536K, reserved 688128K
  class space    used 26937K, committed 27968K, reserved 425984K
}
Event: 812.961 GC heap after
{Heap after GC invocations=185 (full 149):
 def new generation   total 471872K, used 61608K [0x00000000a0000000, 0x00000000c0000000, 0x00000000c0000000)
  eden space 419456K,  14% used [0x00000000a0000000, 0x00000000a3c2a080, 0x00000000b99a0000)
  from space 52416K,   0% used [0x00000000bccd0000, 0x00000000bccd0000, 0x00000000c0000000)
  to   space 52416K,   0% used [0x00000000b99a0000, 0x00000000b99a0000, 0x00000000bccd0000)
 tenured generation   total 1048576K, used 1048576K [0x00000000c0000000, 0x0000000100000000, 0x0000000100000000)
   the space 1048576K, 100% used [0x00000000c0000000, 0x0000000100000000, 0x0000000100000000, 0x0000000100000000)
 Metaspace       used 191173K, committed 193536K, reserved 688128K
  class space    used 26937K, committed 27968K, reserved 425984K
}
Event: 813.473 GC heap before
{Heap before GC invocations=185 (full 149):
 def new generation   total 471872K, used 471871K [0x00000000a0000000, 0x00000000c0000000, 0x00000000c0000000)
  eden space 419456K, 100% used [0x00000000a0000000, 0x00000000b99a0000, 0x00000000b99a0000)
  from space 52416K,  99% used [0x00000000bccd0000, 0x00000000bffffff8, 0x00000000c0000000)
  to   space 52416K,   0% used [0x00000000b99a0000, 0x00000000b99a0000, 0x00000000bccd0000)
 tenured generation   total 1048576K, used 1048576K [0x00000000c0000000, 0x0000000100000000, 0x0000000100000000)
   the space 1048576K, 100% used [0x00000000c0000000, 0x0000000100000000, 0x0000000100000000, 0x0000000100000000)
 Metaspace       used 191182K, committed 193536K, reserved 688128K
  class space    used 26938K, committed 27968K, reserved 425984K
}
Event: 815.630 GC heap after
{Heap after GC invocations=186 (full 150):
 def new generation   total 471872K, used 63063K [0x00000000a0000000, 0x00000000c0000000, 0x00000000c0000000)
  eden space 419456K,  15% used [0x00000000a0000000, 0x00000000a3d95d98, 0x00000000b99a0000)
  from space 52416K,   0% used [0x00000000bccd0000, 0x00000000bccd0000, 0x00000000c0000000)
  to   space 52416K,   0% used [0x00000000b99a0000, 0x00000000b99a0000, 0x00000000bccd0000)
 tenured generation   total 1048576K, used 1048576K [0x00000000c0000000, 0x0000000100000000, 0x0000000100000000)
   the space 1048576K, 100% used [0x00000000c0000000, 0x0000000100000000, 0x0000000100000000, 0x0000000100000000)
 Metaspace       used 191182K, committed 193536K, reserved 688128K
  class space    used 26938K, committed 27968K, reserved 425984K
}
Event: 816.191 GC heap before
{Heap before GC invocations=186 (full 150):
 def new generation   total 471872K, used 471871K [0x00000000a0000000, 0x00000000c0000000, 0x00000000c0000000)
  eden space 419456K, 100% used [0x00000000a0000000, 0x00000000b99a0000, 0x00000000b99a0000)
  from space 52416K,  99% used [0x00000000bccd0000, 0x00000000bffffff8, 0x00000000c0000000)
  to   space 52416K,   0% used [0x00000000b99a0000, 0x00000000b99a0000, 0x00000000bccd0000)
 tenured generation   total 1048576K, used 1048576K [0x00000000c0000000, 0x0000000100000000, 0x0000000100000000)
   the space 1048576K, 100% used [0x00000000c0000000, 0x0000000100000000, 0x0000000100000000, 0x0000000100000000)
 Metaspace       used 191190K, committed 193536K, reserved 688128K
  class space    used 26939K, committed 27968K, reserved 425984K
}
Event: 818.350 GC heap after
{Heap after GC invocations=187 (full 151):
 def new generation   total 471872K, used 63818K [0x00000000a0000000, 0x00000000c0000000, 0x00000000c0000000)
  eden space 419456K,  15% used [0x00000000a0000000, 0x00000000a3e52840, 0x00000000b99a0000)
  from space 52416K,   0% used [0x00000000bccd0000, 0x00000000bccd0000, 0x00000000c0000000)
  to   space 52416K,   0% used [0x00000000b99a0000, 0x00000000b99a0000, 0x00000000bccd0000)
 tenured generation   total 1048576K, used 1048576K [0x00000000c0000000, 0x0000000100000000, 0x0000000100000000)
   the space 1048576K, 100% used [0x00000000c0000000, 0x0000000100000000, 0x0000000100000000, 0x0000000100000000)
 Metaspace       used 191190K, committed 193536K, reserved 688128K
  class space    used 26939K, committed 27968K, reserved 425984K
}
Event: 818.857 GC heap before
{Heap before GC invocations=187 (full 151):
 def new generation   total 471872K, used 471871K [0x00000000a0000000, 0x00000000c0000000, 0x00000000c0000000)
  eden space 419456K, 100% used [0x00000000a0000000, 0x00000000b99a0000, 0x00000000b99a0000)
  from space 52416K,  99% used [0x00000000bccd0000, 0x00000000bffffff0, 0x00000000c0000000)
  to   space 52416K,   0% used [0x00000000b99a0000, 0x00000000b99a0000, 0x00000000bccd0000)
 tenured generation   total 1048576K, used 1048576K [0x00000000c0000000, 0x0000000100000000, 0x0000000100000000)
   the space 1048576K, 100% used [0x00000000c0000000, 0x0000000100000000, 0x0000000100000000, 0x0000000100000000)
 Metaspace       used 191193K, committed 193536K, reserved 688128K
  class space    used 26939K, committed 27968K, reserved 425984K
}
Event: 821.064 GC heap after
{Heap after GC invocations=188 (full 152):
 def new generation   total 471872K, used 58085K [0x00000000a0000000, 0x00000000c0000000, 0x00000000c0000000)
  eden space 419456K,  13% used [0x00000000a0000000, 0x00000000a38b9490, 0x00000000b99a0000)
  from space 52416K,   0% used [0x00000000bccd0000, 0x00000000bccd0000, 0x00000000c0000000)
  to   space 52416K,   0% used [0x00000000b99a0000, 0x00000000b99a0000, 0x00000000bccd0000)
 tenured generation   total 1048576K, used 1048575K [0x00000000c0000000, 0x0000000100000000, 0x0000000100000000)
   the space 1048576K,  99% used [0x00000000c0000000, 0x00000000ffffffd8, 0x0000000100000000, 0x0000000100000000)
 Metaspace       used 191193K, committed 193536K, reserved 688128K
  class space    used 26939K, committed 27968K, reserved 425984K
}
Event: 821.569 GC heap before
{Heap before GC invocations=188 (full 152):
 def new generation   total 471872K, used 471871K [0x00000000a0000000, 0x00000000c0000000, 0x00000000c0000000)
  eden space 419456K, 100% used [0x00000000a0000000, 0x00000000b99a0000, 0x00000000b99a0000)
  from space 52416K,  99% used [0x00000000bccd0000, 0x00000000bfffffd8, 0x00000000c0000000)
  to   space 52416K,   0% used [0x00000000b99a0000, 0x00000000b99a0000, 0x00000000bccd0000)
 tenured generation   total 1048576K, used 1048575K [0x00000000c0000000, 0x0000000100000000, 0x0000000100000000)
   the space 1048576K,  99% used [0x00000000c0000000, 0x00000000ffffffd8, 0x0000000100000000, 0x0000000100000000)
 Metaspace       used 191196K, committed 193536K, reserved 688128K
  class space    used 26939K, committed 27968K, reserved 425984K
}
Event: 823.723 GC heap after
{Heap after GC invocations=189 (full 153):
 def new generation   total 471872K, used 59484K [0x00000000a0000000, 0x00000000c0000000, 0x00000000c0000000)
  eden space 419456K,  14% used [0x00000000a0000000, 0x00000000a3a17118, 0x00000000b99a0000)
  from space 52416K,   0% used [0x00000000bccd0000, 0x00000000bccd0000, 0x00000000c0000000)
  to   space 52416K,   0% used [0x00000000b99a0000, 0x00000000b99a0000, 0x00000000bccd0000)
 tenured generation   total 1048576K, used 1048575K [0x00000000c0000000, 0x0000000100000000, 0x0000000100000000)
   the space 1048576K,  99% used [0x00000000c0000000, 0x00000000ffffffd8, 0x0000000100000000, 0x0000000100000000)
 Metaspace       used 191196K, committed 193536K, reserved 688128K
  class space    used 26939K, committed 27968K, reserved 425984K
}
Event: 824.225 GC heap before
{Heap before GC invocations=189 (full 153):
 def new generation   total 471872K, used 471871K [0x00000000a0000000, 0x00000000c0000000, 0x00000000c0000000)
  eden space 419456K, 100% used [0x00000000a0000000, 0x00000000b99a0000, 0x00000000b99a0000)
  from space 52416K,  99% used [0x00000000bccd0000, 0x00000000bfffff68, 0x00000000c0000000)
  to   space 52416K,   0% used [0x00000000b99a0000, 0x00000000b99a0000, 0x00000000bccd0000)
 tenured generation   total 1048576K, used 1048575K [0x00000000c0000000, 0x0000000100000000, 0x0000000100000000)
   the space 1048576K,  99% used [0x00000000c0000000, 0x00000000ffffffd8, 0x0000000100000000, 0x0000000100000000)
 Metaspace       used 191197K, committed 193536K, reserved 688128K
  class space    used 26939K, committed 27968K, reserved 425984K
}
Event: 826.375 GC heap after
{Heap after GC invocations=190 (full 154):
 def new generation   total 471872K, used 60568K [0x00000000a0000000, 0x00000000c0000000, 0x00000000c0000000)
  eden space 419456K,  14% used [0x00000000a0000000, 0x00000000a3b26390, 0x00000000b99a0000)
  from space 52416K,   0% used [0x00000000bccd0000, 0x00000000bccd0000, 0x00000000c0000000)
  to   space 52416K,   0% used [0x00000000b99a0000, 0x00000000b99a0000, 0x00000000bccd0000)
 tenured generation   total 1048576K, used 1048575K [0x00000000c0000000, 0x0000000100000000, 0x0000000100000000)
   the space 1048576K,  99% used [0x00000000c0000000, 0x00000000ffffffd8, 0x0000000100000000, 0x0000000100000000)
 Metaspace       used 191197K, committed 193536K, reserved 688128K
  class space    used 26939K, committed 27968K, reserved 425984K
}
Event: 826.897 GC heap before
{Heap before GC invocations=190 (full 154):
 def new generation   total 471872K, used 471872K [0x00000000a0000000, 0x00000000c0000000, 0x00000000c0000000)
  eden space 419456K, 100% used [0x00000000a0000000, 0x00000000b99a0000, 0x00000000b99a0000)
  from space 52416K, 100% used [0x00000000bccd0000, 0x00000000c0000000, 0x00000000c0000000)
  to   space 52416K,   0% used [0x00000000b99a0000, 0x00000000b99a0000, 0x00000000bccd0000)
 tenured generation   total 1048576K, used 1048575K [0x00000000c0000000, 0x0000000100000000, 0x0000000100000000)
   the space 1048576K,  99% used [0x00000000c0000000, 0x00000000fffffff0, 0x0000000100000000, 0x0000000100000000)
 Metaspace       used 191202K, committed 193536K, reserved 688128K
  class space    used 26941K, committed 27968K, reserved 425984K
}
Event: 829.032 GC heap after
{Heap after GC invocations=191 (full 155):
 def new generation   total 471872K, used 62168K [0x00000000a0000000, 0x00000000c0000000, 0x00000000c0000000)
  eden space 419456K,  14% used [0x00000000a0000000, 0x00000000a3cb62a0, 0x00000000b99a0000)
  from space 52416K,   0% used [0x00000000bccd0000, 0x00000000bccd0000, 0x00000000c0000000)
  to   space 52416K,   0% used [0x00000000b99a0000, 0x00000000b99a0000, 0x00000000bccd0000)
 tenured generation   total 1048576K, used 1048575K [0x00000000c0000000, 0x0000000100000000, 0x0000000100000000)
   the space 1048576K,  99% used [0x00000000c0000000, 0x00000000fffffff0, 0x0000000100000000, 0x0000000100000000)
 Metaspace       used 191202K, committed 193536K, reserved 688128K
  class space    used 26941K, committed 27968K, reserved 425984K
}
Event: 829.527 GC heap before
{Heap before GC invocations=191 (full 155):
 def new generation   total 471872K, used 471871K [0x00000000a0000000, 0x00000000c0000000, 0x00000000c0000000)
  eden space 419456K, 100% used [0x00000000a0000000, 0x00000000b99a0000, 0x00000000b99a0000)
  from space 52416K,  99% used [0x00000000bccd0000, 0x00000000bffffff8, 0x00000000c0000000)
  to   space 52416K,   0% used [0x00000000b99a0000, 0x00000000b99a0000, 0x00000000bccd0000)
 tenured generation   total 1048576K, used 1048576K [0x00000000c0000000, 0x0000000100000000, 0x0000000100000000)
   the space 1048576K, 100% used [0x00000000c0000000, 0x0000000100000000, 0x0000000100000000, 0x0000000100000000)
 Metaspace       used 191207K, committed 193536K, reserved 688128K
  class space    used 26942K, committed 27968K, reserved 425984K
}
Event: 831.731 GC heap after
{Heap after GC invocations=192 (full 156):
 def new generation   total 471872K, used 59566K [0x00000000a0000000, 0x00000000c0000000, 0x00000000c0000000)
  eden space 419456K,  14% used [0x00000000a0000000, 0x00000000a3a2b850, 0x00000000b99a0000)
  from space 52416K,   0% used [0x00000000bccd0000, 0x00000000bccd0000, 0x00000000c0000000)
  to   space 52416K,   0% used [0x00000000b99a0000, 0x00000000b99a0000, 0x00000000bccd0000)
 tenured generation   total 1048576K, used 1048575K [0x00000000c0000000, 0x0000000100000000, 0x0000000100000000)
   the space 1048576K,  99% used [0x00000000c0000000, 0x00000000fffffff8, 0x0000000100000000, 0x0000000100000000)
 Metaspace       used 191207K, committed 193536K, reserved 688128K
  class space    used 26942K, committed 27968K, reserved 425984K
}
Event: 832.283 GC heap before
{Heap before GC invocations=192 (full 156):
 def new generation   total 471872K, used 471871K [0x00000000a0000000, 0x00000000c0000000, 0x00000000c0000000)
  eden space 419456K, 100% used [0x00000000a0000000, 0x00000000b99a0000, 0x00000000b99a0000)
  from space 52416K,  99% used [0x00000000bccd0000, 0x00000000bfffff58, 0x00000000c0000000)
  to   space 52416K,   0% used [0x00000000b99a0000, 0x00000000b99a0000, 0x00000000bccd0000)
 tenured generation   total 1048576K, used 1048575K [0x00000000c0000000, 0x0000000100000000, 0x0000000100000000)
   the space 1048576K,  99% used [0x00000000c0000000, 0x00000000fffffff8, 0x0000000100000000, 0x0000000100000000)
 Metaspace       used 191211K, committed 193536K, reserved 688128K
  class space    used 26943K, committed 27968K, reserved 425984K
}

Dll operation events (15 events):
Event: 0.013 Loaded shared library C:\Program Files\Eclipse Adoptium\jdk-17.0.17.10-hotspot\bin\java.dll
Event: 0.038 Loaded shared library C:\Program Files\Eclipse Adoptium\jdk-17.0.17.10-hotspot\bin\jsvml.dll
Event: 0.076 Loaded shared library C:\Program Files\Eclipse Adoptium\jdk-17.0.17.10-hotspot\bin\zip.dll
Event: 0.080 Loaded shared library C:\Program Files\Eclipse Adoptium\jdk-17.0.17.10-hotspot\bin\instrument.dll
Event: 0.084 Loaded shared library C:\Program Files\Eclipse Adoptium\jdk-17.0.17.10-hotspot\bin\net.dll
Event: 0.086 Loaded shared library C:\Program Files\Eclipse Adoptium\jdk-17.0.17.10-hotspot\bin\nio.dll
Event: 0.087 Loaded shared library C:\Program Files\Eclipse Adoptium\jdk-17.0.17.10-hotspot\bin\zip.dll
Event: 0.266 Loaded shared library C:\Program Files\Eclipse Adoptium\jdk-17.0.17.10-hotspot\bin\jimage.dll
Event: 0.379 Loaded shared library C:\Program Files\Eclipse Adoptium\jdk-17.0.17.10-hotspot\bin\verify.dll
Event: 0.472 Loaded shared library D:\gradle-home\native\1def1411415f61bf3af743bc5b6707747c0891f09f0c88961ee8f79bc544acac\windows-amd64\native-platform.dll
Event: 0.496 Loaded shared library D:\gradle-home\native\0.2.7\x86_64-windows-gnu\gradle-fileevents.dll
Event: 2.319 Loaded shared library C:\Program Files\Eclipse Adoptium\jdk-17.0.17.10-hotspot\bin\management.dll
Event: 2.321 Loaded shared library C:\Program Files\Eclipse Adoptium\jdk-17.0.17.10-hotspot\bin\management_ext.dll
Event: 2.750 Loaded shared library C:\Program Files\Eclipse Adoptium\jdk-17.0.17.10-hotspot\bin\extnet.dll
Event: 3.006 Loaded shared library C:\Program Files\Eclipse Adoptium\jdk-17.0.17.10-hotspot\bin\sunmscapi.dll

Deoptimization events (20 events):
Event: 831.745 Thread 0x00000241c0c5f570 Uncommon trap: trap_request=0xffffff45 fr.pc=0x000002418d0b09d8 relative=0x0000000000000b18
Event: 831.745 Thread 0x00000241c0c5f570 Uncommon trap: reason=unstable_if action=reinterpret pc=0x000002418d0b09d8 method=com.android.tools.r8.internal.T50.a(Lcom/android/tools/r8/internal/zK;I)Lcom/android/tools/r8/graph/M2; @ 29 c2
Event: 831.745 Thread 0x00000241c0c5f570 DEOPT PACKING pc=0x000002418d0b09d8 sp=0x000000777d5fef40
Event: 831.745 Thread 0x00000241c0c5f570 DEOPT UNPACKING pc=0x0000024188f266a3 sp=0x000000777d5fee60 mode 2
Event: 831.754 Thread 0x00000241b6226570 DEOPT PACKING pc=0x000002418eb5d1ff sp=0x000000777e5fe710
Event: 831.754 Thread 0x00000241b6226570 DEOPT UNPACKING pc=0x0000024188f26e43 sp=0x000000777e5fe110 mode 0
Event: 831.755 Thread 0x00000241c0c5ff90 Uncommon trap: trap_request=0xffffffc6 fr.pc=0x000002418d4f77d8 relative=0x0000000000002198
Event: 831.755 Thread 0x00000241c0c5ff90 Uncommon trap: reason=bimorphic_or_optimized_type_check action=maybe_recompile pc=0x000002418d4f77d8 method=com.android.tools.r8.internal.qR.b(Lcom/android/tools/r8/internal/sB;)Lcom/android/tools/r8/internal/De; @ 301 c2
Event: 831.755 Thread 0x00000241c0c5ff90 DEOPT PACKING pc=0x000002418d4f77d8 sp=0x000000777c6fecb0
Event: 831.755 Thread 0x00000241c0c5ff90 DEOPT UNPACKING pc=0x0000024188f266a3 sp=0x000000777c6fec70 mode 2
Event: 831.782 Thread 0x00000241c0c5ff90 Uncommon trap: trap_request=0x0000000b fr.pc=0x000002418f39f698 relative=0x0000000000004018
Event: 831.782 Thread 0x00000241c0c5ff90 Uncommon trap: reason=unloaded action=reinterpret pc=0x000002418f39f698 method=com.android.tools.r8.internal.wS.a(Lcom/android/tools/r8/internal/sB;Lcom/android/tools/r8/graph/K5;Lcom/android/tools/r8/internal/G10;Lcom/android/tools/r8/internal/Uz;Lcom/an
Event: 831.783 Thread 0x00000241c0c5ff90 DEOPT PACKING pc=0x000002418f39f698 sp=0x000000777c6feb10
Event: 831.783 Thread 0x00000241c0c5ff90 DEOPT UNPACKING pc=0x0000024188f266a3 sp=0x000000777c6feb28 mode 2
Event: 831.784 Thread 0x00000241b6229d20 DEOPT PACKING pc=0x000002418eb5cfe5 sp=0x000000777e4fe6f0
Event: 831.784 Thread 0x00000241b6229d20 DEOPT UNPACKING pc=0x0000024188f26e43 sp=0x000000777e4fe0f0 mode 0
Event: 831.802 Thread 0x00000241c0c5fa80 Uncommon trap: trap_request=0xffffffde fr.pc=0x000002418e9e5cd0 relative=0x0000000000003f50
Event: 831.802 Thread 0x00000241c0c5fa80 Uncommon trap: reason=class_check action=maybe_recompile pc=0x000002418e9e5cd0 method=com.android.tools.r8.internal.xB.a(Lcom/android/tools/r8/internal/sB;Lcom/android/tools/r8/internal/Z40;Lcom/android/tools/r8/internal/sX$a;Lcom/android/tools/r8/interna
Event: 831.802 Thread 0x00000241c0c5fa80 DEOPT PACKING pc=0x000002418e9e5cd0 sp=0x00000077786fef80
Event: 831.802 Thread 0x00000241c0c5fa80 DEOPT UNPACKING pc=0x0000024188f266a3 sp=0x00000077786fef70 mode 2

Classes loaded (20 events):
Event: 511.042 Loading class java/util/IdentityHashMap$IdentityHashMapSpliterator done
Event: 511.044 Loading class java/util/IdentityHashMap$EntrySpliterator done
Event: 511.050 Loading class java/util/stream/SortedOps$RefSortingSink
Event: 511.050 Loading class java/util/stream/SortedOps$RefSortingSink done
Event: 511.083 Loading class java/util/SortedSet$1
Event: 511.083 Loading class java/util/SortedSet$1 done
Event: 511.088 Loading class java/util/stream/SliceOps
Event: 511.089 Loading class java/util/stream/SliceOps done
Event: 511.089 Loading class java/util/stream/SliceOps$1
Event: 511.089 Loading class java/util/stream/SliceOps$1 done
Event: 511.092 Loading class java/util/stream/SliceOps$1$1
Event: 511.092 Loading class java/util/stream/SliceOps$1$1 done
Event: 511.175 Loading class java/util/IdentityHashMap$ValueSpliterator
Event: 511.175 Loading class java/util/IdentityHashMap$ValueSpliterator done
Event: 553.800 Loading class java/util/function/ObjIntConsumer
Event: 553.800 Loading class java/util/function/ObjIntConsumer done
Event: 636.984 Loading class java/util/IdentityHashMap$KeySpliterator
Event: 636.985 Loading class java/util/IdentityHashMap$KeySpliterator done
Event: 747.828 Loading class java/util/concurrent/ConcurrentHashMap$TableStack
Event: 747.828 Loading class java/util/concurrent/ConcurrentHashMap$TableStack done

Classes unloaded (20 events):
Event: 799.210 Thread 0x00000241ff7b1230 Unloading class 0x00000241937b2000 'jdk/internal/reflect/GeneratedSerializationConstructorAccessor13'
Event: 799.210 Thread 0x00000241ff7b1230 Unloading class 0x000002419303c400 'java/lang/invoke/LambdaForm$DMH+0x000002419303c400'
Event: 806.387 Thread 0x00000241ff7b1230 Unloading class 0x0000024194e10000 'java/lang/invoke/LambdaForm$DMH+0x0000024194e10000'
Event: 806.387 Thread 0x00000241ff7b1230 Unloading class 0x0000024194de4000 'java/lang/invoke/LambdaForm$DMH+0x0000024194de4000'
Event: 806.387 Thread 0x00000241ff7b1230 Unloading class 0x0000024194d58400 'jdk/internal/reflect/GeneratedMethodAccessor632'
Event: 806.387 Thread 0x00000241ff7b1230 Unloading class 0x0000024194d58000 'jdk/internal/reflect/GeneratedSerializationConstructorAccessor151'
Event: 806.387 Thread 0x00000241ff7b1230 Unloading class 0x0000024194d54c00 'jdk/internal/reflect/GeneratedSerializationConstructorAccessor150'
Event: 806.387 Thread 0x00000241ff7b1230 Unloading class 0x0000024194d48800 'jdk/internal/reflect/GeneratedMethodAccessor627'
Event: 806.387 Thread 0x00000241ff7b1230 Unloading class 0x0000024194439000 'jdk/internal/reflect/GeneratedMethodAccessor602'
Event: 806.387 Thread 0x00000241ff7b1230 Unloading class 0x0000024194420000 'jdk/internal/reflect/GeneratedMethodAccessor601'
Event: 806.387 Thread 0x00000241ff7b1230 Unloading class 0x00000241943b9400 'jdk/internal/reflect/GeneratedMethodAccessor557'
Event: 806.387 Thread 0x00000241ff7b1230 Unloading class 0x00000241943a5000 'jdk/internal/reflect/GeneratedMethodAccessor550'
Event: 806.387 Thread 0x00000241ff7b1230 Unloading class 0x0000024194398c00 'jdk/internal/reflect/GeneratedMethodAccessor505'
Event: 806.387 Thread 0x00000241ff7b1230 Unloading class 0x0000024194398400 'jdk/internal/reflect/GeneratedMethodAccessor503'
Event: 806.387 Thread 0x00000241ff7b1230 Unloading class 0x00000241940cac00 'jdk/internal/reflect/GeneratedMethodAccessor147'
Event: 806.387 Thread 0x00000241ff7b1230 Unloading class 0x00000241940ca800 'jdk/internal/reflect/GeneratedMethodAccessor146'
Event: 806.387 Thread 0x00000241ff7b1230 Unloading class 0x00000241940c9800 'jdk/internal/reflect/GeneratedSerializationConstructorAccessor90'
Event: 806.387 Thread 0x00000241ff7b1230 Unloading class 0x0000024193b54800 'jdk/internal/reflect/GeneratedSerializationConstructorAccessor59'
Event: 806.387 Thread 0x00000241ff7b1230 Unloading class 0x0000024193818400 'jdk/internal/reflect/GeneratedSerializationConstructorAccessor33'
Event: 806.387 Thread 0x00000241ff7b1230 Unloading class 0x00000241937b1000 'jdk/internal/reflect/GeneratedSerializationConstructorAccessor9'

Classes redefined (0 events):
No events

Internal exceptions (20 events):
Event: 784.974 Thread 0x00000241b6229d20 Exception <a 'java/lang/NoSuchMethodError'{0x00000000b0c8a840}: 'java.lang.Object java.lang.invoke.Invokers$Holder.linkToTargetMethod(int, java.lang.Object, java.lang.Object, java.lang.Object, java.lang.Object)'> (0x00000000b0c8a840) 
thrown [s\src\hotspot\share\interpreter\linkResolver.cpp, line 759]
Event: 784.974 Thread 0x00000241b6226570 Exception <a 'java/lang/NoSuchMethodError'{0x00000000b0ebeae8}: 'java.lang.Object java.lang.invoke.Invokers$Holder.linkToTargetMethod(int, java.lang.Object, java.lang.Object, java.lang.Object, java.lang.Object)'> (0x00000000b0ebeae8) 
thrown [s\src\hotspot\share\interpreter\linkResolver.cpp, line 759]
Event: 787.870 Thread 0x00000241be0c5080 Implicit null exception at 0x000002418ca9b084 to 0x000002418ca9b8c4
Event: 791.356 Thread 0x00000241c0c609b0 Implicit null exception at 0x000002418cb68900 to 0x000002418cb6b16c
Event: 791.356 Thread 0x00000241be0c64c0 Implicit null exception at 0x000002418cb68900 to 0x000002418cb6b16c
Event: 791.356 Thread 0x00000241be0c7900 Implicit null exception at 0x000002418cb68900 to 0x000002418cb6b16c
Event: 791.356 Thread 0x00000241c0c5ff90 Implicit null exception at 0x000002418cb68900 to 0x000002418cb6b16c
Event: 794.183 Thread 0x00000241be0c5080 Exception <a 'java/lang/NoSuchMethodError'{0x00000000a8b4d3f0}: 'java.lang.Object java.lang.invoke.DirectMethodHandle$Holder.newInvokeSpecial(java.lang.Object, java.lang.Object, java.lang.Object, java.lang.Object, java.lang.Object, java.lang.Object, java.lang.Object, int, java.lang.Object, java.lang.Object)'> (0x00000000a8b4d3f0) 
thrown [s\src\hotspot\share\interpreter\linkResolver.cpp, line 759]
Event: 794.184 Thread 0x00000241be0c5080 Exception <a 'java/lang/NoSuchMethodError'{0x00000000a8b56aa0}: 'java.lang.Object java.lang.invoke.Invokers$Holder.linkToTargetMethod(java.lang.Object, java.lang.Object, java.lang.Object, java.lang.Object, java.lang.Object, java.lang.Object, int, java.lang.Object, java.lang.Object, java.lang.Object)'> (0x00000000a8b56aa0) 
thrown [s\src\hotspot\share\interpreter\linkResolver.cpp, line 759]
Event: 794.393 Thread 0x00000241be0c7900 Implicit null exception at 0x000002418c3754b3 to 0x000002418c3757e4
Event: 794.394 Thread 0x00000241be0c7900 Implicit null exception at 0x000002418bf90372 to 0x000002418bf907f4
Event: 794.395 Thread 0x00000241be0c64c0 Implicit null exception at 0x000002418b3dbccf to 0x000002418b3dbe2c
Event: 797.009 Thread 0x00000241be0c5080 Exception <a 'java/lang/NoSuchMethodError'{0x00000000ab42c870}: 'java.lang.Object java.lang.invoke.DirectMethodHandle$Holder.invokeStaticInit(java.lang.Object, java.lang.Object, java.lang.Object, java.lang.Object, java.lang.Object)'> (0x00000000ab42c870) 
thrown [s\src\hotspot\share\interpreter\linkResolver.cpp, line 759]
Event: 797.615 Thread 0x00000241b5a5de30 Exception <a 'java/lang/NoSuchMethodError'{0x00000000bdef1f50}: 'java.lang.Object java.lang.invoke.DirectMethodHandle$Holder.invokeVirtual(java.lang.Object, java.lang.Object, int, java.lang.Object)'> (0x00000000bdef1f50) 
thrown [s\src\hotspot\share\interpreter\linkResolver.cpp, line 759]
Event: 804.671 Thread 0x00000241be0c9250 Implicit null exception at 0x000002418e5af2a4 to 0x000002418e5b035c
Event: 804.671 Thread 0x00000241c0c5f570 Implicit null exception at 0x000002418e5af2a4 to 0x000002418e5b035c
Event: 804.671 Thread 0x00000241c0c5ff90 Implicit null exception at 0x000002418e5af2a4 to 0x000002418e5b035c
Event: 807.388 Thread 0x00000241b5a5de30 Implicit null exception at 0x000002418effef99 to 0x000002418f002434
Event: 812.997 Thread 0x00000241be0c7900 Exception <a 'java/lang/IncompatibleClassChangeError'{0x00000000ab1fdac0}: Found class java.lang.Object, but interface was expected> (0x00000000ab1fdac0) 
thrown [s\src\hotspot\share\interpreter\linkResolver.cpp, line 826]
Event: 812.997 Thread 0x00000241be0c9250 Implicit null exception at 0x000002418ebde945 to 0x000002418ebdf184

VM Operations (20 events):
Event: 818.350 Executing VM operation: GenCollectForAllocation done
Event: 818.857 Executing VM operation: GenCollectForAllocation
Event: 821.064 Executing VM operation: GenCollectForAllocation done
Event: 821.539 Executing VM operation: HandshakeAllThreads
Event: 821.555 Executing VM operation: HandshakeAllThreads done
Event: 821.569 Executing VM operation: GenCollectForAllocation
Event: 823.723 Executing VM operation: GenCollectForAllocation done
Event: 823.803 Executing VM operation: HandshakeAllThreads
Event: 823.813 Executing VM operation: HandshakeAllThreads done
Event: 823.892 Executing VM operation: HandshakeAllThreads
Event: 823.892 Executing VM operation: HandshakeAllThreads done
Event: 824.193 Executing VM operation: GenCollectForAllocation
Event: 826.375 Executing VM operation: GenCollectForAllocation done
Event: 826.896 Executing VM operation: GenCollectForAllocation
Event: 829.032 Executing VM operation: GenCollectForAllocation done
Event: 829.476 Executing VM operation: HandshakeAllThreads
Event: 829.527 Executing VM operation: HandshakeAllThreads done
Event: 829.527 Executing VM operation: GenCollectForAllocation
Event: 831.731 Executing VM operation: GenCollectForAllocation done
Event: 832.283 Executing VM operation: GenCollectForAllocation

Memory protections (0 events):
No events

Nmethod flushes (20 events):
Event: 823.937 Thread 0x00000241911f5580 flushing  nmethod 0x000002418e1cf690
Event: 823.938 Thread 0x00000241911f5580 flushing  nmethod 0x000002418e47a990
Event: 823.938 Thread 0x00000241911f5580 flushing  nmethod 0x000002418e51da90
Event: 823.938 Thread 0x00000241911f5580 flushing  nmethod 0x000002418e5d6a90
Event: 823.939 Thread 0x00000241911f5580 flushing  nmethod 0x000002418e71e490
Event: 823.939 Thread 0x00000241911f5580 flushing  nmethod 0x000002418e7a6710
Event: 823.940 Thread 0x00000241911f5580 flushing  nmethod 0x000002418e846b90
Event: 823.940 Thread 0x00000241911f5580 flushing  nmethod 0x000002418e848610
Event: 823.940 Thread 0x00000241911f5580 flushing  nmethod 0x000002418e8db910
Event: 823.941 Thread 0x00000241911f5580 flushing  nmethod 0x000002418ec64390
Event: 823.942 Thread 0x00000241911f5580 flushing  nmethod 0x000002418ed3f090
Event: 823.942 Thread 0x00000241911f5580 flushing  nmethod 0x000002418ed6c890
Event: 823.942 Thread 0x00000241911f5580 flushing  nmethod 0x000002418ee8f990
Event: 823.943 Thread 0x00000241911f5580 flushing  nmethod 0x000002418f038090
Event: 823.943 Thread 0x00000241911f5580 flushing  nmethod 0x000002418f32e710
Event: 823.944 Thread 0x00000241911f5580 flushing  nmethod 0x000002418f37cd90
Event: 831.772 Thread 0x00000241911f5580 flushing  nmethod 0x000002418ca9c810
Event: 831.783 Thread 0x00000241911f5580 flushing  nmethod 0x000002418dd45890
Event: 831.787 Thread 0x00000241911f5580 flushing  nmethod 0x000002418e4ff590
Event: 831.794 Thread 0x00000241911f5580 flushing  nmethod 0x000002418ee98190

Events (20 events):
Event: 781.109 Thread 0x00000241911f5060 Thread added: 0x00000241c228f2b0
Event: 781.109 Thread 0x00000241911f5060 Thread added: 0x00000241c228f800
Event: 788.762 Thread 0x00000241c228f800 Thread exited: 0x00000241c228f800
Event: 788.767 Thread 0x00000241c228f2b0 Thread exited: 0x00000241c228f2b0
Event: 791.129 Thread 0x00000241911f5060 Thread added: 0x00000241bffb6330
Event: 791.131 Thread 0x00000241911f5060 Thread added: 0x00000241c186a930
Event: 791.911 Thread 0x00000241c186a930 Thread exited: 0x00000241c186a930
Event: 794.083 Thread 0x00000241bffb6330 Thread exited: 0x00000241bffb6330
Event: 794.099 Thread 0x00000241ff7ebb00 Thread added: 0x00000241c0842940
Event: 794.285 Thread 0x00000241911f5060 Thread added: 0x00000241c003b4e0
Event: 800.895 Thread 0x00000241c003b4e0 Thread exited: 0x00000241c003b4e0
Event: 800.896 Thread 0x00000241c0842940 Thread exited: 0x00000241c0842940
Event: 803.891 Thread 0x00000241911f5060 Thread added: 0x00000241c003da10
Event: 803.891 Thread 0x00000241911f5060 Thread added: 0x00000241c003d4c0
Event: 804.654 Thread 0x00000241c003d4c0 Thread exited: 0x00000241c003d4c0
Event: 804.654 Thread 0x00000241c003da10 Thread exited: 0x00000241c003da10
Event: 804.688 Thread 0x00000241911f5060 Thread added: 0x00000241c003ea00
Event: 804.688 Thread 0x00000241911f5060 Thread added: 0x00000241c003e4b0
Event: 831.735 Thread 0x00000241c003e4b0 Thread exited: 0x00000241c003e4b0
Event: 831.794 Thread 0x00000241ff7ebb00 Thread added: 0x00000241c0842e90


Dynamic libraries:
0x00007ff6a75b0000 - 0x00007ff6a75be000 	C:\Program Files\Eclipse Adoptium\jdk-17.0.17.10-hotspot\bin\java.exe
0x00007ffa14f80000 - 0x00007ffa151e8000 	C:\WINDOWS\SYSTEM32\ntdll.dll
0x00007ffa13340000 - 0x00007ffa13409000 	C:\WINDOWS\System32\KERNEL32.DLL
0x00007ffa12540000 - 0x00007ffa12931000 	C:\WINDOWS\System32\KERNELBASE.dll
0x00007ffa12360000 - 0x00007ffa124ab000 	C:\WINDOWS\System32\ucrtbase.dll
0x00007ff9e4860000 - 0x00007ff9e4878000 	C:\Program Files\Eclipse Adoptium\jdk-17.0.17.10-hotspot\bin\jli.dll
0x00007ff9e4800000 - 0x00007ff9e481e000 	C:\Program Files\Eclipse Adoptium\jdk-17.0.17.10-hotspot\bin\VCRUNTIME140.dll
0x00007ffa13e70000 - 0x00007ffa14036000 	C:\WINDOWS\System32\USER32.dll
0x00007ffa12940000 - 0x00007ffa12967000 	C:\WINDOWS\System32\win32u.dll
0x00007ffa13d90000 - 0x00007ffa13dbb000 	C:\WINDOWS\System32\GDI32.dll
0x00007ff9f9190000 - 0x00007ff9f9423000 	C:\WINDOWS\WinSxS\amd64_microsoft.windows.common-controls_6595b64144ccf1df_6.0.26100.7824_none_3e0870b2e3345462\COMCTL32.dll
0x00007ffa119c0000 - 0x00007ffa11aeb000 	C:\WINDOWS\System32\gdi32full.dll
0x00007ffa13090000 - 0x00007ffa13139000 	C:\WINDOWS\System32\msvcrt.dll
0x00007ffa11860000 - 0x00007ffa11903000 	C:\WINDOWS\System32\msvcp_win.dll
0x00007ffa12f00000 - 0x00007ffa12f31000 	C:\WINDOWS\System32\IMM32.DLL
0x00007ff9f5f00000 - 0x00007ff9f5f0c000 	C:\Program Files\Eclipse Adoptium\jdk-17.0.17.10-hotspot\bin\vcruntime140_1.dll
0x00007ff975a90000 - 0x00007ff975b1d000 	C:\Program Files\Eclipse Adoptium\jdk-17.0.17.10-hotspot\bin\msvcp140.dll
0x00007ffff3660000 - 0x00007ffff42cb000 	C:\Program Files\Eclipse Adoptium\jdk-17.0.17.10-hotspot\bin\server\jvm.dll
0x00007ffa12f40000 - 0x00007ffa12ff4000 	C:\WINDOWS\System32\ADVAPI32.dll
0x00007ffa13dc0000 - 0x00007ffa13e66000 	C:\WINDOWS\System32\sechost.dll
0x00007ffa14cd0000 - 0x00007ffa14de8000 	C:\WINDOWS\System32\RPCRT4.dll
0x00007ffa14df0000 - 0x00007ffa14e64000 	C:\WINDOWS\System32\WS2_32.dll
0x00007ffa0acc0000 - 0x00007ffa0accb000 	C:\WINDOWS\SYSTEM32\VERSION.dll
0x00007ffa11610000 - 0x00007ffa1166e000 	C:\WINDOWS\SYSTEM32\POWRPROF.dll
0x00007ffa04af0000 - 0x00007ffa04b25000 	C:\WINDOWS\SYSTEM32\WINMM.dll
0x00007ffa114f0000 - 0x00007ffa11504000 	C:\WINDOWS\SYSTEM32\UMPDC.dll
0x00007ffa105d0000 - 0x00007ffa105eb000 	C:\WINDOWS\SYSTEM32\kernel.appcore.dll
0x00007ff9f5e80000 - 0x00007ff9f5e8a000 	C:\Program Files\Eclipse Adoptium\jdk-17.0.17.10-hotspot\bin\jimage.dll
0x00007ff9fb630000 - 0x00007ff9fb872000 	C:\WINDOWS\SYSTEM32\DBGHELP.DLL
0x00007ffa14140000 - 0x00007ffa144c6000 	C:\WINDOWS\System32\combase.dll
0x00007ffa12d20000 - 0x00007ffa12df7000 	C:\WINDOWS\System32\OLEAUT32.dll
0x00007ff9e4350000 - 0x00007ff9e438b000 	C:\WINDOWS\SYSTEM32\dbgcore.DLL
0x00007ffa11910000 - 0x00007ffa119b5000 	C:\WINDOWS\System32\bcryptPrimitives.dll
0x00007ff9ca0c0000 - 0x00007ff9ca0ce000 	C:\Program Files\Eclipse Adoptium\jdk-17.0.17.10-hotspot\bin\instrument.dll
0x00007ff9e47d0000 - 0x00007ff9e47f5000 	C:\Program Files\Eclipse Adoptium\jdk-17.0.17.10-hotspot\bin\java.dll
0x00007ff96f2b0000 - 0x00007ff96f387000 	C:\Program Files\Eclipse Adoptium\jdk-17.0.17.10-hotspot\bin\jsvml.dll
0x00007ffa14550000 - 0x00007ffa14ca2000 	C:\WINDOWS\System32\SHELL32.dll
0x00007ffa12bb0000 - 0x00007ffa12d1a000 	C:\WINDOWS\System32\wintypes.dll
0x00007ffa11af0000 - 0x00007ffa12353000 	C:\WINDOWS\System32\windows.storage.dll
0x00007ffa12e00000 - 0x00007ffa12ef6000 	C:\WINDOWS\System32\SHCORE.dll
0x00007ffa140d0000 - 0x00007ffa14137000 	C:\WINDOWS\System32\shlwapi.dll
0x00007ffa11780000 - 0x00007ffa117a9000 	C:\WINDOWS\SYSTEM32\profapi.dll
0x00007ff9ad950000 - 0x00007ff9ad968000 	C:\Program Files\Eclipse Adoptium\jdk-17.0.17.10-hotspot\bin\zip.dll
0x00007ff9e3660000 - 0x00007ff9e367a000 	C:\Program Files\Eclipse Adoptium\jdk-17.0.17.10-hotspot\bin\net.dll
0x00007ffa0a880000 - 0x00007ffa0a9a7000 	C:\WINDOWS\SYSTEM32\WINHTTP.dll
0x00007ffa10b50000 - 0x00007ffa10bbb000 	C:\WINDOWS\system32\mswsock.dll
0x00007ff9adc00000 - 0x00007ff9adc16000 	C:\Program Files\Eclipse Adoptium\jdk-17.0.17.10-hotspot\bin\nio.dll
0x00007ffa0d070000 - 0x00007ffa0d080000 	C:\Program Files\Eclipse Adoptium\jdk-17.0.17.10-hotspot\bin\verify.dll
0x00007ff977e30000 - 0x00007ff977e57000 	D:\gradle-home\native\1def1411415f61bf3af743bc5b6707747c0891f09f0c88961ee8f79bc544acac\windows-amd64\native-platform.dll
0x00007ff977db0000 - 0x00007ff977e28000 	D:\gradle-home\native\0.2.7\x86_64-windows-gnu\gradle-fileevents.dll
0x00007ff9e4850000 - 0x00007ff9e485a000 	C:\Program Files\Eclipse Adoptium\jdk-17.0.17.10-hotspot\bin\management.dll
0x00007ff9e47c0000 - 0x00007ff9e47cc000 	C:\Program Files\Eclipse Adoptium\jdk-17.0.17.10-hotspot\bin\management_ext.dll
0x00007ffa131a0000 - 0x00007ffa131a8000 	C:\WINDOWS\System32\PSAPI.DLL
0x00007ffa0ffc0000 - 0x00007ffa0fff4000 	C:\WINDOWS\SYSTEM32\IPHLPAPI.DLL
0x00007ffa14e70000 - 0x00007ffa14e7a000 	C:\WINDOWS\System32\NSI.dll
0x00007ffa0a4d0000 - 0x00007ffa0a4ee000 	C:\WINDOWS\SYSTEM32\dhcpcsvc6.DLL
0x00007ffa0a4a0000 - 0x00007ffa0a4c3000 	C:\WINDOWS\SYSTEM32\dhcpcsvc.DLL
0x00007ffa10050000 - 0x00007ffa1017c000 	C:\WINDOWS\SYSTEM32\DNSAPI.dll
0x00007ff9c5230000 - 0x00007ff9c5239000 	C:\Program Files\Eclipse Adoptium\jdk-17.0.17.10-hotspot\bin\extnet.dll
0x00007ffa10e40000 - 0x00007ffa10e5b000 	C:\WINDOWS\SYSTEM32\CRYPTSP.dll
0x00007ffa10530000 - 0x00007ffa10569000 	C:\WINDOWS\system32\rsaenh.dll
0x00007ffa10c00000 - 0x00007ffa10c2b000 	C:\WINDOWS\SYSTEM32\USERENV.dll
0x00007ffa11750000 - 0x00007ffa1177a000 	C:\WINDOWS\SYSTEM32\bcrypt.dll
0x00007ffa10e60000 - 0x00007ffa10e6c000 	C:\WINDOWS\SYSTEM32\CRYPTBASE.dll
0x00007ff9c9c80000 - 0x00007ff9c9c8e000 	C:\Program Files\Eclipse Adoptium\jdk-17.0.17.10-hotspot\bin\sunmscapi.dll
0x00007ffa12a30000 - 0x00007ffa12ba7000 	C:\WINDOWS\System32\CRYPT32.dll
0x00007ffa11060000 - 0x00007ffa11090000 	C:\WINDOWS\SYSTEM32\ncrypt.dll
0x00007ffa11010000 - 0x00007ffa1104f000 	C:\WINDOWS\SYSTEM32\NTASN1.dll
0x00007ff9734c0000 - 0x00007ff9734c8000 	C:\WINDOWS\system32\wshunix.dll
0x00007ffa106f0000 - 0x00007ffa10726000 	C:\WINDOWS\SYSTEM32\ntmarta.dll

dbghelp: loaded successfully - version: 4.0.5 - missing functions: none
symbol engine: initialized successfully - sym options: 0x614 - pdb path: .;C:\Program Files\Eclipse Adoptium\jdk-17.0.17.10-hotspot\bin;C:\WINDOWS\SYSTEM32;C:\WINDOWS\WinSxS\amd64_microsoft.windows.common-controls_6595b64144ccf1df_6.0.26100.7824_none_3e0870b2e3345462;C:\Program Files\Eclipse Adoptium\jdk-17.0.17.10-hotspot\bin\server;D:\gradle-home\native\1def1411415f61bf3af743bc5b6707747c0891f09f0c88961ee8f79bc544acac\windows-amd64;D:\gradle-home\native\0.2.7\x86_64-windows-gnu

VM Arguments:
jvm_args: --add-opens=java.base/java.lang=ALL-UNNAMED --add-opens=java.base/java.lang.invoke=ALL-UNNAMED --add-opens=java.base/java.util=ALL-UNNAMED --add-opens=java.prefs/java.util.prefs=ALL-UNNAMED --add-exports=jdk.compiler/com.sun.tools.javac.api=ALL-UNNAMED --add-exports=jdk.compiler/com.sun.tools.javac.util=ALL-UNNAMED --add-opens=java.base/java.util=ALL-UNNAMED --add-opens=java.prefs/java.util.prefs=ALL-UNNAMED --add-opens=java.base/java.nio.charset=ALL-UNNAMED --add-opens=java.base/java.net=ALL-UNNAMED --add-opens=java.base/java.util.concurrent.atomic=ALL-UNNAMED --add-opens=java.xml/javax.xml.namespace=ALL-UNNAMED -XX:MaxMetaspaceSize=512m -XX:ReservedCodeCacheSize=128m -XX:+UseSerialGC -Xmx1536m -Dfile.encoding=UTF-8 -Duser.country=KR -Duser.language=ko -Duser.variant -javaagent:D:\gradle-home\wrapper\dists\gradle-8.14.3-bin\cv11ve7ro1n3o1j4so8xd9n66\gradle-8.14.3\lib\agents\gradle-instrumentation-agent-8.14.3.jar 
java_command: org.gradle.launcher.daemon.bootstrap.GradleDaemon 8.14.3
java_class_path (initial): D:\gradle-home\wrapper\dists\gradle-8.14.3-bin\cv11ve7ro1n3o1j4so8xd9n66\gradle-8.14.3\lib\gradle-daemon-main-8.14.3.jar
Launcher Type: SUN_STANDARD

[Global flags]
     intx CICompilerCount                          = 4                                         {product} {ergonomic}
   size_t CompressedClassSpaceSize                 = 436207616                                 {product} {ergonomic}
   size_t InitialHeapSize                          = 1071644672                                {product} {ergonomic}
   size_t MaxHeapSize                              = 1610612736                                {product} {command line}
   size_t MaxMetaspaceSize                         = 536870912                                 {product} {command line}
   size_t MaxNewSize                               = 536870912                                 {product} {ergonomic}
   size_t MinHeapDeltaBytes                        = 196608                                    {product} {ergonomic}
   size_t MinHeapSize                              = 8388608                                   {product} {ergonomic}
   size_t NewSize                                  = 357171200                                 {product} {ergonomic}
    uintx NonProfiledCodeHeapSize                  = 0                                      {pd product} {ergonomic}
   size_t OldSize                                  = 714473472                                 {product} {ergonomic}
    uintx ProfiledCodeHeapSize                     = 0                                      {pd product} {ergonomic}
    uintx ReservedCodeCacheSize                    = 134217728                              {pd product} {command line}
   size_t SoftMaxHeapSize                          = 1610612736                             {manageable} {ergonomic}
     bool UseCompressedClassPointers               = true                           {product lp64_product} {ergonomic}
     bool UseCompressedOops                        = true                           {product lp64_product} {ergonomic}
     bool UseLargePagesIndividualAllocation        = false                                  {pd product} {ergonomic}
     bool UseSerialGC                              = true                                      {product} {command line}

Logging:
Log output configuration:
 #0: stdout all=warning uptime,level,tags
 #1: stderr all=off uptime,level,tags

Environment Variables:
JAVA_HOME=C:\Program Files\Eclipse Adoptium\jdk-17.0.17.10-hotspot
PATH=C:\Program Files\Eclipse Adoptium\jdk-17.0.17.10-hotspot\bin;f:\Programs\cursor\resources\app\bin;C:\Program Files (x86)\Common Files\Intel\Shared Libraries\redist\intel64\compiler;C:\WINDOWS\system32;C:\WINDOWS;C:\WINDOWS\System32\Wbem;C:\WINDOWS\System32\WindowsPowerShell\v1.0\;C:\WINDOWS\System32\OpenSSH\;C:\Program Files\Wondershare\Wondershare DemoCreator (Korean);D:\Vroom Talk\flutter\bin;D:\Vroom Talk\Android Studio\bin;C:\Program Files (x86)\ePapyrus\Papyrus-PlugIn-xfa;C:\Program Files (x86)\ePapyrus\Papyrus-PlugIn-xfa\Addins;C:\Program Files\NVIDIA Corporation\NVIDIA app\NvDLISR;C:\Program Files (x86)\NVIDIA Corporation\PhysX\Common;C:\Program Files\Microsoft SQL Server\150\Tools\Binn\;C:\Program Files\Microsoft SQL Server\Client SDK\ODBC\170\Tools\Binn\;C:\Program Files\dotnet\;F:\Windows Kits\10\Windows Performance Toolkit\;C:\ProgramData\chocolatey\bin;C:\Users\jch43\.dotnet\tools;C:\Users\jch43\AppData\Roaming\npm;f:\Prog;F:\Program Files\Git\cmd;C:\Program Files (x86)\Google\Cloud SDK\google-cloud-sdk\bin;C:\Program Files\cursor\resources\app\bin;C:\Users\jch43\AppData\Local\nvm;C:\nvm4w\nodejs;C:\Program Files\nodejs\;C:\Users\jch43\AppData\Local\Programs\Python\Python310\Scripts\;C:\Users\jch43\AppData\Local\Programs\Python\Python310\;f:\Programs\cursor\resources\app\bin;C:\Program Files (x86)\Common Files\Intel\Shared Libraries\redist\intel64\compiler;C:\WINDOWS\system32;C:\WINDOWS;C:\WINDOWS\System32\Wbem;C:\WINDOWS\System32\WindowsPowerShell\v1.0\;C:\WINDOWS\System32\OpenSSH\;C:\Program Files\Wondershare\Wondershare DemoCreator (Korean);D:\Vroom Talk\flutter\bin;D:\Vroom Talk\Android Studio\bin;C:\Program Files (x86)\ePapyrus\Papyrus-PlugIn-xfa;C:\Program Files (x86)\ePapyrus\Papyrus-PlugIn-xfa\Addins;C:\Program Files\NVIDIA Corporation\NVIDIA app\NvDLISR;C:\Program Files (x86)\NVIDIA Corporation\PhysX\Common;C:\Program Files\Microsoft SQL Server\150\Tools\Binn\;C:\Program Files\Microsoft SQL Server\Client SDK\ODBC\170\Tools\Binn\;C:\Program Files\dotnet\;F:\Windows Kits\10\Windows Performance Toolkit\;C:\ProgramData\chocolatey\bin;C:\Users\jch43\.dotnet\tools;C:\Users\jch43\AppData\Roaming\npm;f:\Prog;F:\Program Files\Git\cmd;C:\Program Files (x86)\G;
USERNAME=jch43
TMPDIR=C:\Users\Public\Documents\ESTsoft\CreatorTemp
OS=Windows_NT
PROCESSOR_IDENTIFIER=Intel64 Family 6 Model 165 Stepping 3, GenuineIntel
TMP=D:\temp
TEMP=D:\temp



Periodic native trim disabled


---------------  S Y S T E M  ---------------

OS:
 Windows 11 , 64 bit Build 26100 (10.0.26100.7705)
OS uptime: 20 days 23:29 hours
Hyper-V role detected

CPU: total 12 (initial active 12) (6 cores per cpu, 2 threads per core) family 6 model 165 stepping 3 microcode 0xe0, cx8, cmov, fxsr, ht, mmx, 3dnowpref, sse, sse2, sse3, ssse3, sse4.1, sse4.2, popcnt, lzcnt, tsc, tscinvbit, avx, avx2, aes, erms, clmul, bmi1, bmi2, adx, fma, vzeroupper, clflush, clflushopt, hv
Processor Information for all 12 processors :
  Max Mhz: 2904, Current Mhz: 2904, Mhz Limit: 2904

Memory: 4k page, system-wide physical 65404M (33831M free)
TotalPageFile size 262012M (AvailPageFile size 9M)
current process WorkingSet (physical memory assigned to process): 2109M, peak: 2124M
current process commit charge ("private bytes"): 2104M, peak: 2116M

vm_info: OpenJDK 64-Bit Server VM (17.0.17+10) for windows-amd64 JRE (17.0.17+10), built on Oct 21 2025 23:25:32 by "admin" with unknown MS VC++:1942

END.
