#
# There is insufficient memory for the Java Runtime Environment to continue.
# Native memory allocation (malloc) failed to allocate 1873184 bytes. Error detail: Chunk::new
# Possible reasons:
#   The system is out of physical RAM or swap space
#   This process is running with CompressedOops enabled, and the Java Heap may be blocking the growth of the native heap
# Possible solutions:
#   Reduce memory load on the system
#   Increase physical memory or swap space
#   Check if swap backing store is full
#   Decrease Java heap size (-Xmx/-Xms)
#   Decrease number of Java threads
#   Decrease Java thread stack sizes (-Xss)
#   Set larger code cache with -XX:ReservedCodeCacheSize=
#   JVM is running with Unscaled Compressed Oops mode in which the Java heap is
#     placed in the first 4GB address space. The Java Heap base address is the
#     maximum limit for the native heap growth. Please use -XX:HeapBaseMinAddress
#     to set the Java Heap base and to place the Java Heap above 4GB virtual address.
# This output file may be truncated or incomplete.
#
#  Out of Memory Error (arena.cpp:191), pid=20644, tid=52720
#
# JRE version: OpenJDK Runtime Environment Temurin-17.0.17+10 (17.0.17+10) (build 17.0.17+10)
# Java VM: OpenJDK 64-Bit Server VM Temurin-17.0.17+10 (17.0.17+10, mixed mode, sharing, tiered, compressed oops, compressed class ptrs, serial gc, windows-amd64)
# No core dump will be written. Minidumps are not enabled by default on client versions of Windows
#

---------------  S U M M A R Y ------------

Command Line: --add-opens=java.base/java.lang=ALL-UNNAMED --add-opens=java.base/java.lang.invoke=ALL-UNNAMED --add-opens=java.base/java.util=ALL-UNNAMED --add-opens=java.prefs/java.util.prefs=ALL-UNNAMED --add-exports=jdk.compiler/com.sun.tools.javac.api=ALL-UNNAMED --add-exports=jdk.compiler/com.sun.tools.javac.util=ALL-UNNAMED --add-opens=java.base/java.util=ALL-UNNAMED --add-opens=java.prefs/java.util.prefs=ALL-UNNAMED --add-opens=java.base/java.nio.charset=ALL-UNNAMED --add-opens=java.base/java.net=ALL-UNNAMED --add-opens=java.base/java.util.concurrent.atomic=ALL-UNNAMED --add-opens=java.xml/javax.xml.namespace=ALL-UNNAMED -XX:MaxMetaspaceSize=512m -XX:ReservedCodeCacheSize=128m -XX:+UseSerialGC -Xmx1536m -Dfile.encoding=UTF-8 -Duser.country=KR -Duser.language=ko -Duser.variant -javaagent:D:\gradle-home\wrapper\dists\gradle-8.14.3-bin\cv11ve7ro1n3o1j4so8xd9n66\gradle-8.14.3\lib\agents\gradle-instrumentation-agent-8.14.3.jar org.gradle.launcher.daemon.bootstrap.GradleDaemon 8.14.3

Host: Intel(R) Core(TM) i5-10400F CPU @ 2.90GHz, 12 cores, 63G,  Windows 11 , 64 bit Build 26100 (10.0.26100.7705)
Time: Wed Mar 11 18:02:26 2026  Windows 11 , 64 bit Build 26100 (10.0.26100.7705) elapsed time: 33.099505 seconds (0d 0h 0m 33s)

---------------  T H R E A D  ---------------

Current thread (0x000002353c880700):  JavaThread "C2 CompilerThread2" daemon [_thread_in_native, id=52720, stack(0x00000068d0b00000,0x00000068d0c00000)]


Current CompileTask:
C2:33099 20626       4       groovy.lang.MetaClassImpl::populateMethods (401 bytes)

Stack: [0x00000068d0b00000,0x00000068d0c00000]
Native frames: (J=compiled Java code, j=interpreted, Vv=VM code, C=native code)
V  [jvm.dll+0x683fb9]
V  [jvm.dll+0x83a1b5]
V  [jvm.dll+0x83bc2e]
V  [jvm.dll+0x83c2b3]
V  [jvm.dll+0x248eff]
V  [jvm.dll+0xad496]
V  [jvm.dll+0xadb3c]
V  [jvm.dll+0x368a3e]
V  [jvm.dll+0x332fa5]
V  [jvm.dll+0x33240a]
V  [jvm.dll+0x219db9]
V  [jvm.dll+0x219200]
V  [jvm.dll+0x1a4920]
V  [jvm.dll+0x22989a]
V  [jvm.dll+0x227a4b]
V  [jvm.dll+0x7effb8]
V  [jvm.dll+0x7ea44c]
V  [jvm.dll+0x682e87]
C  [ucrtbase.dll+0x37b0]
C  [KERNEL32.DLL+0x2e8d7]
C  [ntdll.dll+0x8c40c]


---------------  P R O C E S S  ---------------

Threads class SMR info:
_java_thread_list=0x00000235366edc10, length=84, elements={
0x000002357742f620, 0x00000235774aac70, 0x00000235774ac6d0, 0x00000235774c6340,
0x00000235774c6fd0, 0x00000235774cb790, 0x00000235774cf480, 0x00000235774d1390,
0x00000235774d5830, 0x00000235774d9460, 0x000002350fc91cb0, 0x000002352f0f9bb0,
0x0000023530ab8740, 0x000002352f16ccf0, 0x000002353062b1e0, 0x0000023530ddf0e0,
0x0000023531038060, 0x0000023530db1070, 0x0000023530db4310, 0x0000023530db1580,
0x0000023530db3e00, 0x0000023530db4820, 0x0000023530db33e0, 0x0000023530db1a90,
0x0000023530db1fa0, 0x0000023530db29c0, 0x0000023530db2ed0, 0x0000023532390f90,
0x0000023532390a80, 0x0000023532390060, 0x000002353238d7e0, 0x000002353238f130,
0x00000235323914a0, 0x000002353238fb50, 0x00000235323919b0, 0x000002353238e200,
0x0000023532391ec0, 0x00000235323923d0, 0x000002353238ec20, 0x00000235323928e0,
0x0000023532392df0, 0x0000023532393810, 0x0000023532393d20, 0x0000023534491bb0,
0x0000023534490c80, 0x000002353448f330, 0x000002353448e910, 0x0000023534491190,
0x000002353448f840, 0x00000235344916a0, 0x000002353448fd50, 0x0000023534494940,
0x0000023534494e50, 0x00000235344920c0, 0x0000023534493500, 0x00000235344925d0,
0x0000023534495870, 0x0000023534495d80, 0x0000023534492ff0, 0x0000023534492ae0,
0x0000023534493a10, 0x0000023534493f20, 0x0000023534494430, 0x0000023534495360,
0x0000023532390570, 0x00000235356f88e0, 0x00000235356f7ec0, 0x00000235356f79b0,
0x00000235356f74a0, 0x00000235356f9300, 0x00000235321c7820, 0x00000235321c7310,
0x00000235321ca5b0, 0x00000235321c8240, 0x00000235321cb4e0, 0x00000235321cdd60,
0x00000235321ce270, 0x00000235321cd850, 0x00000235321cb9f0, 0x00000235321cbf00,
0x00000235321cc920, 0x00000235339cd5c0, 0x000002353c880700, 0x0000023531a31820
}

Java Threads: ( => current thread )
  0x000002357742f620 JavaThread "main" [_thread_blocked, id=100264, stack(0x00000068cc100000,0x00000068cc200000)]
  0x00000235774aac70 JavaThread "Reference Handler" daemon [_thread_blocked, id=39592, stack(0x00000068cc300000,0x00000068cc400000)]
  0x00000235774ac6d0 JavaThread "Finalizer" daemon [_thread_blocked, id=41756, stack(0x00000068cc400000,0x00000068cc500000)]
  0x00000235774c6340 JavaThread "Signal Dispatcher" daemon [_thread_blocked, id=5420, stack(0x00000068cc500000,0x00000068cc600000)]
  0x00000235774c6fd0 JavaThread "Attach Listener" daemon [_thread_blocked, id=110108, stack(0x00000068cc600000,0x00000068cc700000)]
  0x00000235774cb790 JavaThread "Service Thread" daemon [_thread_blocked, id=101276, stack(0x00000068cc700000,0x00000068cc800000)]
  0x00000235774cf480 JavaThread "Monitor Deflation Thread" daemon [_thread_blocked, id=90208, stack(0x00000068cc800000,0x00000068cc900000)]
  0x00000235774d1390 JavaThread "C2 CompilerThread0" daemon [_thread_in_native, id=81264, stack(0x00000068cc900000,0x00000068cca00000)]
  0x00000235774d5830 JavaThread "C1 CompilerThread0" daemon [_thread_blocked, id=77768, stack(0x00000068cca00000,0x00000068ccb00000)]
  0x00000235774d9460 JavaThread "Sweeper thread" daemon [_thread_blocked, id=22340, stack(0x00000068ccb00000,0x00000068ccc00000)]
  0x000002350fc91cb0 JavaThread "Common-Cleaner" daemon [_thread_blocked, id=21408, stack(0x00000068ccc00000,0x00000068ccd00000)]
  0x000002352f0f9bb0 JavaThread "Notification Thread" daemon [_thread_blocked, id=43504, stack(0x00000068ccd00000,0x00000068cce00000)]
  0x0000023530ab8740 JavaThread "Daemon health stats" [_thread_blocked, id=72288, stack(0x00000068cd100000,0x00000068cd200000)]
  0x000002352f16ccf0 JavaThread "Incoming local TCP Connector on port 57889" [_thread_in_native, id=101632, stack(0x00000068ccf00000,0x00000068cd000000)]
  0x000002353062b1e0 JavaThread "Daemon periodic checks" [_thread_blocked, id=64036, stack(0x00000068cd000000,0x00000068cd100000)]
  0x0000023530ddf0e0 JavaThread "Daemon" [_thread_blocked, id=48180, stack(0x00000068cd300000,0x00000068cd400000)]
  0x0000023531038060 JavaThread "Handler for socket connection from /127.0.0.1:57889 to /127.0.0.1:57890" [_thread_in_native, id=37948, stack(0x00000068cd400000,0x00000068cd500000)]
  0x0000023530db1070 JavaThread "Cancel handler" [_thread_blocked, id=70444, stack(0x00000068cd500000,0x00000068cd600000)]
  0x0000023530db4310 JavaThread "Daemon worker" [_thread_in_vm, id=82856, stack(0x00000068cd600000,0x00000068cd700000)]
  0x0000023530db1580 JavaThread "Asynchronous log dispatcher for DefaultDaemonConnection: socket connection from /127.0.0.1:57889 to /127.0.0.1:57890" [_thread_blocked, id=15100, stack(0x00000068cd700000,0x00000068cd800000)]
  0x0000023530db3e00 JavaThread "Stdin handler" [_thread_blocked, id=107040, stack(0x00000068cd800000,0x00000068cd900000)]
  0x0000023530db4820 JavaThread "Daemon client event forwarder" [_thread_blocked, id=28440, stack(0x00000068cd900000,0x00000068cda00000)]
  0x0000023530db33e0 JavaThread "Cache worker for journal cache (D:\gradle-home\caches\journal-1)" [_thread_blocked, id=50996, stack(0x00000068cda00000,0x00000068cdb00000)]
  0x0000023530db1a90 JavaThread "File lock request listener" [_thread_in_native, id=98544, stack(0x00000068cdb00000,0x00000068cdc00000)]
  0x0000023530db1fa0 JavaThread "Cache worker for file hash cache (D:\gradle-home\caches\8.14.3\fileHashes)" [_thread_blocked, id=69696, stack(0x00000068cdc00000,0x00000068cdd00000)]
  0x0000023530db29c0 JavaThread "Cache worker for file hash cache (D:\App-YooYLand\android\.gradle\8.14.3\fileHashes)" [_thread_blocked, id=108104, stack(0x00000068cde00000,0x00000068cdf00000)]
  0x0000023530db2ed0 JavaThread "Cache worker for Build Output Cleanup Cache (D:\App-YooYLand\android\.gradle\buildOutputCleanup)" [_thread_blocked, id=51520, stack(0x00000068cdf00000,0x00000068ce000000)]
  0x0000023532390f90 JavaThread "jar transforms" [_thread_blocked, id=98968, stack(0x00000068ce000000,0x00000068ce100000)]
  0x0000023532390a80 JavaThread "Cache worker for checksums cache (D:\App-YooYLand\android\.gradle\8.14.3\checksums)" [_thread_blocked, id=29796, stack(0x00000068ce100000,0x00000068ce200000)]
  0x0000023532390060 JavaThread "Cache worker for file content cache (D:\gradle-home\caches\8.14.3\fileContent)" [_thread_blocked, id=28216, stack(0x00000068ce200000,0x00000068ce300000)]
  0x000002353238d7e0 JavaThread "Exec process" [_thread_blocked, id=84464, stack(0x00000068ce300000,0x00000068ce400000)]
  0x000002353238f130 JavaThread "Exec process Thread 2" [_thread_blocked, id=103008, stack(0x00000068ce400000,0x00000068ce500000)]
  0x00000235323914a0 JavaThread "Exec process Thread 3" [_thread_blocked, id=77496, stack(0x00000068ce500000,0x00000068ce600000)]
  0x000002353238fb50 JavaThread "Cache worker for cache directory md-supplier (D:\gradle-home\caches\8.14.3\md-supplier)" [_thread_blocked, id=94584, stack(0x00000068ce600000,0x00000068ce700000)]
  0x00000235323919b0 JavaThread "Cache worker for cache directory md-rule (D:\gradle-home\caches\8.14.3\md-rule)" [_thread_blocked, id=50352, stack(0x00000068ce700000,0x00000068ce800000)]
  0x000002353238e200 JavaThread "Cache worker for Build Output Cleanup Cache (D:\App-YooYLand\node_modules\react-native\node_modules\@react-native\gradle-plugin\.gradle\buildOutputCleanup)" [_thread_blocked, id=100652, stack(0x00000068ce800000,0x00000068ce900000)]
  0x0000023532391ec0 JavaThread "Unconstrained build operations" [_thread_blocked, id=31840, stack(0x00000068ce900000,0x00000068cea00000)]
  0x00000235323923d0 JavaThread "Unconstrained build operations Thread 2" [_thread_blocked, id=18360, stack(0x00000068cea00000,0x00000068ceb00000)]
  0x000002353238ec20 JavaThread "Unconstrained build operations Thread 3" [_thread_blocked, id=90180, stack(0x00000068ceb00000,0x00000068cec00000)]
  0x00000235323928e0 JavaThread "Cache worker for Build Output Cleanup Cache (D:\App-YooYLand\node_modules\expo-modules-autolinking\android\expo-gradle-plugin\.gradle\buildOutputCleanup)" [_thread_blocked, id=58612, stack(0x00000068cdd00000,0x00000068cde00000)]
  0x0000023532392df0 JavaThread "Unconstrained build operations Thread 4" [_thread_blocked, id=62636, stack(0x00000068ced00000,0x00000068cee00000)]
  0x0000023532393810 JavaThread "Unconstrained build operations Thread 5" [_thread_blocked, id=7416, stack(0x00000068cee00000,0x00000068cef00000)]
  0x0000023532393d20 JavaThread "Unconstrained build operations Thread 6" [_thread_blocked, id=92952, stack(0x00000068cef00000,0x00000068cf000000)]
  0x0000023534491bb0 JavaThread "build event listener" [_thread_blocked, id=25744, stack(0x00000068cf000000,0x00000068cf100000)]
  0x0000023534490c80 JavaThread "Memory manager" [_thread_blocked, id=1556, stack(0x00000068cd200000,0x00000068cd300000)]
  0x000002353448f330 JavaThread "Unconstrained build operations Thread 7" [_thread_blocked, id=88140, stack(0x00000068cf100000,0x00000068cf200000)]
  0x000002353448e910 JavaThread "build event listener" [_thread_blocked, id=68268, stack(0x00000068cf200000,0x00000068cf300000)]
  0x0000023534491190 JavaThread "Unconstrained build operations Thread 8" [_thread_blocked, id=72576, stack(0x00000068cf400000,0x00000068cf500000)]
  0x000002353448f840 JavaThread "Unconstrained build operations Thread 9" [_thread_blocked, id=59304, stack(0x00000068cf500000,0x00000068cf600000)]
  0x00000235344916a0 JavaThread "Unconstrained build operations Thread 10" [_thread_blocked, id=109376, stack(0x00000068cf600000,0x00000068cf700000)]
  0x000002353448fd50 JavaThread "ForkJoinPool.commonPool-worker-1" daemon [_thread_blocked, id=50552, stack(0x00000068cf700000,0x00000068cf800000)]
  0x0000023534494940 JavaThread "ForkJoinPool.commonPool-worker-2" daemon [_thread_blocked, id=96116, stack(0x00000068cf800000,0x00000068cf900000)]
  0x0000023534494e50 JavaThread "ForkJoinPool.commonPool-worker-3" daemon [_thread_blocked, id=35612, stack(0x00000068cf900000,0x00000068cfa00000)]
  0x00000235344920c0 JavaThread "ForkJoinPool.commonPool-worker-4" daemon [_thread_blocked, id=59152, stack(0x00000068cfa00000,0x00000068cfb00000)]
  0x0000023534493500 JavaThread "ForkJoinPool.commonPool-worker-5" daemon [_thread_blocked, id=52676, stack(0x00000068cfb00000,0x00000068cfc00000)]
  0x00000235344925d0 JavaThread "ForkJoinPool.commonPool-worker-6" daemon [_thread_blocked, id=106388, stack(0x00000068cfc00000,0x00000068cfd00000)]
  0x0000023534495870 JavaThread "ForkJoinPool.commonPool-worker-7" daemon [_thread_blocked, id=46316, stack(0x00000068cfd00000,0x00000068cfe00000)]
  0x0000023534495d80 JavaThread "ForkJoinPool.commonPool-worker-8" daemon [_thread_blocked, id=30664, stack(0x00000068cfe00000,0x00000068cff00000)]
  0x0000023534492ff0 JavaThread "ForkJoinPool.commonPool-worker-9" daemon [_thread_blocked, id=45380, stack(0x00000068cff00000,0x00000068d0000000)]
  0x0000023534492ae0 JavaThread "ForkJoinPool.commonPool-worker-10" daemon [_thread_blocked, id=85304, stack(0x00000068d0000000,0x00000068d0100000)]
  0x0000023534493a10 JavaThread "included builds" [_thread_blocked, id=55896, stack(0x00000068d0100000,0x00000068d0200000)]
  0x0000023534493f20 JavaThread "included builds Thread 2" [_thread_blocked, id=67688, stack(0x00000068d0200000,0x00000068d0300000)]
  0x0000023534494430 JavaThread "Cache worker for execution history cache (D:\App-YooYLand\node_modules\expo-modules-autolinking\android\expo-gradle-plugin\.gradle\8.14.3\executionHistory)" [_thread_blocked, id=86096, stack(0x00000068d0300000,0x00000068d0400000)]
  0x0000023534495360 JavaThread "Cache worker for execution history cache (D:\App-YooYLand\node_modules\react-native\node_modules\@react-native\gradle-plugin\.gradle\8.14.3\executionHistory)" [_thread_blocked, id=47244, stack(0x00000068d0400000,0x00000068d0500000)]
  0x0000023532390570 JavaThread "jar transforms Thread 2" [_thread_blocked, id=78840, stack(0x00000068d0500000,0x00000068d0600000)]
  0x00000235356f88e0 JavaThread "Cache worker for Build Output Cleanup Cache (D:\App-YooYLand\node_modules\expo-modules-core\expo-module-gradle-plugin\.gradle\buildOutputCleanup)" [_thread_blocked, id=82144, stack(0x00000068cec00000,0x00000068ced00000)]
  0x00000235356f7ec0 JavaThread "build event listener" [_thread_blocked, id=59116, stack(0x00000068d0700000,0x00000068d0800000)]
  0x00000235356f79b0 JavaThread "jar transforms Thread 3" [_thread_blocked, id=83356, stack(0x00000068d0800000,0x00000068d0900000)]
  0x00000235356f74a0 JavaThread "included builds Thread 3" [_thread_blocked, id=78908, stack(0x00000068d0900000,0x00000068d0a00000)]
  0x00000235356f9300 JavaThread "Cache worker for execution history cache (D:\App-YooYLand\node_modules\expo-modules-core\expo-module-gradle-plugin\.gradle\8.14.3\executionHistory)" [_thread_blocked, id=83572, stack(0x00000068d0a00000,0x00000068d0b00000)]
  0x00000235321c7820 JavaThread "jar transforms Thread 4" [_thread_blocked, id=76652, stack(0x00000068d0600000,0x00000068d0700000)]
  0x00000235321c7310 JavaThread "jar transforms Thread 5" [_thread_blocked, id=51916, stack(0x00000068d0c00000,0x00000068d0d00000)]
  0x00000235321ca5b0 JavaThread "jar transforms Thread 6" [_thread_blocked, id=45036, stack(0x00000068d0d00000,0x00000068d0e00000)]
  0x00000235321c8240 JavaThread "build event listener" [_thread_blocked, id=86324, stack(0x00000068d0e00000,0x00000068d0f00000)]
  0x00000235321cb4e0 JavaThread "Problems report writer" [_thread_blocked, id=51828, stack(0x00000068d0f00000,0x00000068d1000000)]
  0x00000235321cdd60 JavaThread "jar transforms Thread 7" [_thread_blocked, id=106356, stack(0x00000068d1000000,0x00000068d1100000)]
  0x00000235321ce270 JavaThread "jar transforms Thread 8" [_thread_blocked, id=27772, stack(0x00000068d1100000,0x00000068d1200000)]
  0x00000235321cd850 JavaThread "jar transforms Thread 9" [_thread_blocked, id=33256, stack(0x00000068d1200000,0x00000068d1300000)]
  0x00000235321cb9f0 JavaThread "jar transforms Thread 10" [_thread_blocked, id=20800, stack(0x00000068d1300000,0x00000068d1400000)]
  0x00000235321cbf00 JavaThread "jar transforms Thread 11" [_thread_blocked, id=38884, stack(0x00000068d1400000,0x00000068d1500000)]
  0x00000235321cc920 JavaThread "jar transforms Thread 12" [_thread_blocked, id=41012, stack(0x00000068d1500000,0x00000068d1600000)]
  0x00000235339cd5c0 JavaThread "C2 CompilerThread1" daemon [_thread_in_native, id=91776, stack(0x00000068cf300000,0x00000068cf400000)]
=>0x000002353c880700 JavaThread "C2 CompilerThread2" daemon [_thread_in_native, id=52720, stack(0x00000068d0b00000,0x00000068d0c00000)]
  0x0000023531a31820 JavaThread "ForkJoinPool.commonPool-worker-11" daemon [_thread_blocked, id=5652, stack(0x00000068d1800000,0x00000068d1900000)]

Other Threads:
  0x00000235774a25a0 VMThread "VM Thread" [stack: 0x00000068cc200000,0x00000068cc300000] [id=108788]
  0x000002352f100c30 WatcherThread [stack: 0x00000068cce00000,0x00000068ccf00000] [id=31420]

Threads with active compile tasks:
C2 CompilerThread0  33168 20697       4       com.sun.beans.introspect.PropertyInfo::add (30 bytes)
C2 CompilerThread1  33168 20620 %     4       java.beans.Introspector::getTargetMethodInfo @ 62 (250 bytes)
C2 CompilerThread2  33168 20626       4       groovy.lang.MetaClassImpl::populateMethods (401 bytes)

VM state: not at safepoint (normal execution)

VM Mutex/Monitor currently owned by a thread: None

Heap address: 0x00000000a0000000, size: 1536 MB, Compressed Oops mode: 32-bit

CDS archive(s) mapped at: [0x0000023510000000-0x0000023510bb0000-0x0000023510bb0000), size 12255232, SharedBaseAddress: 0x0000023510000000, ArchiveRelocationMode: 1.
Compressed class space mapped at: 0x0000023511000000-0x000002352b000000, reserved size: 436207616
Narrow klass base: 0x0000023510000000, Narrow klass shift: 0, Narrow klass range: 0x100000000

GC Precious Log:
 CPUs: 12 total, 12 available
 Memory: 65404M
 Large Page Support: Disabled
 NUMA Support: Disabled
 Compressed Oops: Enabled (32-bit)
 Heap Min Capacity: 8M
 Heap Initial Capacity: 1022M
 Heap Max Capacity: 1536M
 Pre-touch: Disabled

Heap:
 def new generation   total 314304K, used 268801K [0x00000000a0000000, 0x00000000b5500000, 0x00000000c0000000)
  eden space 279424K,  83% used [0x00000000a0000000, 0x00000000ae470598, 0x00000000b10e0000)
  from space 34880K,  99% used [0x00000000b10e0000, 0x00000000b32efff8, 0x00000000b32f0000)
  to   space 34880K,   0% used [0x00000000b32f0000, 0x00000000b32f0000, 0x00000000b5500000)
 tenured generation   total 697728K, used 224069K [0x00000000c0000000, 0x00000000ea960000, 0x0000000100000000)
   the space 697728K,  32% used [0x00000000c0000000, 0x00000000cdad1610, 0x00000000cdad1800, 0x00000000ea960000)
 Metaspace       used 131641K, committed 133696K, reserved 557056K
  class space    used 18256K, committed 19200K, reserved 425984K

Card table byte_map: [0x0000023578dd0000,0x00000235790e0000] _byte_map_base: 0x00000235788d0000

Polling page: 0x00000235773c0000

Metaspace:

Usage:
  Non-class:    110.73 MB used.
      Class:     17.83 MB used.
       Both:    128.56 MB used.

Virtual space:
  Non-class space:      128.00 MB reserved,     111.81 MB ( 87%) committed,  2 nodes.
      Class space:      416.00 MB reserved,      18.75 MB (  5%) committed,  1 nodes.
             Both:      544.00 MB reserved,     130.56 MB ( 24%) committed. 

Chunk freelists:
   Non-Class:  15.25 MB
       Class:  13.14 MB
        Both:  28.39 MB

MaxMetaspaceSize: 512.00 MB
CompressedClassSpaceSize: 416.00 MB
Initial GC threshold: 21.00 MB
Current GC threshold: 162.19 MB
CDS: on
MetaspaceReclaimPolicy: balanced
 - commit_granule_bytes: 65536.
 - commit_granule_words: 8192.
 - virtual_space_node_default_size: 8388608.
 - enlarge_chunks_in_place: 1.
 - new_chunks_are_fully_committed: 0.
 - uncommit_free_chunks: 1.
 - use_allocation_guard: 0.
 - handle_deallocations: 1.


Internal statistics:

num_allocs_failed_limit: 12.
num_arena_births: 2814.
num_arena_deaths: 0.
num_vsnodes_births: 3.
num_vsnodes_deaths: 0.
num_space_committed: 2090.
num_space_uncommitted: 0.
num_chunks_returned_to_freelist: 12.
num_chunks_taken_from_freelist: 9324.
num_chunk_merges: 12.
num_chunk_splits: 5754.
num_chunks_enlarged: 3273.
num_inconsistent_stats: 0.

CodeCache: size=131072Kb used=49408Kb max_used=49408Kb free=81664Kb
 bounds [0x0000023507ac0000, 0x000002350ab10000, 0x000002350fac0000]
 total_blobs=18025 nmethods=16988 adapters=950
 compilation: enabled
              stopped_count=0, restarted_count=0
 full_count=0

Compilation events (20 events):
Event: 32.023 Thread 0x00000235774d1390 nmethod 20686 0x000002350aac9a90 code [0x000002350aac9c20, 0x000002350aac9e28]
Event: 32.024 Thread 0x00000235774d1390 20687       4       org.objectweb.asm.Frame::setLocal (65 bytes)
Event: 32.024 Thread 0x00000235774d5830 20688       3       org.gradle.internal.instantiation.generator.AsmBackedClassGenerator$ClassBuilderImpl$LocalMethodVisitorScope::applyRole (43 bytes)
Event: 32.025 Thread 0x00000235774d5830 nmethod 20688 0x000002350aad2d10 code [0x000002350aad2fa0, 0x000002350aad3de8]
Event: 32.025 Thread 0x00000235774d5830 20689       3       org.gradle.model.internal.asm.MethodVisitorScope::_SWAP (7 bytes)
Event: 32.025 Thread 0x00000235774d5830 nmethod 20689 0x000002350aac9510 code [0x000002350aac96c0, 0x000002350aac9928]
Event: 32.025 Thread 0x00000235774d1390 nmethod 20687 0x000002350aacf090 code [0x000002350aacf220, 0x000002350aacf3d8]
Event: 32.031 Thread 0x00000235774d5830 20690   !   3       jdk.internal.reflect.GeneratedConstructorAccessor142::newInstance (53 bytes)
Event: 32.031 Thread 0x00000235774d5830 nmethod 20690 0x000002350aace190 code [0x000002350aace3e0, 0x000002350aacec48]
Event: 32.032 Thread 0x00000235774d1390 20691       4       org.gradle.model.internal.asm.ClassVisitorScope::addGetter (20 bytes)
Event: 32.035 Thread 0x00000235774d5830 20695       3       com.google.common.collect.RegularImmutableMap::forEach (55 bytes)
Event: 32.035 Thread 0x00000235774d5830 nmethod 20695 0x000002350aad2310 code [0x000002350aad2500, 0x000002350aad2ab8]
Event: 32.035 Thread 0x00000235774d5830 20696   !   3       jdk.proxy1.$Proxy66::hashCode (32 bytes)
Event: 32.035 Thread 0x00000235774d5830 nmethod 20696 0x000002350aad1b10 code [0x000002350aad1ce0, 0x000002350aad20f8]
Event: 32.039 Thread 0x00000235774d1390 nmethod 20691 0x000002350aae1b10 code [0x000002350aae1d00, 0x000002350aae2230]
Event: 32.039 Thread 0x00000235774d1390 20693       4       java.util.LinkedHashMap::valuesToArray (38 bytes)
Event: 32.041 Thread 0x00000235774d1390 nmethod 20693 0x000002350aacf510 code [0x000002350aacf6a0, 0x000002350aacf898]
Event: 32.041 Thread 0x00000235774d1390 20694       4       org.gradle.internal.reflect.annotations.impl.DefaultTypeAnnotationMetadataStore::collectRelevantAnnotations (85 bytes)
Event: 32.058 Thread 0x00000235774d1390 nmethod 20694 0x000002350aadf710 code [0x000002350aadf9a0, 0x000002350aae0bf0]
Event: 32.058 Thread 0x00000235774d1390 20692       4       org.objectweb.asm.ClassWriter::toByteArray (1535 bytes)

GC Heap History (20 events):
Event: 9.029 GC heap before
{Heap before GC invocations=5 (full 3):
 def new generation   total 314176K, used 279296K [0x00000000a0000000, 0x00000000b54e0000, 0x00000000c0000000)
  eden space 279296K, 100% used [0x00000000a0000000, 0x00000000b10c0000, 0x00000000b10c0000)
  from space 34880K,   0% used [0x00000000b10c0000, 0x00000000b10c0000, 0x00000000b32d0000)
  to   space 34880K,   0% used [0x00000000b32d0000, 0x00000000b32d0000, 0x00000000b54e0000)
 tenured generation   total 697728K, used 50200K [0x00000000c0000000, 0x00000000ea960000, 0x0000000100000000)
   the space 697728K,   7% used [0x00000000c0000000, 0x00000000c3106048, 0x00000000c3106200, 0x00000000ea960000)
 Metaspace       used 73670K, committed 74624K, reserved 491520K
  class space    used 10320K, committed 10752K, reserved 425984K
}
Event: 9.064 GC heap after
{Heap after GC invocations=6 (full 3):
 def new generation   total 314176K, used 13766K [0x00000000a0000000, 0x00000000b54e0000, 0x00000000c0000000)
  eden space 279296K,   0% used [0x00000000a0000000, 0x00000000a0000000, 0x00000000b10c0000)
  from space 34880K,  39% used [0x00000000b32d0000, 0x00000000b4041a90, 0x00000000b54e0000)
  to   space 34880K,   0% used [0x00000000b10c0000, 0x00000000b10c0000, 0x00000000b32d0000)
 tenured generation   total 697728K, used 50200K [0x00000000c0000000, 0x00000000ea960000, 0x0000000100000000)
   the space 697728K,   7% used [0x00000000c0000000, 0x00000000c3106048, 0x00000000c3106200, 0x00000000ea960000)
 Metaspace       used 73670K, committed 74624K, reserved 491520K
  class space    used 10320K, committed 10752K, reserved 425984K
}
Event: 12.538 GC heap before
{Heap before GC invocations=6 (full 3):
 def new generation   total 314176K, used 293062K [0x00000000a0000000, 0x00000000b54e0000, 0x00000000c0000000)
  eden space 279296K, 100% used [0x00000000a0000000, 0x00000000b10c0000, 0x00000000b10c0000)
  from space 34880K,  39% used [0x00000000b32d0000, 0x00000000b4041a90, 0x00000000b54e0000)
  to   space 34880K,   0% used [0x00000000b10c0000, 0x00000000b10c0000, 0x00000000b32d0000)
 tenured generation   total 697728K, used 50200K [0x00000000c0000000, 0x00000000ea960000, 0x0000000100000000)
   the space 697728K,   7% used [0x00000000c0000000, 0x00000000c3106048, 0x00000000c3106200, 0x00000000ea960000)
 Metaspace       used 82027K, committed 83072K, reserved 557056K
  class space    used 11448K, committed 11968K, reserved 425984K
}
Event: 12.605 GC heap after
{Heap after GC invocations=7 (full 3):
 def new generation   total 314176K, used 32289K [0x00000000a0000000, 0x00000000b54e0000, 0x00000000c0000000)
  eden space 279296K,   0% used [0x00000000a0000000, 0x00000000a0000000, 0x00000000b10c0000)
  from space 34880K,  92% used [0x00000000b10c0000, 0x00000000b3048438, 0x00000000b32d0000)
  to   space 34880K,   0% used [0x00000000b32d0000, 0x00000000b32d0000, 0x00000000b54e0000)
 tenured generation   total 697728K, used 50200K [0x00000000c0000000, 0x00000000ea960000, 0x0000000100000000)
   the space 697728K,   7% used [0x00000000c0000000, 0x00000000c3106048, 0x00000000c3106200, 0x00000000ea960000)
 Metaspace       used 82027K, committed 83072K, reserved 557056K
  class space    used 11448K, committed 11968K, reserved 425984K
}
Event: 14.854 GC heap before
{Heap before GC invocations=7 (full 3):
 def new generation   total 314176K, used 311585K [0x00000000a0000000, 0x00000000b54e0000, 0x00000000c0000000)
  eden space 279296K, 100% used [0x00000000a0000000, 0x00000000b10c0000, 0x00000000b10c0000)
  from space 34880K,  92% used [0x00000000b10c0000, 0x00000000b3048438, 0x00000000b32d0000)
  to   space 34880K,   0% used [0x00000000b32d0000, 0x00000000b32d0000, 0x00000000b54e0000)
 tenured generation   total 697728K, used 50200K [0x00000000c0000000, 0x00000000ea960000, 0x0000000100000000)
   the space 697728K,   7% used [0x00000000c0000000, 0x00000000c3106048, 0x00000000c3106200, 0x00000000ea960000)
 Metaspace       used 89978K, committed 91072K, reserved 557056K
  class space    used 12401K, committed 12928K, reserved 425984K
}
Event: 14.922 GC heap after
{Heap after GC invocations=8 (full 3):
 def new generation   total 314176K, used 22743K [0x00000000a0000000, 0x00000000b54e0000, 0x00000000c0000000)
  eden space 279296K,   0% used [0x00000000a0000000, 0x00000000a0000000, 0x00000000b10c0000)
  from space 34880K,  65% used [0x00000000b32d0000, 0x00000000b4905db8, 0x00000000b54e0000)
  to   space 34880K,   0% used [0x00000000b10c0000, 0x00000000b10c0000, 0x00000000b32d0000)
 tenured generation   total 697728K, used 80068K [0x00000000c0000000, 0x00000000ea960000, 0x0000000100000000)
   the space 697728K,  11% used [0x00000000c0000000, 0x00000000c4e312c8, 0x00000000c4e31400, 0x00000000ea960000)
 Metaspace       used 89978K, committed 91072K, reserved 557056K
  class space    used 12401K, committed 12928K, reserved 425984K
}
Event: 16.561 GC heap before
{Heap before GC invocations=8 (full 3):
 def new generation   total 314176K, used 183173K [0x00000000a0000000, 0x00000000b54e0000, 0x00000000c0000000)
  eden space 279296K,  57% used [0x00000000a0000000, 0x00000000a9cab750, 0x00000000b10c0000)
  from space 34880K,  65% used [0x00000000b32d0000, 0x00000000b4905db8, 0x00000000b54e0000)
  to   space 34880K,   0% used [0x00000000b10c0000, 0x00000000b10c0000, 0x00000000b32d0000)
 tenured generation   total 697728K, used 80068K [0x00000000c0000000, 0x00000000ea960000, 0x0000000100000000)
   the space 697728K,  11% used [0x00000000c0000000, 0x00000000c4e312c8, 0x00000000c4e31400, 0x00000000ea960000)
 Metaspace       used 98568K, committed 99648K, reserved 557056K
  class space    used 13611K, committed 14144K, reserved 425984K
}
Event: 16.762 GC heap after
{Heap after GC invocations=9 (full 4):
 def new generation   total 314304K, used 0K [0x00000000a0000000, 0x00000000b5500000, 0x00000000c0000000)
  eden space 279424K,   0% used [0x00000000a0000000, 0x00000000a0000000, 0x00000000b10e0000)
  from space 34880K,   0% used [0x00000000b10e0000, 0x00000000b10e0000, 0x00000000b32f0000)
  to   space 34880K,   0% used [0x00000000b32f0000, 0x00000000b32f0000, 0x00000000b5500000)
 tenured generation   total 697728K, used 106949K [0x00000000c0000000, 0x00000000ea960000, 0x0000000100000000)
   the space 697728K,  15% used [0x00000000c0000000, 0x00000000c68716c8, 0x00000000c6871800, 0x00000000ea960000)
 Metaspace       used 98568K, committed 99648K, reserved 557056K
  class space    used 13611K, committed 14144K, reserved 425984K
}
Event: 18.736 GC heap before
{Heap before GC invocations=9 (full 4):
 def new generation   total 314304K, used 279424K [0x00000000a0000000, 0x00000000b5500000, 0x00000000c0000000)
  eden space 279424K, 100% used [0x00000000a0000000, 0x00000000b10e0000, 0x00000000b10e0000)
  from space 34880K,   0% used [0x00000000b10e0000, 0x00000000b10e0000, 0x00000000b32f0000)
  to   space 34880K,   0% used [0x00000000b32f0000, 0x00000000b32f0000, 0x00000000b5500000)
 tenured generation   total 697728K, used 106949K [0x00000000c0000000, 0x00000000ea960000, 0x0000000100000000)
   the space 697728K,  15% used [0x00000000c0000000, 0x00000000c68716c8, 0x00000000c6871800, 0x00000000ea960000)
 Metaspace       used 111736K, committed 113088K, reserved 557056K
  class space    used 15548K, committed 16256K, reserved 425984K
}
Event: 18.772 GC heap after
{Heap after GC invocations=10 (full 4):
 def new generation   total 314304K, used 12972K [0x00000000a0000000, 0x00000000b5500000, 0x00000000c0000000)
  eden space 279424K,   0% used [0x00000000a0000000, 0x00000000a0000000, 0x00000000b10e0000)
  from space 34880K,  37% used [0x00000000b32f0000, 0x00000000b3f9b330, 0x00000000b5500000)
  to   space 34880K,   0% used [0x00000000b10e0000, 0x00000000b10e0000, 0x00000000b32f0000)
 tenured generation   total 697728K, used 106949K [0x00000000c0000000, 0x00000000ea960000, 0x0000000100000000)
   the space 697728K,  15% used [0x00000000c0000000, 0x00000000c68716c8, 0x00000000c6871800, 0x00000000ea960000)
 Metaspace       used 111736K, committed 113088K, reserved 557056K
  class space    used 15548K, committed 16256K, reserved 425984K
}
Event: 21.172 GC heap before
{Heap before GC invocations=10 (full 4):
 def new generation   total 314304K, used 292396K [0x00000000a0000000, 0x00000000b5500000, 0x00000000c0000000)
  eden space 279424K, 100% used [0x00000000a0000000, 0x00000000b10e0000, 0x00000000b10e0000)
  from space 34880K,  37% used [0x00000000b32f0000, 0x00000000b3f9b330, 0x00000000b5500000)
  to   space 34880K,   0% used [0x00000000b10e0000, 0x00000000b10e0000, 0x00000000b32f0000)
 tenured generation   total 697728K, used 106949K [0x00000000c0000000, 0x00000000ea960000, 0x0000000100000000)
   the space 697728K,  15% used [0x00000000c0000000, 0x00000000c68716c8, 0x00000000c6871800, 0x00000000ea960000)
 Metaspace       used 115211K, committed 116736K, reserved 557056K
  class space    used 16087K, committed 16832K, reserved 425984K
}
Event: 21.251 GC heap after
{Heap after GC invocations=11 (full 4):
 def new generation   total 314304K, used 34879K [0x00000000a0000000, 0x00000000b5500000, 0x00000000c0000000)
  eden space 279424K,   0% used [0x00000000a0000000, 0x00000000a0000000, 0x00000000b10e0000)
  from space 34880K,  99% used [0x00000000b10e0000, 0x00000000b32efff8, 0x00000000b32f0000)
  to   space 34880K,   0% used [0x00000000b32f0000, 0x00000000b32f0000, 0x00000000b5500000)
 tenured generation   total 697728K, used 116513K [0x00000000c0000000, 0x00000000ea960000, 0x0000000100000000)
   the space 697728K,  16% used [0x00000000c0000000, 0x00000000c71c8548, 0x00000000c71c8600, 0x00000000ea960000)
 Metaspace       used 115211K, committed 116736K, reserved 557056K
  class space    used 16087K, committed 16832K, reserved 425984K
}
Event: 24.419 GC heap before
{Heap before GC invocations=11 (full 4):
 def new generation   total 314304K, used 314303K [0x00000000a0000000, 0x00000000b5500000, 0x00000000c0000000)
  eden space 279424K, 100% used [0x00000000a0000000, 0x00000000b10e0000, 0x00000000b10e0000)
  from space 34880K,  99% used [0x00000000b10e0000, 0x00000000b32efff8, 0x00000000b32f0000)
  to   space 34880K,   0% used [0x00000000b32f0000, 0x00000000b32f0000, 0x00000000b5500000)
 tenured generation   total 697728K, used 116513K [0x00000000c0000000, 0x00000000ea960000, 0x0000000100000000)
   the space 697728K,  16% used [0x00000000c0000000, 0x00000000c71c8548, 0x00000000c71c8600, 0x00000000ea960000)
 Metaspace       used 116832K, committed 118528K, reserved 557056K
  class space    used 16321K, committed 17152K, reserved 425984K
}
Event: 24.506 GC heap after
{Heap after GC invocations=12 (full 4):
 def new generation   total 314304K, used 28904K [0x00000000a0000000, 0x00000000b5500000, 0x00000000c0000000)
  eden space 279424K,   0% used [0x00000000a0000000, 0x00000000a0000000, 0x00000000b10e0000)
  from space 34880K,  82% used [0x00000000b32f0000, 0x00000000b4f2a110, 0x00000000b5500000)
  to   space 34880K,   0% used [0x00000000b10e0000, 0x00000000b10e0000, 0x00000000b32f0000)
 tenured generation   total 697728K, used 149294K [0x00000000c0000000, 0x00000000ea960000, 0x0000000100000000)
   the space 697728K,  21% used [0x00000000c0000000, 0x00000000c91cb8e0, 0x00000000c91cba00, 0x00000000ea960000)
 Metaspace       used 116832K, committed 118528K, reserved 557056K
  class space    used 16321K, committed 17152K, reserved 425984K
}
Event: 26.577 GC heap before
{Heap before GC invocations=12 (full 4):
 def new generation   total 314304K, used 308328K [0x00000000a0000000, 0x00000000b5500000, 0x00000000c0000000)
  eden space 279424K, 100% used [0x00000000a0000000, 0x00000000b10e0000, 0x00000000b10e0000)
  from space 34880K,  82% used [0x00000000b32f0000, 0x00000000b4f2a110, 0x00000000b5500000)
  to   space 34880K,   0% used [0x00000000b10e0000, 0x00000000b10e0000, 0x00000000b32f0000)
 tenured generation   total 697728K, used 149294K [0x00000000c0000000, 0x00000000ea960000, 0x0000000100000000)
   the space 697728K,  21% used [0x00000000c0000000, 0x00000000c91cb8e0, 0x00000000c91cba00, 0x00000000ea960000)
 Metaspace       used 117832K, committed 119680K, reserved 557056K
  class space    used 16449K, committed 17344K, reserved 425984K
}
Event: 26.643 GC heap after
{Heap after GC invocations=13 (full 4):
 def new generation   total 314304K, used 23671K [0x00000000a0000000, 0x00000000b5500000, 0x00000000c0000000)
  eden space 279424K,   0% used [0x00000000a0000000, 0x00000000a0000000, 0x00000000b10e0000)
  from space 34880K,  67% used [0x00000000b10e0000, 0x00000000b27fdfe8, 0x00000000b32f0000)
  to   space 34880K,   0% used [0x00000000b32f0000, 0x00000000b32f0000, 0x00000000b5500000)
 tenured generation   total 697728K, used 176123K [0x00000000c0000000, 0x00000000ea960000, 0x0000000100000000)
   the space 697728K,  25% used [0x00000000c0000000, 0x00000000cabfee10, 0x00000000cabff000, 0x00000000ea960000)
 Metaspace       used 117832K, committed 119680K, reserved 557056K
  class space    used 16449K, committed 17344K, reserved 425984K
}
Event: 28.915 GC heap before
{Heap before GC invocations=13 (full 4):
 def new generation   total 314304K, used 303095K [0x00000000a0000000, 0x00000000b5500000, 0x00000000c0000000)
  eden space 279424K, 100% used [0x00000000a0000000, 0x00000000b10e0000, 0x00000000b10e0000)
  from space 34880K,  67% used [0x00000000b10e0000, 0x00000000b27fdfe8, 0x00000000b32f0000)
  to   space 34880K,   0% used [0x00000000b32f0000, 0x00000000b32f0000, 0x00000000b5500000)
 tenured generation   total 697728K, used 176123K [0x00000000c0000000, 0x00000000ea960000, 0x0000000100000000)
   the space 697728K,  25% used [0x00000000c0000000, 0x00000000cabfee10, 0x00000000cabff000, 0x00000000ea960000)
 Metaspace       used 119037K, committed 120960K, reserved 557056K
  class space    used 16611K, committed 17536K, reserved 425984K
}
Event: 28.987 GC heap after
{Heap after GC invocations=14 (full 4):
 def new generation   total 314304K, used 25691K [0x00000000a0000000, 0x00000000b5500000, 0x00000000c0000000)
  eden space 279424K,   0% used [0x00000000a0000000, 0x00000000a0000000, 0x00000000b10e0000)
  from space 34880K,  73% used [0x00000000b32f0000, 0x00000000b4c06c58, 0x00000000b5500000)
  to   space 34880K,   0% used [0x00000000b10e0000, 0x00000000b10e0000, 0x00000000b32f0000)
 tenured generation   total 697728K, used 197625K [0x00000000c0000000, 0x00000000ea960000, 0x0000000100000000)
   the space 697728K,  28% used [0x00000000c0000000, 0x00000000cc0fe7e8, 0x00000000cc0fe800, 0x00000000ea960000)
 Metaspace       used 119037K, committed 120960K, reserved 557056K
  class space    used 16611K, committed 17536K, reserved 425984K
}
Event: 30.932 GC heap before
{Heap before GC invocations=14 (full 4):
 def new generation   total 314304K, used 305115K [0x00000000a0000000, 0x00000000b5500000, 0x00000000c0000000)
  eden space 279424K, 100% used [0x00000000a0000000, 0x00000000b10e0000, 0x00000000b10e0000)
  from space 34880K,  73% used [0x00000000b32f0000, 0x00000000b4c06c58, 0x00000000b5500000)
  to   space 34880K,   0% used [0x00000000b10e0000, 0x00000000b10e0000, 0x00000000b32f0000)
 tenured generation   total 697728K, used 197625K [0x00000000c0000000, 0x00000000ea960000, 0x0000000100000000)
   the space 697728K,  28% used [0x00000000c0000000, 0x00000000cc0fe7e8, 0x00000000cc0fe800, 0x00000000ea960000)
 Metaspace       used 128475K, committed 130496K, reserved 557056K
  class space    used 17810K, committed 18752K, reserved 425984K
}
Event: 31.055 GC heap after
{Heap after GC invocations=15 (full 4):
 def new generation   total 314304K, used 34879K [0x00000000a0000000, 0x00000000b5500000, 0x00000000c0000000)
  eden space 279424K,   0% used [0x00000000a0000000, 0x00000000a0000000, 0x00000000b10e0000)
  from space 34880K,  99% used [0x00000000b10e0000, 0x00000000b32efff8, 0x00000000b32f0000)
  to   space 34880K,   0% used [0x00000000b32f0000, 0x00000000b32f0000, 0x00000000b5500000)
 tenured generation   total 697728K, used 224069K [0x00000000c0000000, 0x00000000ea960000, 0x0000000100000000)
   the space 697728K,  32% used [0x00000000c0000000, 0x00000000cdad1610, 0x00000000cdad1800, 0x00000000ea960000)
 Metaspace       used 128475K, committed 130496K, reserved 557056K
  class space    used 17810K, committed 18752K, reserved 425984K
}

Dll operation events (15 events):
Event: 0.011 Loaded shared library C:\Program Files\Eclipse Adoptium\jdk-17.0.17.10-hotspot\bin\java.dll
Event: 0.023 Loaded shared library C:\Program Files\Eclipse Adoptium\jdk-17.0.17.10-hotspot\bin\jsvml.dll
Event: 0.059 Loaded shared library C:\Program Files\Eclipse Adoptium\jdk-17.0.17.10-hotspot\bin\zip.dll
Event: 0.063 Loaded shared library C:\Program Files\Eclipse Adoptium\jdk-17.0.17.10-hotspot\bin\instrument.dll
Event: 0.066 Loaded shared library C:\Program Files\Eclipse Adoptium\jdk-17.0.17.10-hotspot\bin\net.dll
Event: 0.068 Loaded shared library C:\Program Files\Eclipse Adoptium\jdk-17.0.17.10-hotspot\bin\nio.dll
Event: 0.070 Loaded shared library C:\Program Files\Eclipse Adoptium\jdk-17.0.17.10-hotspot\bin\zip.dll
Event: 0.207 Loaded shared library C:\Program Files\Eclipse Adoptium\jdk-17.0.17.10-hotspot\bin\jimage.dll
Event: 0.311 Loaded shared library C:\Program Files\Eclipse Adoptium\jdk-17.0.17.10-hotspot\bin\verify.dll
Event: 0.373 Loaded shared library D:\gradle-home\native\1def1411415f61bf3af743bc5b6707747c0891f09f0c88961ee8f79bc544acac\windows-amd64\native-platform.dll
Event: 0.381 Loaded shared library D:\gradle-home\native\0.2.7\x86_64-windows-gnu\gradle-fileevents.dll
Event: 0.934 Loaded shared library C:\Program Files\Eclipse Adoptium\jdk-17.0.17.10-hotspot\bin\management.dll
Event: 0.936 Loaded shared library C:\Program Files\Eclipse Adoptium\jdk-17.0.17.10-hotspot\bin\management_ext.dll
Event: 1.363 Loaded shared library C:\Program Files\Eclipse Adoptium\jdk-17.0.17.10-hotspot\bin\extnet.dll
Event: 1.604 Loaded shared library C:\Program Files\Eclipse Adoptium\jdk-17.0.17.10-hotspot\bin\sunmscapi.dll

Deoptimization events (20 events):
Event: 31.992 Thread 0x0000023530db4310 DEOPT PACKING pc=0x000002350aabcd18 sp=0x00000068cd6f7950
Event: 31.992 Thread 0x0000023530db4310 DEOPT UNPACKING pc=0x0000023507b166a3 sp=0x00000068cd6f78e8 mode 2
Event: 32.032 Thread 0x0000023530db4310 DEOPT PACKING pc=0x000002350843ab4b sp=0x00000068cd6f7a70
Event: 32.032 Thread 0x0000023530db4310 DEOPT UNPACKING pc=0x0000023507b16e43 sp=0x00000068cd6f7020 mode 0
Event: 32.048 Thread 0x0000023530db4310 Uncommon trap: trap_request=0xffffffbe fr.pc=0x000002350aacf818 relative=0x0000000000000178
Event: 32.048 Thread 0x0000023530db4310 Uncommon trap: reason=profile_predicate action=maybe_recompile pc=0x000002350aacf818 method=java.util.LinkedHashMap.valuesToArray([Ljava/lang/Object;)[Ljava/lang/Object; @ 12 c2
Event: 32.048 Thread 0x0000023530db4310 DEOPT PACKING pc=0x000002350aacf818 sp=0x00000068cd6f78e0
Event: 32.048 Thread 0x0000023530db4310 DEOPT UNPACKING pc=0x0000023507b166a3 sp=0x00000068cd6f7878 mode 2
Event: 32.050 Thread 0x0000023530db4310 Uncommon trap: trap_request=0xffffffbe fr.pc=0x000002350aacf818 relative=0x0000000000000178
Event: 32.050 Thread 0x0000023530db4310 Uncommon trap: reason=profile_predicate action=maybe_recompile pc=0x000002350aacf818 method=java.util.LinkedHashMap.valuesToArray([Ljava/lang/Object;)[Ljava/lang/Object; @ 12 c2
Event: 32.050 Thread 0x0000023530db4310 DEOPT PACKING pc=0x000002350aacf818 sp=0x00000068cd6f7c20
Event: 32.050 Thread 0x0000023530db4310 DEOPT UNPACKING pc=0x0000023507b166a3 sp=0x00000068cd6f7bb8 mode 2
Event: 32.050 Thread 0x0000023530db4310 Uncommon trap: trap_request=0xffffffbe fr.pc=0x000002350aacf818 relative=0x0000000000000178
Event: 32.050 Thread 0x0000023530db4310 Uncommon trap: reason=profile_predicate action=maybe_recompile pc=0x000002350aacf818 method=java.util.LinkedHashMap.valuesToArray([Ljava/lang/Object;)[Ljava/lang/Object; @ 12 c2
Event: 32.050 Thread 0x0000023530db4310 DEOPT PACKING pc=0x000002350aacf818 sp=0x00000068cd6f78a0
Event: 32.050 Thread 0x0000023530db4310 DEOPT UNPACKING pc=0x0000023507b166a3 sp=0x00000068cd6f7838 mode 2
Event: 32.050 Thread 0x0000023530db4310 Uncommon trap: trap_request=0xffffffbe fr.pc=0x000002350aacf818 relative=0x0000000000000178
Event: 32.050 Thread 0x0000023530db4310 Uncommon trap: reason=profile_predicate action=maybe_recompile pc=0x000002350aacf818 method=java.util.LinkedHashMap.valuesToArray([Ljava/lang/Object;)[Ljava/lang/Object; @ 12 c2
Event: 32.050 Thread 0x0000023530db4310 DEOPT PACKING pc=0x000002350aacf818 sp=0x00000068cd6f78a0
Event: 32.050 Thread 0x0000023530db4310 DEOPT UNPACKING pc=0x0000023507b166a3 sp=0x00000068cd6f7838 mode 2

Classes loaded (20 events):
Event: 30.553 Loading class com/sun/org/apache/xerces/internal/util/ErrorHandlerWrapper
Event: 30.553 Loading class com/sun/org/apache/xerces/internal/xni/parser/XMLErrorHandler
Event: 30.553 Loading class com/sun/org/apache/xerces/internal/xni/parser/XMLErrorHandler done
Event: 30.553 Loading class com/sun/org/apache/xerces/internal/util/ErrorHandlerWrapper done
Event: 30.553 Loading class com/sun/org/apache/xerces/internal/parsers/AbstractSAXParser$LocatorProxy
Event: 30.553 Loading class org/xml/sax/ext/Locator2
Event: 30.553 Loading class org/xml/sax/ext/Locator2 done
Event: 30.553 Loading class com/sun/org/apache/xerces/internal/parsers/AbstractSAXParser$LocatorProxy done
Event: 30.554 Loading class org/xml/sax/helpers/AttributesImpl
Event: 30.554 Loading class org/xml/sax/helpers/AttributesImpl done
Event: 30.554 Loading class java/util/regex/Pattern$Behind
Event: 30.554 Loading class java/util/regex/Pattern$Behind done
Event: 30.555 Loading class java/util/regex/Pattern$Neg
Event: 30.555 Loading class java/util/regex/Pattern$Neg done
Event: 30.560 Loading class javax/xml/datatype/DatatypeConfigurationException
Event: 30.560 Loading class javax/xml/datatype/DatatypeConfigurationException done
Event: 30.560 Loading class jdk/internal/reflect/UnsafeBooleanFieldAccessorImpl
Event: 30.560 Loading class jdk/internal/reflect/UnsafeBooleanFieldAccessorImpl done
Event: 30.560 Loading class jdk/internal/reflect/UnsafeIntegerFieldAccessorImpl
Event: 30.561 Loading class jdk/internal/reflect/UnsafeIntegerFieldAccessorImpl done

Classes unloaded (0 events):
No events

Classes redefined (0 events):
No events

Internal exceptions (20 events):
Event: 32.029 Thread 0x0000023530db4310 Exception <a 'java/lang/ClassNotFoundException'{0x00000000acf3e680}: com/android/build/gradle/internal/tasks/SigningConfigVersionsWriterTaskCustomizer> (0x00000000acf3e680) 
thrown [s\src\hotspot\share\classfile\systemDictionary.cpp, line 256]
Event: 32.029 Thread 0x0000023530db4310 Exception <a 'java/lang/ClassNotFoundException'{0x00000000acf6f040}: com/android/build/gradle/internal/tasks/SigningConfigVersionsWriterTask_DecoratedCustomizer> (0x00000000acf6f040) 
thrown [s\src\hotspot\share\classfile\systemDictionary.cpp, line 256]
Event: 32.038 Thread 0x0000023530db4310 Exception <a 'java/lang/ClassNotFoundException'{0x00000000ad1f49f0}: com/android/build/gradle/tasks/PackageApplication_DecoratedBeanInfo> (0x00000000ad1f49f0) 
thrown [s\src\hotspot\share\classfile\systemDictionary.cpp, line 256]
Event: 32.038 Thread 0x0000023530db4310 Exception <a 'java/lang/ClassNotFoundException'{0x00000000ad20a8f8}: com/android/build/gradle/tasks/PackageApplicationBeanInfo> (0x00000000ad20a8f8) 
thrown [s\src\hotspot\share\classfile\systemDictionary.cpp, line 256]
Event: 32.038 Thread 0x0000023530db4310 Exception <a 'java/lang/ClassNotFoundException'{0x00000000ad220848}: com/android/build/gradle/tasks/PackageAndroidArtifactBeanInfo> (0x00000000ad220848) 
thrown [s\src\hotspot\share\classfile\systemDictionary.cpp, line 256]
Event: 32.039 Thread 0x0000023530db4310 Exception <a 'java/lang/ClassNotFoundException'{0x00000000ad2368c0}: com/android/build/gradle/tasks/PackageAndroidArtifactCustomizer> (0x00000000ad2368c0) 
thrown [s\src\hotspot\share\classfile\systemDictionary.cpp, line 256]
Event: 32.040 Thread 0x0000023530db4310 Exception <a 'java/lang/ClassNotFoundException'{0x00000000ad29e498}: com/android/build/gradle/tasks/PackageApplicationCustomizer> (0x00000000ad29e498) 
thrown [s\src\hotspot\share\classfile\systemDictionary.cpp, line 256]
Event: 32.041 Thread 0x0000023530db4310 Exception <a 'java/lang/ClassNotFoundException'{0x00000000ad2d6c88}: com/android/build/gradle/tasks/PackageApplication_DecoratedCustomizer> (0x00000000ad2d6c88) 
thrown [s\src\hotspot\share\classfile\systemDictionary.cpp, line 256]
Event: 32.052 Thread 0x0000023530db4310 Exception <a 'java/lang/ClassNotFoundException'{0x00000000ad500d28}: com/android/build/gradle/internal/tasks/InstallVariantTask_DecoratedBeanInfo> (0x00000000ad500d28) 
thrown [s\src\hotspot\share\classfile\systemDictionary.cpp, line 256]
Event: 32.052 Thread 0x0000023530db4310 Exception <a 'java/lang/ClassNotFoundException'{0x00000000ad516f60}: com/android/build/gradle/internal/tasks/InstallVariantTaskBeanInfo> (0x00000000ad516f60) 
thrown [s\src\hotspot\share\classfile\systemDictionary.cpp, line 256]
Event: 32.053 Thread 0x0000023530db4310 Exception <a 'java/lang/ClassNotFoundException'{0x00000000ad52d198}: com/android/build/gradle/internal/tasks/InstallVariantTaskCustomizer> (0x00000000ad52d198) 
thrown [s\src\hotspot\share\classfile\systemDictionary.cpp, line 256]
Event: 32.054 Thread 0x0000023530db4310 Exception <a 'java/lang/ClassNotFoundException'{0x00000000ad55f490}: com/android/build/gradle/internal/tasks/InstallVariantTask_DecoratedCustomizer> (0x00000000ad55f490) 
thrown [s\src\hotspot\share\classfile\systemDictionary.cpp, line 256]
Event: 32.060 Thread 0x0000023530db4310 Exception <a 'java/lang/ClassNotFoundException'{0x00000000ad696a38}: com/android/build/gradle/internal/tasks/UninstallTask_DecoratedBeanInfo> (0x00000000ad696a38) 
thrown [s\src\hotspot\share\classfile\systemDictionary.cpp, line 256]
Event: 32.060 Thread 0x0000023530db4310 Exception <a 'java/lang/ClassNotFoundException'{0x00000000ad6aca98}: com/android/build/gradle/internal/tasks/UninstallTaskBeanInfo> (0x00000000ad6aca98) 
thrown [s\src\hotspot\share\classfile\systemDictionary.cpp, line 256]
Event: 32.061 Thread 0x0000023530db4310 Exception <a 'java/lang/ClassNotFoundException'{0x00000000ad6c2c18}: com/android/build/gradle/internal/tasks/UninstallTaskCustomizer> (0x00000000ad6c2c18) 
thrown [s\src\hotspot\share\classfile\systemDictionary.cpp, line 256]
Event: 32.062 Thread 0x0000023530db4310 Exception <a 'java/lang/ClassNotFoundException'{0x00000000ad6eb1f8}: com/android/build/gradle/internal/tasks/UninstallTask_DecoratedCustomizer> (0x00000000ad6eb1f8) 
thrown [s\src\hotspot\share\classfile\systemDictionary.cpp, line 256]
Event: 32.075 Thread 0x0000023530db4310 Exception <a 'java/lang/ClassNotFoundException'{0x00000000ad963260}: com/android/build/gradle/internal/tasks/DeviceProviderInstrumentTestTask_DecoratedBeanInfo> (0x00000000ad963260) 
thrown [s\src\hotspot\share\classfile\systemDictionary.cpp, line 256]
Event: 32.075 Thread 0x0000023530db4310 Exception <a 'java/lang/ClassNotFoundException'{0x00000000ad979850}: com/android/build/gradle/internal/tasks/DeviceProviderInstrumentTestTaskBeanInfo> (0x00000000ad979850) 
thrown [s\src\hotspot\share\classfile\systemDictionary.cpp, line 256]
Event: 32.075 Thread 0x0000023530db4310 Exception <a 'java/lang/ClassNotFoundException'{0x00000000ad98fe60}: com/android/build/gradle/internal/tasks/DeviceProviderInstrumentTestTaskCustomizer> (0x00000000ad98fe60) 
thrown [s\src\hotspot\share\classfile\systemDictionary.cpp, line 256]
Event: 32.076 Thread 0x0000023530db4310 Exception <a 'java/lang/ClassNotFoundException'{0x00000000ad9d5680}: com/android/build/gradle/internal/tasks/DeviceProviderInstrumentTestTask_DecoratedCustomizer> (0x00000000ad9d5680) 
thrown [s\src\hotspot\share\classfile\systemDictionary.cpp, line 256]

VM Operations (20 events):
Event: 30.516 Executing VM operation: HandshakeAllThreads
Event: 30.516 Executing VM operation: HandshakeAllThreads done
Event: 30.555 Executing VM operation: HandshakeAllThreads
Event: 30.555 Executing VM operation: HandshakeAllThreads done
Event: 30.661 Executing VM operation: HandshakeAllThreads
Event: 30.661 Executing VM operation: HandshakeAllThreads done
Event: 30.663 Executing VM operation: ICBufferFull
Event: 30.663 Executing VM operation: ICBufferFull done
Event: 30.862 Executing VM operation: ICBufferFull
Event: 30.862 Executing VM operation: ICBufferFull done
Event: 30.932 Executing VM operation: GenCollectForAllocation
Event: 31.055 Executing VM operation: GenCollectForAllocation done
Event: 31.253 Executing VM operation: ICBufferFull
Event: 31.253 Executing VM operation: ICBufferFull done
Event: 31.555 Executing VM operation: ICBufferFull
Event: 31.555 Executing VM operation: ICBufferFull done
Event: 31.803 Executing VM operation: HandshakeAllThreads
Event: 31.804 Executing VM operation: HandshakeAllThreads done
Event: 32.808 Executing VM operation: Cleanup
Event: 32.808 Executing VM operation: Cleanup done

Memory protections (0 events):
No events

Nmethod flushes (20 events):
Event: 30.577 Thread 0x00000235774d9460 flushing  nmethod 0x000002350a464e10
Event: 30.577 Thread 0x00000235774d9460 flushing  nmethod 0x000002350a49a790
Event: 30.578 Thread 0x00000235774d9460 flushing  nmethod 0x000002350a59e590
Event: 30.578 Thread 0x00000235774d9460 flushing  nmethod 0x000002350a5ba910
Event: 30.578 Thread 0x00000235774d9460 flushing  nmethod 0x000002350a5f5990
Event: 30.578 Thread 0x00000235774d9460 flushing  nmethod 0x000002350a618610
Event: 30.578 Thread 0x00000235774d9460 flushing  nmethod 0x000002350a618d10
Event: 30.578 Thread 0x00000235774d9460 flushing  nmethod 0x000002350a62fe10
Event: 30.578 Thread 0x00000235774d9460 flushing  nmethod 0x000002350a645010
Event: 30.578 Thread 0x00000235774d9460 flushing  nmethod 0x000002350a650d10
Event: 30.578 Thread 0x00000235774d9460 flushing  nmethod 0x000002350a65a290
Event: 30.578 Thread 0x00000235774d9460 flushing  nmethod 0x000002350a6fd010
Event: 30.579 Thread 0x00000235774d9460 flushing  nmethod 0x000002350a7a9b90
Event: 31.804 Thread 0x00000235774d9460 flushing  nmethod 0x0000023507cbbb90
Event: 31.804 Thread 0x00000235774d9460 flushing  nmethod 0x0000023507d8c610
Event: 31.807 Thread 0x00000235774d9460 flushing  nmethod 0x00000235081f9d90
Event: 31.807 Thread 0x00000235774d9460 flushing  nmethod 0x0000023508289990
Event: 31.812 Thread 0x00000235774d9460 flushing  nmethod 0x0000023508d8de90
Event: 31.824 Thread 0x00000235774d9460 flushing  nmethod 0x000002350a816590
Event: 31.824 Thread 0x00000235774d9460 flushing  nmethod 0x000002350a816910

Events (20 events):
Event: 19.736 Thread 0x00000235774d5830 Thread added: 0x0000023536130d10
Event: 20.702 Thread 0x0000023536130d10 Thread exited: 0x0000023536130d10
Event: 20.944 Thread 0x00000235361327a0 Thread exited: 0x00000235361327a0
Event: 21.570 Thread 0x00000235774d5830 Thread added: 0x0000023536130d10
Event: 21.706 Thread 0x0000023536130d10 Thread exited: 0x0000023536130d10
Event: 21.922 Thread 0x00000235774d5830 Thread added: 0x00000235361327a0
Event: 23.318 Thread 0x00000235361327a0 Thread exited: 0x00000235361327a0
Event: 23.922 Thread 0x00000235774d5830 Thread added: 0x00000235361327a0
Event: 24.350 Thread 0x00000235361327a0 Thread exited: 0x00000235361327a0
Event: 24.556 Thread 0x00000235774d1390 Thread added: 0x00000235361327a0
Event: 24.730 Thread 0x00000235774d5830 Thread added: 0x00000235339ce5b0
Event: 25.349 Thread 0x00000235339ce5b0 Thread exited: 0x00000235339ce5b0
Event: 25.601 Thread 0x00000235361327a0 Thread exited: 0x00000235361327a0
Event: 25.817 Thread 0x00000235774d1390 Thread added: 0x00000235339ce5b0
Event: 27.446 Thread 0x00000235339ce5b0 Thread exited: 0x00000235339ce5b0
Event: 27.598 Thread 0x00000235774d5830 Thread added: 0x00000235339cd5c0
Event: 27.792 Thread 0x00000235339cd5c0 Thread exited: 0x00000235339cd5c0
Event: 28.654 Thread 0x00000235774d5830 Thread added: 0x00000235339cd5c0
Event: 29.167 Thread 0x00000235774d5830 Thread added: 0x000002353c880700
Event: 31.056 Thread 0x0000023534492ae0 Thread added: 0x0000023531a31820


Dynamic libraries:
0x00007ff6a75b0000 - 0x00007ff6a75be000 	C:\Program Files\Eclipse Adoptium\jdk-17.0.17.10-hotspot\bin\java.exe
0x00007ffa14f80000 - 0x00007ffa151e8000 	C:\WINDOWS\SYSTEM32\ntdll.dll
0x00007ffa13340000 - 0x00007ffa13409000 	C:\WINDOWS\System32\KERNEL32.DLL
0x00007ffa12540000 - 0x00007ffa12931000 	C:\WINDOWS\System32\KERNELBASE.dll
0x00007ffa12360000 - 0x00007ffa124ab000 	C:\WINDOWS\System32\ucrtbase.dll
0x00007ff9e4860000 - 0x00007ff9e4878000 	C:\Program Files\Eclipse Adoptium\jdk-17.0.17.10-hotspot\bin\jli.dll
0x00007ff9e4800000 - 0x00007ff9e481e000 	C:\Program Files\Eclipse Adoptium\jdk-17.0.17.10-hotspot\bin\VCRUNTIME140.dll
0x00007ffa13e70000 - 0x00007ffa14036000 	C:\WINDOWS\System32\USER32.dll
0x00007ffa12940000 - 0x00007ffa12967000 	C:\WINDOWS\System32\win32u.dll
0x00007ffa13d90000 - 0x00007ffa13dbb000 	C:\WINDOWS\System32\GDI32.dll
0x00007ff9f9190000 - 0x00007ff9f9423000 	C:\WINDOWS\WinSxS\amd64_microsoft.windows.common-controls_6595b64144ccf1df_6.0.26100.7824_none_3e0870b2e3345462\COMCTL32.dll
0x00007ffa119c0000 - 0x00007ffa11aeb000 	C:\WINDOWS\System32\gdi32full.dll
0x00007ffa11860000 - 0x00007ffa11903000 	C:\WINDOWS\System32\msvcp_win.dll
0x00007ffa13090000 - 0x00007ffa13139000 	C:\WINDOWS\System32\msvcrt.dll
0x00007ffa12f00000 - 0x00007ffa12f31000 	C:\WINDOWS\System32\IMM32.DLL
0x00007ff9f5f00000 - 0x00007ff9f5f0c000 	C:\Program Files\Eclipse Adoptium\jdk-17.0.17.10-hotspot\bin\vcruntime140_1.dll
0x00007ff975a90000 - 0x00007ff975b1d000 	C:\Program Files\Eclipse Adoptium\jdk-17.0.17.10-hotspot\bin\msvcp140.dll
0x00007ffff3660000 - 0x00007ffff42cb000 	C:\Program Files\Eclipse Adoptium\jdk-17.0.17.10-hotspot\bin\server\jvm.dll
0x00007ffa12f40000 - 0x00007ffa12ff4000 	C:\WINDOWS\System32\ADVAPI32.dll
0x00007ffa13dc0000 - 0x00007ffa13e66000 	C:\WINDOWS\System32\sechost.dll
0x00007ffa14cd0000 - 0x00007ffa14de8000 	C:\WINDOWS\System32\RPCRT4.dll
0x00007ffa14df0000 - 0x00007ffa14e64000 	C:\WINDOWS\System32\WS2_32.dll
0x00007ffa11610000 - 0x00007ffa1166e000 	C:\WINDOWS\SYSTEM32\POWRPROF.dll
0x00007ffa04af0000 - 0x00007ffa04b25000 	C:\WINDOWS\SYSTEM32\WINMM.dll
0x00007ffa0acc0000 - 0x00007ffa0accb000 	C:\WINDOWS\SYSTEM32\VERSION.dll
0x00007ffa114f0000 - 0x00007ffa11504000 	C:\WINDOWS\SYSTEM32\UMPDC.dll
0x00007ffa105d0000 - 0x00007ffa105eb000 	C:\WINDOWS\SYSTEM32\kernel.appcore.dll
0x00007ff9f5e80000 - 0x00007ff9f5e8a000 	C:\Program Files\Eclipse Adoptium\jdk-17.0.17.10-hotspot\bin\jimage.dll
0x00007ff9fb630000 - 0x00007ff9fb872000 	C:\WINDOWS\SYSTEM32\DBGHELP.DLL
0x00007ffa14140000 - 0x00007ffa144c6000 	C:\WINDOWS\System32\combase.dll
0x00007ffa12d20000 - 0x00007ffa12df7000 	C:\WINDOWS\System32\OLEAUT32.dll
0x00007ff9e4350000 - 0x00007ff9e438b000 	C:\WINDOWS\SYSTEM32\dbgcore.DLL
0x00007ffa11910000 - 0x00007ffa119b5000 	C:\WINDOWS\System32\bcryptPrimitives.dll
0x00007ffa0d010000 - 0x00007ffa0d01e000 	C:\Program Files\Eclipse Adoptium\jdk-17.0.17.10-hotspot\bin\instrument.dll
0x00007ff9e47d0000 - 0x00007ff9e47f5000 	C:\Program Files\Eclipse Adoptium\jdk-17.0.17.10-hotspot\bin\java.dll
0x00007ff96f2b0000 - 0x00007ff96f387000 	C:\Program Files\Eclipse Adoptium\jdk-17.0.17.10-hotspot\bin\jsvml.dll
0x00007ffa14550000 - 0x00007ffa14ca2000 	C:\WINDOWS\System32\SHELL32.dll
0x00007ffa12bb0000 - 0x00007ffa12d1a000 	C:\WINDOWS\System32\wintypes.dll
0x00007ffa11af0000 - 0x00007ffa12353000 	C:\WINDOWS\System32\windows.storage.dll
0x00007ffa12e00000 - 0x00007ffa12ef6000 	C:\WINDOWS\System32\SHCORE.dll
0x00007ffa140d0000 - 0x00007ffa14137000 	C:\WINDOWS\System32\shlwapi.dll
0x00007ffa11780000 - 0x00007ffa117a9000 	C:\WINDOWS\SYSTEM32\profapi.dll
0x00007ff9ad950000 - 0x00007ff9ad968000 	C:\Program Files\Eclipse Adoptium\jdk-17.0.17.10-hotspot\bin\zip.dll
0x00007ff9e3660000 - 0x00007ff9e367a000 	C:\Program Files\Eclipse Adoptium\jdk-17.0.17.10-hotspot\bin\net.dll
0x00007ffa0a880000 - 0x00007ffa0a9a7000 	C:\WINDOWS\SYSTEM32\WINHTTP.dll
0x00007ffa10b50000 - 0x00007ffa10bbb000 	C:\WINDOWS\system32\mswsock.dll
0x00007ff9adc00000 - 0x00007ff9adc16000 	C:\Program Files\Eclipse Adoptium\jdk-17.0.17.10-hotspot\bin\nio.dll
0x00007ffa0d070000 - 0x00007ffa0d080000 	C:\Program Files\Eclipse Adoptium\jdk-17.0.17.10-hotspot\bin\verify.dll
0x00007ffa060d0000 - 0x00007ffa060f7000 	D:\gradle-home\native\1def1411415f61bf3af743bc5b6707747c0891f09f0c88961ee8f79bc544acac\windows-amd64\native-platform.dll
0x00007ff9f5f90000 - 0x00007ff9f6008000 	D:\gradle-home\native\0.2.7\x86_64-windows-gnu\gradle-fileevents.dll
0x00007ff9e4850000 - 0x00007ff9e485a000 	C:\Program Files\Eclipse Adoptium\jdk-17.0.17.10-hotspot\bin\management.dll
0x00007ff9e47c0000 - 0x00007ff9e47cc000 	C:\Program Files\Eclipse Adoptium\jdk-17.0.17.10-hotspot\bin\management_ext.dll
0x00007ffa131a0000 - 0x00007ffa131a8000 	C:\WINDOWS\System32\PSAPI.DLL
0x00007ffa0ffc0000 - 0x00007ffa0fff4000 	C:\WINDOWS\SYSTEM32\IPHLPAPI.DLL
0x00007ffa14e70000 - 0x00007ffa14e7a000 	C:\WINDOWS\System32\NSI.dll
0x00007ffa0a4d0000 - 0x00007ffa0a4ee000 	C:\WINDOWS\SYSTEM32\dhcpcsvc6.DLL
0x00007ffa0a4a0000 - 0x00007ffa0a4c3000 	C:\WINDOWS\SYSTEM32\dhcpcsvc.DLL
0x00007ffa10050000 - 0x00007ffa1017c000 	C:\WINDOWS\SYSTEM32\DNSAPI.dll
0x00007ff9c5230000 - 0x00007ff9c5239000 	C:\Program Files\Eclipse Adoptium\jdk-17.0.17.10-hotspot\bin\extnet.dll
0x00007ffa10e40000 - 0x00007ffa10e5b000 	C:\WINDOWS\SYSTEM32\CRYPTSP.dll
0x00007ffa10530000 - 0x00007ffa10569000 	C:\WINDOWS\system32\rsaenh.dll
0x00007ffa10c00000 - 0x00007ffa10c2b000 	C:\WINDOWS\SYSTEM32\USERENV.dll
0x00007ffa11750000 - 0x00007ffa1177a000 	C:\WINDOWS\SYSTEM32\bcrypt.dll
0x00007ffa10e60000 - 0x00007ffa10e6c000 	C:\WINDOWS\SYSTEM32\CRYPTBASE.dll
0x00007ff9c9c80000 - 0x00007ff9c9c8e000 	C:\Program Files\Eclipse Adoptium\jdk-17.0.17.10-hotspot\bin\sunmscapi.dll
0x00007ffa12a30000 - 0x00007ffa12ba7000 	C:\WINDOWS\System32\CRYPT32.dll
0x00007ffa11060000 - 0x00007ffa11090000 	C:\WINDOWS\SYSTEM32\ncrypt.dll
0x00007ffa11010000 - 0x00007ffa1104f000 	C:\WINDOWS\SYSTEM32\NTASN1.dll
0x00007ff9734c0000 - 0x00007ff9734c8000 	C:\WINDOWS\system32\wshunix.dll

dbghelp: loaded successfully - version: 4.0.5 - missing functions: none
symbol engine: initialized successfully - sym options: 0x614 - pdb path: .;C:\Program Files\Eclipse Adoptium\jdk-17.0.17.10-hotspot\bin;C:\WINDOWS\SYSTEM32;C:\WINDOWS\WinSxS\amd64_microsoft.windows.common-controls_6595b64144ccf1df_6.0.26100.7824_none_3e0870b2e3345462;C:\Program Files\Eclipse Adoptium\jdk-17.0.17.10-hotspot\bin\server;D:\gradle-home\native\1def1411415f61bf3af743bc5b6707747c0891f09f0c88961ee8f79bc544acac\windows-amd64;D:\gradle-home\native\0.2.7\x86_64-windows-gnu

VM Arguments:
jvm_args: --add-opens=java.base/java.lang=ALL-UNNAMED --add-opens=java.base/java.lang.invoke=ALL-UNNAMED --add-opens=java.base/java.util=ALL-UNNAMED --add-opens=java.prefs/java.util.prefs=ALL-UNNAMED --add-exports=jdk.compiler/com.sun.tools.javac.api=ALL-UNNAMED --add-exports=jdk.compiler/com.sun.tools.javac.util=ALL-UNNAMED --add-opens=java.base/java.util=ALL-UNNAMED --add-opens=java.prefs/java.util.prefs=ALL-UNNAMED --add-opens=java.base/java.nio.charset=ALL-UNNAMED --add-opens=java.base/java.net=ALL-UNNAMED --add-opens=java.base/java.util.concurrent.atomic=ALL-UNNAMED --add-opens=java.xml/javax.xml.namespace=ALL-UNNAMED -XX:MaxMetaspaceSize=512m -XX:ReservedCodeCacheSize=128m -XX:+UseSerialGC -Xmx1536m -Dfile.encoding=UTF-8 -Duser.country=KR -Duser.language=ko -Duser.variant -javaagent:D:\gradle-home\wrapper\dists\gradle-8.14.3-bin\cv11ve7ro1n3o1j4so8xd9n66\gradle-8.14.3\lib\agents\gradle-instrumentation-agent-8.14.3.jar 
java_command: org.gradle.launcher.daemon.bootstrap.GradleDaemon 8.14.3
java_class_path (initial): D:\gradle-home\wrapper\dists\gradle-8.14.3-bin\cv11ve7ro1n3o1j4so8xd9n66\gradle-8.14.3\lib\gradle-daemon-main-8.14.3.jar
Launcher Type: SUN_STANDARD

[Global flags]
     intx CICompilerCount                          = 4                                         {product} {ergonomic}
   size_t CompressedClassSpaceSize                 = 436207616                                 {product} {ergonomic}
   size_t InitialHeapSize                          = 1071644672                                {product} {ergonomic}
   size_t MaxHeapSize                              = 1610612736                                {product} {command line}
   size_t MaxMetaspaceSize                         = 536870912                                 {product} {command line}
   size_t MaxNewSize                               = 536870912                                 {product} {ergonomic}
   size_t MinHeapDeltaBytes                        = 196608                                    {product} {ergonomic}
   size_t MinHeapSize                              = 8388608                                   {product} {ergonomic}
   size_t NewSize                                  = 357171200                                 {product} {ergonomic}
    uintx NonProfiledCodeHeapSize                  = 0                                      {pd product} {ergonomic}
   size_t OldSize                                  = 714473472                                 {product} {ergonomic}
    uintx ProfiledCodeHeapSize                     = 0                                      {pd product} {ergonomic}
    uintx ReservedCodeCacheSize                    = 134217728                              {pd product} {command line}
   size_t SoftMaxHeapSize                          = 1610612736                             {manageable} {ergonomic}
     bool UseCompressedClassPointers               = true                           {product lp64_product} {ergonomic}
     bool UseCompressedOops                        = true                           {product lp64_product} {ergonomic}
     bool UseLargePagesIndividualAllocation        = false                                  {pd product} {ergonomic}
     bool UseSerialGC                              = true                                      {product} {command line}

Logging:
Log output configuration:
 #0: stdout all=warning uptime,level,tags
 #1: stderr all=off uptime,level,tags

Environment Variables:
JAVA_HOME=C:\Program Files\Eclipse Adoptium\jdk-17.0.17.10-hotspot
PATH=C:\Program Files\Eclipse Adoptium\jdk-17.0.17.10-hotspot\bin;f:\Programs\cursor\resources\app\bin;C:\Program Files (x86)\Common Files\Intel\Shared Libraries\redist\intel64\compiler;C:\WINDOWS\system32;C:\WINDOWS;C:\WINDOWS\System32\Wbem;C:\WINDOWS\System32\WindowsPowerShell\v1.0\;C:\WINDOWS\System32\OpenSSH\;C:\Program Files\Wondershare\Wondershare DemoCreator (Korean);D:\Vroom Talk\flutter\bin;D:\Vroom Talk\Android Studio\bin;C:\Program Files (x86)\ePapyrus\Papyrus-PlugIn-xfa;C:\Program Files (x86)\ePapyrus\Papyrus-PlugIn-xfa\Addins;C:\Program Files\NVIDIA Corporation\NVIDIA app\NvDLISR;C:\Program Files (x86)\NVIDIA Corporation\PhysX\Common;C:\Program Files\Microsoft SQL Server\150\Tools\Binn\;C:\Program Files\Microsoft SQL Server\Client SDK\ODBC\170\Tools\Binn\;C:\Program Files\dotnet\;F:\Windows Kits\10\Windows Performance Toolkit\;C:\ProgramData\chocolatey\bin;C:\Users\jch43\.dotnet\tools;C:\Users\jch43\AppData\Roaming\npm;f:\Prog;F:\Program Files\Git\cmd;C:\Program Files (x86)\Google\Cloud SDK\google-cloud-sdk\bin;C:\Program Files\cursor\resources\app\bin;C:\Users\jch43\AppData\Local\nvm;C:\nvm4w\nodejs;C:\Program Files\nodejs\;C:\Users\jch43\AppData\Local\Programs\Python\Python310\Scripts\;C:\Users\jch43\AppData\Local\Programs\Python\Python310\;f:\Programs\cursor\resources\app\bin;C:\Program Files (x86)\Common Files\Intel\Shared Libraries\redist\intel64\compiler;C:\WINDOWS\system32;C:\WINDOWS;C:\WINDOWS\System32\Wbem;C:\WINDOWS\System32\WindowsPowerShell\v1.0\;C:\WINDOWS\System32\OpenSSH\;C:\Program Files\Wondershare\Wondershare DemoCreator (Korean);D:\Vroom Talk\flutter\bin;D:\Vroom Talk\Android Studio\bin;C:\Program Files (x86)\ePapyrus\Papyrus-PlugIn-xfa;C:\Program Files (x86)\ePapyrus\Papyrus-PlugIn-xfa\Addins;C:\Program Files\NVIDIA Corporation\NVIDIA app\NvDLISR;C:\Program Files (x86)\NVIDIA Corporation\PhysX\Common;C:\Program Files\Microsoft SQL Server\150\Tools\Binn\;C:\Program Files\Microsoft SQL Server\Client SDK\ODBC\170\Tools\Binn\;C:\Program Files\dotnet\;F:\Windows Kits\10\Windows Performance Toolkit\;C:\ProgramData\chocolatey\bin;C:\Users\jch43\.dotnet\tools;C:\Users\jch43\AppData\Roaming\npm;f:\Prog;F:\Program Files\Git\cmd;C:\Program Files (x86)\G;
USERNAME=jch43
TMPDIR=C:\Users\Public\Documents\ESTsoft\CreatorTemp
OS=Windows_NT
PROCESSOR_IDENTIFIER=Intel64 Family 6 Model 165 Stepping 3, GenuineIntel
TMP=D:\temp
TEMP=D:\temp



Periodic native trim disabled


---------------  S Y S T E M  ---------------

OS:
 Windows 11 , 64 bit Build 26100 (10.0.26100.7705)
OS uptime: 21 days 18:40 hours
Hyper-V role detected

CPU: total 12 (initial active 12) (6 cores per cpu, 2 threads per core) family 6 model 165 stepping 3 microcode 0xe0, cx8, cmov, fxsr, ht, mmx, 3dnowpref, sse, sse2, sse3, ssse3, sse4.1, sse4.2, popcnt, lzcnt, tsc, tscinvbit, avx, avx2, aes, erms, clmul, bmi1, bmi2, adx, fma, vzeroupper, clflush, clflushopt, hv
Processor Information for all 12 processors :
  Max Mhz: 2904, Current Mhz: 2904, Mhz Limit: 2904

Memory: 4k page, system-wide physical 65404M (39636M free)
TotalPageFile size 262012M (AvailPageFile size 209M)
current process WorkingSet (physical memory assigned to process): 938M, peak: 940M
current process commit charge ("private bytes"): 1403M, peak: 1405M

vm_info: OpenJDK 64-Bit Server VM (17.0.17+10) for windows-amd64 JRE (17.0.17+10), built on Oct 21 2025 23:25:32 by "admin" with unknown MS VC++:1942

END.
