#
# There is insufficient memory for the Java Runtime Environment to continue.
# Native memory allocation (malloc) failed to allocate 268336 bytes. Error detail: Chunk::new
# Possible reasons:
#   The system is out of physical RAM or swap space
#   This process is running with CompressedOops enabled, and the Java Heap may be blocking the growth of the native heap
# Possible solutions:
#   Reduce memory load on the system
#   Increase physical memory or swap space
#   Check if swap backing store is full
#   Decrease Java heap size (-Xmx/-Xms)
#   Decrease number of Java threads
#   Decrease Java thread stack sizes (-Xss)
#   Set larger code cache with -XX:ReservedCodeCacheSize=
#   JVM is running with Unscaled Compressed Oops mode in which the Java heap is
#     placed in the first 4GB address space. The Java Heap base address is the
#     maximum limit for the native heap growth. Please use -XX:HeapBaseMinAddress
#     to set the Java Heap base and to place the Java Heap above 4GB virtual address.
# This output file may be truncated or incomplete.
#
#  Out of Memory Error (arena.cpp:191), pid=26724, tid=81448
#
# JRE version: OpenJDK Runtime Environment Temurin-17.0.17+10 (17.0.17+10) (build 17.0.17+10)
# Java VM: OpenJDK 64-Bit Server VM Temurin-17.0.17+10 (17.0.17+10, mixed mode, sharing, tiered, compressed oops, compressed class ptrs, serial gc, windows-amd64)
# No core dump will be written. Minidumps are not enabled by default on client versions of Windows
#

---------------  S U M M A R Y ------------

Command Line: --add-opens=java.base/java.lang=ALL-UNNAMED --add-opens=java.base/java.lang.invoke=ALL-UNNAMED --add-opens=java.base/java.util=ALL-UNNAMED --add-opens=java.prefs/java.util.prefs=ALL-UNNAMED --add-exports=jdk.compiler/com.sun.tools.javac.api=ALL-UNNAMED --add-exports=jdk.compiler/com.sun.tools.javac.util=ALL-UNNAMED --add-opens=java.base/java.util=ALL-UNNAMED --add-opens=java.prefs/java.util.prefs=ALL-UNNAMED --add-opens=java.base/java.nio.charset=ALL-UNNAMED --add-opens=java.base/java.net=ALL-UNNAMED --add-opens=java.base/java.util.concurrent.atomic=ALL-UNNAMED --add-opens=java.xml/javax.xml.namespace=ALL-UNNAMED -XX:MaxMetaspaceSize=512m -XX:ReservedCodeCacheSize=128m -XX:+UseSerialGC -Xmx1536m -Dfile.encoding=UTF-8 -Duser.country=KR -Duser.language=ko -Duser.variant -javaagent:D:\gradle-home\wrapper\dists\gradle-8.14.3-bin\cv11ve7ro1n3o1j4so8xd9n66\gradle-8.14.3\lib\agents\gradle-instrumentation-agent-8.14.3.jar org.gradle.launcher.daemon.bootstrap.GradleDaemon 8.14.3

Host: Intel(R) Core(TM) i5-10400F CPU @ 2.90GHz, 12 cores, 63G,  Windows 11 , 64 bit Build 26100 (10.0.26100.7705)
Time: Tue Mar 10 16:49:57 2026  Windows 11 , 64 bit Build 26100 (10.0.26100.7705) elapsed time: 543.884111 seconds (0d 0h 9m 3s)

---------------  T H R E A D  ---------------

Current thread (0x000002066abf7cf0):  JavaThread "C2 CompilerThread0" daemon [_thread_in_native, id=81448, stack(0x0000006739c00000,0x0000006739d00000)]


Current CompileTask:
C2:543884 73367       4       org.gradle.util.internal.CollectionUtils::collect (44 bytes)

Stack: [0x0000006739c00000,0x0000006739d00000]
Native frames: (J=compiled Java code, j=interpreted, Vv=VM code, C=native code)
V  [jvm.dll+0x683fb9]
V  [jvm.dll+0x83a1b5]
V  [jvm.dll+0x83bc2e]
V  [jvm.dll+0x83c2b3]
V  [jvm.dll+0x248eff]
V  [jvm.dll+0xad496]
V  [jvm.dll+0xadb3c]
V  [jvm.dll+0x3689ef]
V  [jvm.dll+0x1bc1ef]
V  [jvm.dll+0x219f10]
V  [jvm.dll+0x219200]
V  [jvm.dll+0x1a4920]
V  [jvm.dll+0x22989a]
V  [jvm.dll+0x227a4b]
V  [jvm.dll+0x7effb8]
V  [jvm.dll+0x7ea44c]
V  [jvm.dll+0x682e87]
C  [ucrtbase.dll+0x37b0]
C  [KERNEL32.DLL+0x2e8d7]
C  [ntdll.dll+0x8c40c]


---------------  P R O C E S S  ---------------

Threads class SMR info:
_java_thread_list=0x0000020620125a60, length=75, elements={
0x000002066ab58a30, 0x000002066abcc340, 0x000002066abcdda0, 0x000002066abe76a0,
0x000002066abe8430, 0x000002066abecbf0, 0x000002066abee9d0, 0x000002066abf7cf0,
0x000002066abf8e50, 0x000002066abfc2e0, 0x000002067a88a4e0, 0x000002067a9a5c30,
0x000002061b676f10, 0x000002067f473060, 0x000002061c3e9870, 0x000002067f3ff470,
0x000002067f3ff950, 0x000002061b5e7530, 0x000002061b5e56d0, 0x000002061b5e8460,
0x000002061b5e60f0, 0x000002061b5e7a40, 0x000002061b5e51c0, 0x000002061b5e7f50,
0x000002061b5e6600, 0x000002061b5e5be0, 0x000002061ca4f400, 0x000002061ca4e4d0,
0x000002061ca52190, 0x000002061ca51770, 0x000002061ca535d0, 0x000002061ca4fe20,
0x000002061ca53ae0, 0x000002061ca53ff0, 0x000002061ca54500, 0x000002061ca54a10,
0x000002061ca54f20, 0x000002061ca55430, 0x000002061ca55940, 0x000002061b5e6b10,
0x000002061b5e7020, 0x000002061b2b18f0, 0x000002061b2b1e00, 0x000002061b2afa90,
0x000002061b2af580, 0x000002061b2affa0, 0x000002061b2b04b0, 0x000002061b2b09c0,
0x000002061ca51260, 0x000002061ec41410, 0x000002061ec42850, 0x000002061ec42d60,
0x000002061ec404e0, 0x000002061ec3f5b0, 0x000002061ec43c90, 0x000002061ec446b0,
0x000002061ec44bc0, 0x000002061ec45af0, 0x000002061c9233f0, 0x000002061c9229d0,
0x000002061c923900, 0x000002061c925250, 0x000002061c926690, 0x000002061c9275c0,
0x000002061c927ad0, 0x000002061c927fe0, 0x000002061c928a00, 0x000002061ec450d0,
0x000002061ec455e0, 0x0000020628b89da0, 0x0000020628b8a2b0, 0x0000020628b87f40,
0x0000020628b8e990, 0x0000020632dd43e0, 0x0000020632dd4930
}

Java Threads: ( => current thread )
  0x000002066ab58a30 JavaThread "main" [_thread_blocked, id=20016, stack(0x0000006739400000,0x0000006739500000)]
  0x000002066abcc340 JavaThread "Reference Handler" daemon [_thread_blocked, id=15860, stack(0x0000006739600000,0x0000006739700000)]
  0x000002066abcdda0 JavaThread "Finalizer" daemon [_thread_blocked, id=82256, stack(0x0000006739700000,0x0000006739800000)]
  0x000002066abe76a0 JavaThread "Signal Dispatcher" daemon [_thread_blocked, id=38828, stack(0x0000006739800000,0x0000006739900000)]
  0x000002066abe8430 JavaThread "Attach Listener" daemon [_thread_blocked, id=15836, stack(0x0000006739900000,0x0000006739a00000)]
  0x000002066abecbf0 JavaThread "Service Thread" daemon [_thread_blocked, id=81880, stack(0x0000006739a00000,0x0000006739b00000)]
  0x000002066abee9d0 JavaThread "Monitor Deflation Thread" daemon [_thread_blocked, id=104532, stack(0x0000006739b00000,0x0000006739c00000)]
=>0x000002066abf7cf0 JavaThread "C2 CompilerThread0" daemon [_thread_in_native, id=81448, stack(0x0000006739c00000,0x0000006739d00000)]
  0x000002066abf8e50 JavaThread "C1 CompilerThread0" daemon [_thread_blocked, id=57144, stack(0x0000006739d00000,0x0000006739e00000)]
  0x000002066abfc2e0 JavaThread "Sweeper thread" daemon [_thread_blocked, id=1276, stack(0x0000006739e00000,0x0000006739f00000)]
  0x000002067a88a4e0 JavaThread "Common-Cleaner" daemon [_thread_blocked, id=4080, stack(0x0000006739f00000,0x000000673a000000)]
  0x000002067a9a5c30 JavaThread "Notification Thread" daemon [_thread_blocked, id=37208, stack(0x000000673a000000,0x000000673a100000)]
  0x000002061b676f10 JavaThread "Daemon health stats" [_thread_blocked, id=59168, stack(0x000000673a200000,0x000000673a300000)]
  0x000002067f473060 JavaThread "Incoming local TCP Connector on port 53172" [_thread_in_native, id=25208, stack(0x000000673a300000,0x000000673a400000)]
  0x000002061c3e9870 JavaThread "Daemon periodic checks" [_thread_blocked, id=84680, stack(0x000000673a500000,0x000000673a600000)]
  0x000002067f3ff470 JavaThread "Daemon" [_thread_blocked, id=99764, stack(0x000000673a600000,0x000000673a700000)]
  0x000002067f3ff950 JavaThread "Handler for socket connection from /127.0.0.1:53172 to /127.0.0.1:53173" [_thread_in_native, id=85300, stack(0x000000673a700000,0x000000673a800000)]
  0x000002061b5e7530 JavaThread "Cancel handler" [_thread_blocked, id=105896, stack(0x000000673a800000,0x000000673a900000)]
  0x000002061b5e56d0 JavaThread "Daemon worker" [_thread_blocked, id=90132, stack(0x000000673a900000,0x000000673aa00000)]
  0x000002061b5e8460 JavaThread "Asynchronous log dispatcher for DefaultDaemonConnection: socket connection from /127.0.0.1:53172 to /127.0.0.1:53173" [_thread_blocked, id=1968, stack(0x000000673aa00000,0x000000673ab00000)]
  0x000002061b5e60f0 JavaThread "Stdin handler" [_thread_blocked, id=88556, stack(0x000000673ab00000,0x000000673ac00000)]
  0x000002061b5e7a40 JavaThread "Daemon client event forwarder" [_thread_blocked, id=40100, stack(0x000000673ac00000,0x000000673ad00000)]
  0x000002061b5e51c0 JavaThread "Cache worker for journal cache (D:\gradle-home\caches\journal-1)" [_thread_blocked, id=101148, stack(0x000000673ad00000,0x000000673ae00000)]
  0x000002061b5e7f50 JavaThread "File lock request listener" [_thread_in_native, id=78180, stack(0x000000673ae00000,0x000000673af00000)]
  0x000002061b5e6600 JavaThread "Cache worker for file hash cache (D:\gradle-home\caches\8.14.3\fileHashes)" [_thread_blocked, id=420, stack(0x000000673af00000,0x000000673b000000)]
  0x000002061b5e5be0 JavaThread "Cache worker for file hash cache (D:\App-YooYLand\android\.gradle\8.14.3\fileHashes)" [_thread_blocked, id=40164, stack(0x000000673b000000,0x000000673b100000)]
  0x000002061ca4f400 JavaThread "Cache worker for Build Output Cleanup Cache (D:\App-YooYLand\android\.gradle\buildOutputCleanup)" [_thread_blocked, id=106244, stack(0x000000673b100000,0x000000673b200000)]
  0x000002061ca4e4d0 JavaThread "jar transforms" [_thread_blocked, id=79680, stack(0x000000673b300000,0x000000673b400000)]
  0x000002061ca52190 JavaThread "Cache worker for checksums cache (D:\App-YooYLand\android\.gradle\8.14.3\checksums)" [_thread_blocked, id=19280, stack(0x000000673b400000,0x000000673b500000)]
  0x000002061ca51770 JavaThread "Cache worker for file content cache (D:\gradle-home\caches\8.14.3\fileContent)" [_thread_blocked, id=37324, stack(0x000000673b500000,0x000000673b600000)]
  0x000002061ca535d0 JavaThread "Cache worker for cache directory md-supplier (D:\gradle-home\caches\8.14.3\md-supplier)" [_thread_blocked, id=90264, stack(0x000000673b200000,0x000000673b300000)]
  0x000002061ca4fe20 JavaThread "Cache worker for cache directory md-rule (D:\gradle-home\caches\8.14.3\md-rule)" [_thread_blocked, id=100452, stack(0x000000673b900000,0x000000673ba00000)]
  0x000002061ca53ae0 JavaThread "Cache worker for Build Output Cleanup Cache (D:\App-YooYLand\node_modules\react-native\node_modules\@react-native\gradle-plugin\.gradle\buildOutputCleanup)" [_thread_blocked, id=14052, stack(0x000000673ba00000,0x000000673bb00000)]
  0x000002061ca53ff0 JavaThread "Unconstrained build operations" [_thread_blocked, id=3188, stack(0x000000673bc00000,0x000000673bd00000)]
  0x000002061ca54500 JavaThread "Unconstrained build operations Thread 2" [_thread_blocked, id=47224, stack(0x000000673bd00000,0x000000673be00000)]
  0x000002061ca54a10 JavaThread "Unconstrained build operations Thread 3" [_thread_blocked, id=13076, stack(0x000000673be00000,0x000000673bf00000)]
  0x000002061ca54f20 JavaThread "Cache worker for Build Output Cleanup Cache (D:\App-YooYLand\node_modules\expo-modules-autolinking\android\expo-gradle-plugin\.gradle\buildOutputCleanup)" [_thread_blocked, id=85404, stack(0x000000673a400000,0x000000673a500000)]
  0x000002061ca55430 JavaThread "Unconstrained build operations Thread 4" [_thread_blocked, id=15720, stack(0x000000673c000000,0x000000673c100000)]
  0x000002061ca55940 JavaThread "Unconstrained build operations Thread 5" [_thread_blocked, id=32600, stack(0x000000673c100000,0x000000673c200000)]
  0x000002061b5e6b10 JavaThread "Unconstrained build operations Thread 6" [_thread_blocked, id=65980, stack(0x000000673c200000,0x000000673c300000)]
  0x000002061b5e7020 JavaThread "build event listener" [_thread_blocked, id=69420, stack(0x000000673bb00000,0x000000673bc00000)]
  0x000002061b2b18f0 JavaThread "Memory manager" [_thread_blocked, id=64952, stack(0x000000673c300000,0x000000673c400000)]
  0x000002061b2b1e00 JavaThread "Unconstrained build operations Thread 7" [_thread_blocked, id=14144, stack(0x000000673c400000,0x000000673c500000)]
  0x000002061b2afa90 JavaThread "build event listener" [_thread_blocked, id=63504, stack(0x000000673c500000,0x000000673c600000)]
  0x000002061b2af580 JavaThread "Unconstrained build operations Thread 8" [_thread_blocked, id=26952, stack(0x000000673c600000,0x000000673c700000)]
  0x000002061b2affa0 JavaThread "Unconstrained build operations Thread 9" [_thread_blocked, id=12420, stack(0x000000673c700000,0x000000673c800000)]
  0x000002061b2b04b0 JavaThread "Unconstrained build operations Thread 10" [_thread_blocked, id=97580, stack(0x000000673c800000,0x000000673c900000)]
  0x000002061b2b09c0 JavaThread "ForkJoinPool.commonPool-worker-1" daemon [_thread_blocked, id=95172, stack(0x000000673ca00000,0x000000673cb00000)]
  0x000002061ca51260 JavaThread "ForkJoinPool.commonPool-worker-4" daemon [_thread_blocked, id=106076, stack(0x000000673cd00000,0x000000673ce00000)]
  0x000002061ec41410 JavaThread "ForkJoinPool.commonPool-worker-9" daemon [_thread_blocked, id=47164, stack(0x000000673d200000,0x000000673d300000)]
  0x000002061ec42850 JavaThread "included builds Thread 2" [_thread_in_native, id=106336, stack(0x000000673d500000,0x000000673d600000)]
  0x000002061ec42d60 JavaThread "Cache worker for execution history cache (D:\App-YooYLand\node_modules\expo-modules-autolinking\android\expo-gradle-plugin\.gradle\8.14.3\executionHistory)" [_thread_blocked, id=93192, stack(0x000000673d600000,0x000000673d700000)]
  0x000002061ec404e0 JavaThread "Cache worker for execution history cache (D:\App-YooYLand\node_modules\react-native\node_modules\@react-native\gradle-plugin\.gradle\8.14.3\executionHistory)" [_thread_blocked, id=308, stack(0x000000673c900000,0x000000673ca00000)]
  0x000002061ec3f5b0 JavaThread "jar transforms Thread 2" [_thread_blocked, id=5812, stack(0x000000673bf00000,0x000000673c000000)]
  0x000002061ec43c90 JavaThread "Cache worker for Build Output Cleanup Cache (D:\App-YooYLand\node_modules\expo-modules-core\expo-module-gradle-plugin\.gradle\buildOutputCleanup)" [_thread_blocked, id=13656, stack(0x000000673d700000,0x000000673d800000)]
  0x000002061ec446b0 JavaThread "build event listener" [_thread_blocked, id=18148, stack(0x000000673da00000,0x000000673db00000)]
  0x000002061ec44bc0 JavaThread "jar transforms Thread 3" [_thread_blocked, id=65952, stack(0x000000673d900000,0x000000673da00000)]
  0x000002061ec45af0 JavaThread "Cache worker for execution history cache (D:\App-YooYLand\node_modules\expo-modules-core\expo-module-gradle-plugin\.gradle\8.14.3\executionHistory)" [_thread_blocked, id=11400, stack(0x000000673db00000,0x000000673dc00000)]
  0x000002061c9233f0 JavaThread "jar transforms Thread 4" [_thread_blocked, id=103172, stack(0x000000673dd00000,0x000000673de00000)]
  0x000002061c9229d0 JavaThread "jar transforms Thread 5" [_thread_blocked, id=104860, stack(0x000000673df00000,0x000000673e000000)]
  0x000002061c923900 JavaThread "jar transforms Thread 6" [_thread_blocked, id=68792, stack(0x000000673e000000,0x000000673e100000)]
  0x000002061c925250 JavaThread "build event listener" [_thread_blocked, id=91388, stack(0x000000673dc00000,0x000000673dd00000)]
  0x000002061c926690 JavaThread "Problems report writer" [_thread_blocked, id=100608, stack(0x000000673e300000,0x000000673e400000)]
  0x000002061c9275c0 JavaThread "jar transforms Thread 7" [_thread_blocked, id=11320, stack(0x000000673e500000,0x000000673e600000)]
  0x000002061c927ad0 JavaThread "jar transforms Thread 8" [_thread_blocked, id=17220, stack(0x000000673e600000,0x000000673e700000)]
  0x000002061c927fe0 JavaThread "jar transforms Thread 9" [_thread_blocked, id=88548, stack(0x000000673e700000,0x000000673e800000)]
  0x000002061c928a00 JavaThread "jar transforms Thread 10" [_thread_blocked, id=101768, stack(0x000000673e800000,0x000000673e900000)]
  0x000002061ec450d0 JavaThread "jar transforms Thread 11" [_thread_blocked, id=26712, stack(0x000000673e900000,0x000000673ea00000)]
  0x000002061ec455e0 JavaThread "jar transforms Thread 12" [_thread_blocked, id=108464, stack(0x000000673ea00000,0x000000673eb00000)]
  0x0000020628b89da0 JavaThread "Cache worker for execution history cache (D:\App-YooYLand\android\.gradle\8.14.3\executionHistory)" [_thread_blocked, id=54312, stack(0x000000673de00000,0x000000673df00000)]
  0x0000020628b8a2b0 JavaThread "WorkerExecutor Queue Thread 3" [_thread_blocked, id=103480, stack(0x000000673cc00000,0x000000673cd00000)]
  0x0000020628b87f40 JavaThread "Cache worker for Java compile cache (D:\gradle-home\caches\8.14.3\javaCompile)" [_thread_blocked, id=71660, stack(0x000000673d000000,0x000000673d100000)]
  0x0000020628b8e990 JavaThread "Build operations" [_thread_blocked, id=107472, stack(0x000000673ce00000,0x000000673cf00000)]
  0x0000020632dd43e0 JavaThread "C2 CompilerThread1" daemon [_thread_blocked, id=14024, stack(0x0000006739200000,0x0000006739300000)]
  0x0000020632dd4930 JavaThread "C2 CompilerThread2" daemon [_thread_blocked, id=21136, stack(0x0000006739300000,0x0000006739400000)]

Other Threads:
  0x00000206687fecf0 VMThread "VM Thread" [stack: 0x0000006739500000,0x0000006739600000] [id=56568]
  0x000002067a965fa0 WatcherThread [stack: 0x000000673a100000,0x000000673a200000] [id=89264]

Threads with active compile tasks:
C2 CompilerThread0  543940 73367       4       org.gradle.util.internal.CollectionUtils::collect (44 bytes)

VM state: not at safepoint (normal execution)

VM Mutex/Monitor currently owned by a thread: None

Heap address: 0x00000000a0000000, size: 1536 MB, Compressed Oops mode: 32-bit

CDS archive(s) mapped at: [0x0000020600000000-0x0000020600bb0000-0x0000020600bb0000), size 12255232, SharedBaseAddress: 0x0000020600000000, ArchiveRelocationMode: 1.
Compressed class space mapped at: 0x0000020601000000-0x000002061b000000, reserved size: 436207616
Narrow klass base: 0x0000020600000000, Narrow klass shift: 0, Narrow klass range: 0x100000000

GC Precious Log:
 CPUs: 12 total, 12 available
 Memory: 65404M
 Large Page Support: Disabled
 NUMA Support: Disabled
 Compressed Oops: Enabled (32-bit)
 Heap Min Capacity: 8M
 Heap Initial Capacity: 1022M
 Heap Max Capacity: 1536M
 Pre-touch: Disabled

Heap:
 def new generation   total 324288K, used 107828K [0x00000000a0000000, 0x00000000b5fd0000, 0x00000000c0000000)
  eden space 288320K,  28% used [0x00000000a0000000, 0x00000000a509da18, 0x00000000b1990000)
  from space 35968K,  70% used [0x00000000b1990000, 0x00000000b323f798, 0x00000000b3cb0000)
  to   space 35968K,   0% used [0x00000000b3cb0000, 0x00000000b3cb0000, 0x00000000b5fd0000)
 tenured generation   total 719860K, used 655107K [0x00000000c0000000, 0x00000000ebefd000, 0x0000000100000000)
   the space 719860K,  91% used [0x00000000c0000000, 0x00000000e7fc0cd0, 0x00000000e7fc0e00, 0x00000000ebefd000)
 Metaspace       used 410473K, committed 413312K, reserved 884736K
  class space    used 48650K, committed 49920K, reserved 425984K

Card table byte_map: [0x000002066a400000,0x000002066a710000] _byte_map_base: 0x0000020669f00000

Polling page: 0x0000020668a60000

Metaspace:

Usage:
  Non-class:    353.34 MB used.
      Class:     47.51 MB used.
       Both:    400.85 MB used.

Virtual space:
  Non-class space:      448.00 MB reserved,     354.88 MB ( 79%) committed,  7 nodes.
      Class space:      416.00 MB reserved,      48.75 MB ( 12%) committed,  1 nodes.
             Both:      864.00 MB reserved,     403.62 MB ( 47%) committed. 

Chunk freelists:
   Non-Class:  44.62 MB
       Class:  15.31 MB
        Both:  59.93 MB

MaxMetaspaceSize: 512.00 MB
CompressedClassSpaceSize: 416.00 MB
Initial GC threshold: 21.00 MB
Current GC threshold: 491.50 MB
CDS: on
MetaspaceReclaimPolicy: balanced
 - commit_granule_bytes: 65536.
 - commit_granule_words: 8192.
 - virtual_space_node_default_size: 8388608.
 - enlarge_chunks_in_place: 1.
 - new_chunks_are_fully_committed: 0.
 - uncommit_free_chunks: 1.
 - use_allocation_guard: 0.
 - handle_deallocations: 1.


Internal statistics:

num_allocs_failed_limit: 21.
num_arena_births: 3968.
num_arena_deaths: 56.
num_vsnodes_births: 8.
num_vsnodes_deaths: 0.
num_space_committed: 8929.
num_space_uncommitted: 2477.
num_chunks_returned_to_freelist: 5278.
num_chunks_taken_from_freelist: 25235.
num_chunk_merges: 2548.
num_chunk_splits: 19914.
num_chunks_enlarged: 16371.
num_inconsistent_stats: 0.

CodeCache: size=131072Kb used=110078Kb max_used=125045Kb free=20994Kb
 bounds [0x00000206726c0000, 0x000002067a100000, 0x000002067a6c0000]
 total_blobs=35602 nmethods=34222 adapters=1290
 compilation: enabled
              stopped_count=0, restarted_count=0
 full_count=0

Compilation events (20 events):
Event: 539.806 Thread 0x000002066abf8e50 nmethod 73372 0x0000020674eb3a90 code [0x0000020674eb3c20, 0x0000020674eb3d18]
Event: 539.807 Thread 0x0000020632dd4930 nmethod 73371 0x0000020674d5af10 code [0x0000020674d5b0a0, 0x0000020674d5b1e8]
Event: 539.808 Thread 0x0000020632dd4930 73373   !   4       sun.nio.fs.WindowsDirectoryStream::iterator (66 bytes)
Event: 539.808 Thread 0x0000020632dd43e0 73374       4       sun.nio.fs.WindowsDirectoryStream$WindowsDirectoryIterator::<init> (73 bytes)
Event: 539.813 Thread 0x0000020632dd43e0 nmethod 73374 0x0000020673a1ad10 code [0x0000020673a1aec0, 0x0000020673a1b2f8]
Event: 539.814 Thread 0x0000020632dd4930 nmethod 73373 0x00000206738afc90 code [0x00000206738afe40, 0x00000206738b0538]
Event: 539.851 Thread 0x0000020632dd4930 73375       4       com.google.common.collect.AbstractIterator::<init> (12 bytes)
Event: 539.851 Thread 0x0000020632dd43e0 73376       4       com.google.common.collect.AbstractIterator::hasNext (61 bytes)
Event: 539.851 Thread 0x0000020632dd4930 nmethod 73375 0x0000020674fb0590 code [0x0000020674fb0720, 0x0000020674fb07d8]
Event: 539.851 Thread 0x0000020632dd4930 73377       4       java.lang.String::join (281 bytes)
Event: 541.844 Thread 0x0000020632dd43e0 nmethod 73376 0x000002067498cd90 code [0x000002067498cfc0, 0x000002067498db58]
Event: 541.844 Thread 0x0000020632dd43e0 73378       4       java.lang.Integer::numberOfTrailingZeros (80 bytes)
Event: 541.845 Thread 0x0000020632dd43e0 nmethod 73378 0x0000020674fb0090 code [0x0000020674fb0200, 0x0000020674fb02f8]
Event: 541.845 Thread 0x0000020632dd43e0 73379       4       java.lang.Long::numberOfTrailingZeros (26 bytes)
Event: 541.846 Thread 0x0000020632dd43e0 nmethod 73379 0x0000020674fe1390 code [0x0000020674fe1500, 0x0000020674fe1598]
Event: 541.846 Thread 0x0000020632dd43e0 73380       4       java.util.regex.Pattern$$Lambda$18/0x800000028::is (9 bytes)
Event: 541.847 Thread 0x0000020632dd4930 nmethod 73377 0x0000020673197510 code [0x0000020673197700, 0x0000020673198758]
Event: 541.847 Thread 0x0000020632dd43e0 nmethod 73380 0x0000020674fe0e90 code [0x0000020674fe1020, 0x0000020674fe10d8]
Event: 541.847 Thread 0x0000020632dd43e0 73381       4       java.util.regex.Pattern::lambda$Single$7 (11 bytes)
Event: 541.848 Thread 0x0000020632dd43e0 nmethod 73381 0x0000020675257c90 code [0x0000020675257e00, 0x0000020675257e98]

GC Heap History (20 events):
Event: 506.445 GC heap before
{Heap before GC invocations=41 (full 7):
 def new generation   total 324288K, used 312892K [0x00000000a0000000, 0x00000000b5fd0000, 0x00000000c0000000)
  eden space 288320K, 100% used [0x00000000a0000000, 0x00000000b1990000, 0x00000000b1990000)
  from space 35968K,  68% used [0x00000000b1990000, 0x00000000b318f3d0, 0x00000000b3cb0000)
  to   space 35968K,   0% used [0x00000000b3cb0000, 0x00000000b3cb0000, 0x00000000b5fd0000)
 tenured generation   total 719860K, used 462312K [0x00000000c0000000, 0x00000000ebefd000, 0x0000000100000000)
   the space 719860K,  64% used [0x00000000c0000000, 0x00000000dc37a230, 0x00000000dc37a400, 0x00000000ebefd000)
 Metaspace       used 371928K, committed 374656K, reserved 884736K
  class space    used 45439K, committed 46656K, reserved 425984K
}
Event: 506.575 GC heap after
{Heap after GC invocations=42 (full 7):
 def new generation   total 324288K, used 35968K [0x00000000a0000000, 0x00000000b5fd0000, 0x00000000c0000000)
  eden space 288320K,   0% used [0x00000000a0000000, 0x00000000a0000000, 0x00000000b1990000)
  from space 35968K, 100% used [0x00000000b3cb0000, 0x00000000b5fd0000, 0x00000000b5fd0000)
  to   space 35968K,   0% used [0x00000000b1990000, 0x00000000b1990000, 0x00000000b3cb0000)
 tenured generation   total 719860K, used 498451K [0x00000000c0000000, 0x00000000ebefd000, 0x0000000100000000)
   the space 719860K,  69% used [0x00000000c0000000, 0x00000000de6c4e58, 0x00000000de6c5000, 0x00000000ebefd000)
 Metaspace       used 371928K, committed 374656K, reserved 884736K
  class space    used 45439K, committed 46656K, reserved 425984K
}
Event: 508.475 GC heap before
{Heap before GC invocations=42 (full 7):
 def new generation   total 324288K, used 324288K [0x00000000a0000000, 0x00000000b5fd0000, 0x00000000c0000000)
  eden space 288320K, 100% used [0x00000000a0000000, 0x00000000b1990000, 0x00000000b1990000)
  from space 35968K, 100% used [0x00000000b3cb0000, 0x00000000b5fd0000, 0x00000000b5fd0000)
  to   space 35968K,   0% used [0x00000000b1990000, 0x00000000b1990000, 0x00000000b3cb0000)
 tenured generation   total 719860K, used 498451K [0x00000000c0000000, 0x00000000ebefd000, 0x0000000100000000)
   the space 719860K,  69% used [0x00000000c0000000, 0x00000000de6c4e58, 0x00000000de6c5000, 0x00000000ebefd000)
 Metaspace       used 373119K, committed 375872K, reserved 884736K
  class space    used 45492K, committed 46720K, reserved 425984K
}
Event: 508.548 GC heap after
{Heap after GC invocations=43 (full 7):
 def new generation   total 324288K, used 7759K [0x00000000a0000000, 0x00000000b5fd0000, 0x00000000c0000000)
  eden space 288320K,   0% used [0x00000000a0000000, 0x00000000a0000000, 0x00000000b1990000)
  from space 35968K,  21% used [0x00000000b1990000, 0x00000000b2123d80, 0x00000000b3cb0000)
  to   space 35968K,   0% used [0x00000000b3cb0000, 0x00000000b3cb0000, 0x00000000b5fd0000)
 tenured generation   total 719860K, used 534221K [0x00000000c0000000, 0x00000000ebefd000, 0x0000000100000000)
   the space 719860K,  74% used [0x00000000c0000000, 0x00000000e09b3418, 0x00000000e09b3600, 0x00000000ebefd000)
 Metaspace       used 373119K, committed 375872K, reserved 884736K
  class space    used 45492K, committed 46720K, reserved 425984K
}
Event: 508.883 GC heap before
{Heap before GC invocations=43 (full 7):
 def new generation   total 324288K, used 296079K [0x00000000a0000000, 0x00000000b5fd0000, 0x00000000c0000000)
  eden space 288320K, 100% used [0x00000000a0000000, 0x00000000b1990000, 0x00000000b1990000)
  from space 35968K,  21% used [0x00000000b1990000, 0x00000000b2123d80, 0x00000000b3cb0000)
  to   space 35968K,   0% used [0x00000000b3cb0000, 0x00000000b3cb0000, 0x00000000b5fd0000)
 tenured generation   total 719860K, used 534221K [0x00000000c0000000, 0x00000000ebefd000, 0x0000000100000000)
   the space 719860K,  74% used [0x00000000c0000000, 0x00000000e09b3418, 0x00000000e09b3600, 0x00000000ebefd000)
 Metaspace       used 373146K, committed 375872K, reserved 884736K
  class space    used 45492K, committed 46720K, reserved 425984K
}
Event: 508.900 GC heap after
{Heap after GC invocations=44 (full 7):
 def new generation   total 324288K, used 7421K [0x00000000a0000000, 0x00000000b5fd0000, 0x00000000c0000000)
  eden space 288320K,   0% used [0x00000000a0000000, 0x00000000a0000000, 0x00000000b1990000)
  from space 35968K,  20% used [0x00000000b3cb0000, 0x00000000b43ef4b0, 0x00000000b5fd0000)
  to   space 35968K,   0% used [0x00000000b1990000, 0x00000000b1990000, 0x00000000b3cb0000)
 tenured generation   total 719860K, used 534221K [0x00000000c0000000, 0x00000000ebefd000, 0x0000000100000000)
   the space 719860K,  74% used [0x00000000c0000000, 0x00000000e09b3418, 0x00000000e09b3600, 0x00000000ebefd000)
 Metaspace       used 373146K, committed 375872K, reserved 884736K
  class space    used 45492K, committed 46720K, reserved 425984K
}
Event: 509.127 GC heap before
{Heap before GC invocations=44 (full 7):
 def new generation   total 324288K, used 295741K [0x00000000a0000000, 0x00000000b5fd0000, 0x00000000c0000000)
  eden space 288320K, 100% used [0x00000000a0000000, 0x00000000b1990000, 0x00000000b1990000)
  from space 35968K,  20% used [0x00000000b3cb0000, 0x00000000b43ef4b0, 0x00000000b5fd0000)
  to   space 35968K,   0% used [0x00000000b1990000, 0x00000000b1990000, 0x00000000b3cb0000)
 tenured generation   total 719860K, used 534221K [0x00000000c0000000, 0x00000000ebefd000, 0x0000000100000000)
   the space 719860K,  74% used [0x00000000c0000000, 0x00000000e09b3418, 0x00000000e09b3600, 0x00000000ebefd000)
 Metaspace       used 373173K, committed 375872K, reserved 884736K
  class space    used 45492K, committed 46720K, reserved 425984K
}
Event: 509.140 GC heap after
{Heap after GC invocations=45 (full 7):
 def new generation   total 324288K, used 7404K [0x00000000a0000000, 0x00000000b5fd0000, 0x00000000c0000000)
  eden space 288320K,   0% used [0x00000000a0000000, 0x00000000a0000000, 0x00000000b1990000)
  from space 35968K,  20% used [0x00000000b1990000, 0x00000000b20cb288, 0x00000000b3cb0000)
  to   space 35968K,   0% used [0x00000000b3cb0000, 0x00000000b3cb0000, 0x00000000b5fd0000)
 tenured generation   total 719860K, used 534221K [0x00000000c0000000, 0x00000000ebefd000, 0x0000000100000000)
   the space 719860K,  74% used [0x00000000c0000000, 0x00000000e09b3418, 0x00000000e09b3600, 0x00000000ebefd000)
 Metaspace       used 373173K, committed 375872K, reserved 884736K
  class space    used 45492K, committed 46720K, reserved 425984K
}
Event: 514.066 GC heap before
{Heap before GC invocations=45 (full 7):
 def new generation   total 324288K, used 295724K [0x00000000a0000000, 0x00000000b5fd0000, 0x00000000c0000000)
  eden space 288320K, 100% used [0x00000000a0000000, 0x00000000b1990000, 0x00000000b1990000)
  from space 35968K,  20% used [0x00000000b1990000, 0x00000000b20cb288, 0x00000000b3cb0000)
  to   space 35968K,   0% used [0x00000000b3cb0000, 0x00000000b3cb0000, 0x00000000b5fd0000)
 tenured generation   total 719860K, used 534221K [0x00000000c0000000, 0x00000000ebefd000, 0x0000000100000000)
   the space 719860K,  74% used [0x00000000c0000000, 0x00000000e09b3418, 0x00000000e09b3600, 0x00000000ebefd000)
 Metaspace       used 375303K, committed 378048K, reserved 884736K
  class space    used 45660K, committed 46912K, reserved 425984K
}
Event: 514.145 GC heap after
{Heap after GC invocations=46 (full 7):
 def new generation   total 324288K, used 29209K [0x00000000a0000000, 0x00000000b5fd0000, 0x00000000c0000000)
  eden space 288320K,   0% used [0x00000000a0000000, 0x00000000a0000000, 0x00000000b1990000)
  from space 35968K,  81% used [0x00000000b3cb0000, 0x00000000b5936768, 0x00000000b5fd0000)
  to   space 35968K,   0% used [0x00000000b1990000, 0x00000000b1990000, 0x00000000b3cb0000)
 tenured generation   total 719860K, used 534221K [0x00000000c0000000, 0x00000000ebefd000, 0x0000000100000000)
   the space 719860K,  74% used [0x00000000c0000000, 0x00000000e09b3418, 0x00000000e09b3600, 0x00000000ebefd000)
 Metaspace       used 375303K, committed 378048K, reserved 884736K
  class space    used 45660K, committed 46912K, reserved 425984K
}
Event: 519.085 GC heap before
{Heap before GC invocations=46 (full 7):
 def new generation   total 324288K, used 317529K [0x00000000a0000000, 0x00000000b5fd0000, 0x00000000c0000000)
  eden space 288320K, 100% used [0x00000000a0000000, 0x00000000b1990000, 0x00000000b1990000)
  from space 35968K,  81% used [0x00000000b3cb0000, 0x00000000b5936768, 0x00000000b5fd0000)
  to   space 35968K,   0% used [0x00000000b1990000, 0x00000000b1990000, 0x00000000b3cb0000)
 tenured generation   total 719860K, used 534221K [0x00000000c0000000, 0x00000000ebefd000, 0x0000000100000000)
   the space 719860K,  74% used [0x00000000c0000000, 0x00000000e09b3418, 0x00000000e09b3600, 0x00000000ebefd000)
 Metaspace       used 380374K, committed 383104K, reserved 884736K
  class space    used 46039K, committed 47296K, reserved 425984K
}
Event: 519.180 GC heap after
{Heap after GC invocations=47 (full 7):
 def new generation   total 324288K, used 13119K [0x00000000a0000000, 0x00000000b5fd0000, 0x00000000c0000000)
  eden space 288320K,   0% used [0x00000000a0000000, 0x00000000a0000000, 0x00000000b1990000)
  from space 35968K,  36% used [0x00000000b1990000, 0x00000000b265fdd8, 0x00000000b3cb0000)
  to   space 35968K,   0% used [0x00000000b3cb0000, 0x00000000b3cb0000, 0x00000000b5fd0000)
 tenured generation   total 719860K, used 563313K [0x00000000c0000000, 0x00000000ebefd000, 0x0000000100000000)
   the space 719860K,  78% used [0x00000000c0000000, 0x00000000e261c410, 0x00000000e261c600, 0x00000000ebefd000)
 Metaspace       used 380374K, committed 383104K, reserved 884736K
  class space    used 46039K, committed 47296K, reserved 425984K
}
Event: 523.780 GC heap before
{Heap before GC invocations=47 (full 7):
 def new generation   total 324288K, used 301439K [0x00000000a0000000, 0x00000000b5fd0000, 0x00000000c0000000)
  eden space 288320K, 100% used [0x00000000a0000000, 0x00000000b1990000, 0x00000000b1990000)
  from space 35968K,  36% used [0x00000000b1990000, 0x00000000b265fdd8, 0x00000000b3cb0000)
  to   space 35968K,   0% used [0x00000000b3cb0000, 0x00000000b3cb0000, 0x00000000b5fd0000)
 tenured generation   total 719860K, used 563313K [0x00000000c0000000, 0x00000000ebefd000, 0x0000000100000000)
   the space 719860K,  78% used [0x00000000c0000000, 0x00000000e261c410, 0x00000000e261c600, 0x00000000ebefd000)
 Metaspace       used 398790K, committed 401472K, reserved 884736K
  class space    used 47805K, committed 49024K, reserved 425984K
}
Event: 523.919 GC heap after
{Heap after GC invocations=48 (full 7):
 def new generation   total 324288K, used 35968K [0x00000000a0000000, 0x00000000b5fd0000, 0x00000000c0000000)
  eden space 288320K,   0% used [0x00000000a0000000, 0x00000000a0000000, 0x00000000b1990000)
  from space 35968K, 100% used [0x00000000b3cb0000, 0x00000000b5fd0000, 0x00000000b5fd0000)
  to   space 35968K,   0% used [0x00000000b1990000, 0x00000000b1990000, 0x00000000b3cb0000)
 tenured generation   total 719860K, used 577766K [0x00000000c0000000, 0x00000000ebefd000, 0x0000000100000000)
   the space 719860K,  80% used [0x00000000c0000000, 0x00000000e3439ba8, 0x00000000e3439c00, 0x00000000ebefd000)
 Metaspace       used 398790K, committed 401472K, reserved 884736K
  class space    used 47805K, committed 49024K, reserved 425984K
}
Event: 528.222 GC heap before
{Heap before GC invocations=48 (full 7):
 def new generation   total 324288K, used 324288K [0x00000000a0000000, 0x00000000b5fd0000, 0x00000000c0000000)
  eden space 288320K, 100% used [0x00000000a0000000, 0x00000000b1990000, 0x00000000b1990000)
  from space 35968K, 100% used [0x00000000b3cb0000, 0x00000000b5fd0000, 0x00000000b5fd0000)
  to   space 35968K,   0% used [0x00000000b1990000, 0x00000000b1990000, 0x00000000b3cb0000)
 tenured generation   total 719860K, used 577766K [0x00000000c0000000, 0x00000000ebefd000, 0x0000000100000000)
   the space 719860K,  80% used [0x00000000c0000000, 0x00000000e3439ba8, 0x00000000e3439c00, 0x00000000ebefd000)
 Metaspace       used 408228K, committed 410944K, reserved 884736K
  class space    used 48535K, committed 49792K, reserved 425984K
}
Event: 528.322 GC heap after
{Heap after GC invocations=49 (full 7):
 def new generation   total 324288K, used 16065K [0x00000000a0000000, 0x00000000b5fd0000, 0x00000000c0000000)
  eden space 288320K,   0% used [0x00000000a0000000, 0x00000000a0000000, 0x00000000b1990000)
  from space 35968K,  44% used [0x00000000b1990000, 0x00000000b2940690, 0x00000000b3cb0000)
  to   space 35968K,   0% used [0x00000000b3cb0000, 0x00000000b3cb0000, 0x00000000b5fd0000)
 tenured generation   total 719860K, used 613207K [0x00000000c0000000, 0x00000000ebefd000, 0x0000000100000000)
   the space 719860K,  85% used [0x00000000c0000000, 0x00000000e56d5c68, 0x00000000e56d5e00, 0x00000000ebefd000)
 Metaspace       used 408228K, committed 410944K, reserved 884736K
  class space    used 48535K, committed 49792K, reserved 425984K
}
Event: 530.789 GC heap before
{Heap before GC invocations=49 (full 7):
 def new generation   total 324288K, used 304385K [0x00000000a0000000, 0x00000000b5fd0000, 0x00000000c0000000)
  eden space 288320K, 100% used [0x00000000a0000000, 0x00000000b1990000, 0x00000000b1990000)
  from space 35968K,  44% used [0x00000000b1990000, 0x00000000b2940690, 0x00000000b3cb0000)
  to   space 35968K,   0% used [0x00000000b3cb0000, 0x00000000b3cb0000, 0x00000000b5fd0000)
 tenured generation   total 719860K, used 613207K [0x00000000c0000000, 0x00000000ebefd000, 0x0000000100000000)
   the space 719860K,  85% used [0x00000000c0000000, 0x00000000e56d5c68, 0x00000000e56d5e00, 0x00000000ebefd000)
 Metaspace       used 409097K, committed 411840K, reserved 884736K
  class space    used 48556K, committed 49792K, reserved 425984K
}
Event: 530.856 GC heap after
{Heap after GC invocations=50 (full 7):
 def new generation   total 324288K, used 35968K [0x00000000a0000000, 0x00000000b5fd0000, 0x00000000c0000000)
  eden space 288320K,   0% used [0x00000000a0000000, 0x00000000a0000000, 0x00000000b1990000)
  from space 35968K, 100% used [0x00000000b3cb0000, 0x00000000b5fd0000, 0x00000000b5fd0000)
  to   space 35968K,   0% used [0x00000000b1990000, 0x00000000b1990000, 0x00000000b3cb0000)
 tenured generation   total 719860K, used 619609K [0x00000000c0000000, 0x00000000ebefd000, 0x0000000100000000)
   the space 719860K,  86% used [0x00000000c0000000, 0x00000000e5d16640, 0x00000000e5d16800, 0x00000000ebefd000)
 Metaspace       used 409097K, committed 411840K, reserved 884736K
  class space    used 48556K, committed 49792K, reserved 425984K
}
Event: 532.969 GC heap before
{Heap before GC invocations=50 (full 7):
 def new generation   total 324288K, used 324288K [0x00000000a0000000, 0x00000000b5fd0000, 0x00000000c0000000)
  eden space 288320K, 100% used [0x00000000a0000000, 0x00000000b1990000, 0x00000000b1990000)
  from space 35968K, 100% used [0x00000000b3cb0000, 0x00000000b5fd0000, 0x00000000b5fd0000)
  to   space 35968K,   0% used [0x00000000b1990000, 0x00000000b1990000, 0x00000000b3cb0000)
 tenured generation   total 719860K, used 619609K [0x00000000c0000000, 0x00000000ebefd000, 0x0000000100000000)
   the space 719860K,  86% used [0x00000000c0000000, 0x00000000e5d16640, 0x00000000e5d16800, 0x00000000ebefd000)
 Metaspace       used 409729K, committed 412416K, reserved 884736K
  class space    used 48575K, committed 49792K, reserved 425984K
}
Event: 533.058 GC heap after
{Heap after GC invocations=51 (full 7):
 def new generation   total 324288K, used 25277K [0x00000000a0000000, 0x00000000b5fd0000, 0x00000000c0000000)
  eden space 288320K,   0% used [0x00000000a0000000, 0x00000000a0000000, 0x00000000b1990000)
  from space 35968K,  70% used [0x00000000b1990000, 0x00000000b323f798, 0x00000000b3cb0000)
  to   space 35968K,   0% used [0x00000000b3cb0000, 0x00000000b3cb0000, 0x00000000b5fd0000)
 tenured generation   total 719860K, used 655107K [0x00000000c0000000, 0x00000000ebefd000, 0x0000000100000000)
   the space 719860K,  91% used [0x00000000c0000000, 0x00000000e7fc0cd0, 0x00000000e7fc0e00, 0x00000000ebefd000)
 Metaspace       used 409729K, committed 412416K, reserved 884736K
  class space    used 48575K, committed 49792K, reserved 425984K
}

Dll operation events (15 events):
Event: 0.033 Loaded shared library C:\Program Files\Eclipse Adoptium\jdk-17.0.17.10-hotspot\bin\java.dll
Event: 0.045 Loaded shared library C:\Program Files\Eclipse Adoptium\jdk-17.0.17.10-hotspot\bin\jsvml.dll
Event: 0.082 Loaded shared library C:\Program Files\Eclipse Adoptium\jdk-17.0.17.10-hotspot\bin\zip.dll
Event: 0.085 Loaded shared library C:\Program Files\Eclipse Adoptium\jdk-17.0.17.10-hotspot\bin\instrument.dll
Event: 0.089 Loaded shared library C:\Program Files\Eclipse Adoptium\jdk-17.0.17.10-hotspot\bin\net.dll
Event: 0.091 Loaded shared library C:\Program Files\Eclipse Adoptium\jdk-17.0.17.10-hotspot\bin\nio.dll
Event: 0.093 Loaded shared library C:\Program Files\Eclipse Adoptium\jdk-17.0.17.10-hotspot\bin\zip.dll
Event: 0.270 Loaded shared library C:\Program Files\Eclipse Adoptium\jdk-17.0.17.10-hotspot\bin\jimage.dll
Event: 0.374 Loaded shared library C:\Program Files\Eclipse Adoptium\jdk-17.0.17.10-hotspot\bin\verify.dll
Event: 0.444 Loaded shared library D:\gradle-home\native\1def1411415f61bf3af743bc5b6707747c0891f09f0c88961ee8f79bc544acac\windows-amd64\native-platform.dll
Event: 0.481 Loaded shared library D:\gradle-home\native\0.2.7\x86_64-windows-gnu\gradle-fileevents.dll
Event: 2.218 Loaded shared library C:\Program Files\Eclipse Adoptium\jdk-17.0.17.10-hotspot\bin\management.dll
Event: 2.221 Loaded shared library C:\Program Files\Eclipse Adoptium\jdk-17.0.17.10-hotspot\bin\management_ext.dll
Event: 2.644 Loaded shared library C:\Program Files\Eclipse Adoptium\jdk-17.0.17.10-hotspot\bin\extnet.dll
Event: 2.881 Loaded shared library C:\Program Files\Eclipse Adoptium\jdk-17.0.17.10-hotspot\bin\sunmscapi.dll

Deoptimization events (20 events):
Event: 534.697 Thread 0x000002063045cfc0 Uncommon trap: trap_request=0xffffff45 fr.pc=0x0000020673844ec0 relative=0x00000000000004c0
Event: 534.697 Thread 0x000002063045cfc0 Uncommon trap: reason=unstable_if action=reinterpret pc=0x0000020673844ec0 method=org.jetbrains.kotlin.com.google.common.collect.AbstractMapBasedMultimap$WrappedCollection.refreshIfEmpty()V @ 45 c2
Event: 534.697 Thread 0x000002063045cfc0 DEOPT PACKING pc=0x0000020673844ec0 sp=0x00000067393fe5b0
Event: 534.697 Thread 0x000002063045cfc0 DEOPT UNPACKING pc=0x00000206727166a3 sp=0x00000067393fe508 mode 2
Event: 534.697 Thread 0x000002063045cfc0 Uncommon trap: trap_request=0xffffff45 fr.pc=0x0000020678e50f6c relative=0x000000000000040c
Event: 534.697 Thread 0x000002063045cfc0 Uncommon trap: reason=unstable_if action=reinterpret pc=0x0000020678e50f6c method=org.jetbrains.kotlin.com.google.common.collect.AbstractMapBasedMultimap$WrappedCollection.refreshIfEmpty()V @ 45 c2
Event: 534.697 Thread 0x000002063045cfc0 DEOPT PACKING pc=0x0000020678e50f6c sp=0x00000067393fe540
Event: 534.697 Thread 0x000002063045cfc0 DEOPT UNPACKING pc=0x00000206727166a3 sp=0x00000067393fe508 mode 2
Event: 534.738 Thread 0x000002063045cfc0 Uncommon trap: trap_request=0xffffffde fr.pc=0x0000020674aaaf90 relative=0x0000000000000070
Event: 534.738 Thread 0x000002063045cfc0 Uncommon trap: reason=class_check action=maybe_recompile pc=0x0000020674aaaf90 method=org.jetbrains.kotlin.com.intellij.reference.SoftReference.dereference(Ljava/lang/ref/Reference;)Ljava/lang/Object; @ 9 c2
Event: 534.738 Thread 0x000002063045cfc0 DEOPT PACKING pc=0x0000020674aaaf90 sp=0x00000067393fe400
Event: 534.738 Thread 0x000002063045cfc0 DEOPT UNPACKING pc=0x00000206727166a3 sp=0x00000067393fe390 mode 2
Event: 534.738 Thread 0x000002063045cfc0 Uncommon trap: trap_request=0xffffffde fr.pc=0x0000020674aaaf90 relative=0x0000000000000070
Event: 534.738 Thread 0x000002063045cfc0 Uncommon trap: reason=class_check action=maybe_recompile pc=0x0000020674aaaf90 method=org.jetbrains.kotlin.com.intellij.reference.SoftReference.dereference(Ljava/lang/ref/Reference;)Ljava/lang/Object; @ 9 c2
Event: 534.738 Thread 0x000002063045cfc0 DEOPT PACKING pc=0x0000020674aaaf90 sp=0x00000067393fe400
Event: 534.738 Thread 0x000002063045cfc0 DEOPT UNPACKING pc=0x00000206727166a3 sp=0x00000067393fe390 mode 2
Event: 534.738 Thread 0x000002063045cfc0 Uncommon trap: trap_request=0xffffffde fr.pc=0x0000020674609fe8 relative=0x00000000000000c8
Event: 534.738 Thread 0x000002063045cfc0 Uncommon trap: reason=class_check action=maybe_recompile pc=0x0000020674609fe8 method=kotlin.collections.AbstractMap.values()Ljava/util/Collection; @ 1 c2
Event: 534.738 Thread 0x000002063045cfc0 DEOPT PACKING pc=0x0000020674609fe8 sp=0x00000067393fe6f0
Event: 534.738 Thread 0x000002063045cfc0 DEOPT UNPACKING pc=0x00000206727166a3 sp=0x00000067393fe680 mode 2

Classes loaded (20 events):
Event: 458.077 Loading class com/sun/org/apache/xerces/internal/dom/DOMImplementationImpl
Event: 458.078 Loading class org/w3c/dom/DOMImplementation
Event: 458.078 Loading class org/w3c/dom/DOMImplementation done
Event: 458.078 Loading class com/sun/org/apache/xerces/internal/dom/CoreDOMImplementationImpl
Event: 458.078 Loading class org/w3c/dom/ls/DOMImplementationLS
Event: 458.078 Loading class org/w3c/dom/ls/DOMImplementationLS done
Event: 458.078 Loading class com/sun/org/apache/xerces/internal/dom/CoreDOMImplementationImpl done
Event: 458.078 Loading class com/sun/org/apache/xerces/internal/dom/DOMImplementationImpl done
Event: 458.078 Loading class com/sun/org/apache/xerces/internal/dom/DeferredDOMImplementationImpl
Event: 458.078 Loading class com/sun/org/apache/xerces/internal/dom/DeferredDOMImplementationImpl done
Event: 458.206 Loading class java/net/HttpURLConnection
Event: 458.207 Loading class java/net/HttpURLConnection done
Event: 458.208 Loading class sun/net/ProgressMonitor
Event: 458.208 Loading class sun/net/ProgressMonitor done
Event: 458.208 Loading class sun/net/DefaultProgressMeteringPolicy
Event: 458.208 Loading class sun/net/ProgressMeteringPolicy
Event: 458.208 Loading class sun/net/ProgressMeteringPolicy done
Event: 458.208 Loading class sun/net/DefaultProgressMeteringPolicy done
Event: 498.500 Loading class java/text/FieldPosition$Delegate
Event: 498.500 Loading class java/text/FieldPosition$Delegate done

Classes unloaded (20 events):
Event: 493.331 Thread 0x00000206687fecf0 Unloading class 0x0000020602f41ad0 'org/jetbrains/kotlin/config/CompilerConfiguration'
Event: 493.331 Thread 0x00000206687fecf0 Unloading class 0x0000020602f41888 'org/jetbrains/kotlin/cli/common/arguments/CommonCompilerArguments'
Event: 493.331 Thread 0x00000206687fecf0 Unloading class 0x0000020602f41678 'org/jetbrains/kotlin/cli/common/arguments/CommonToolArguments'
Event: 493.331 Thread 0x00000206687fecf0 Unloading class 0x0000020602f41470 'org/jetbrains/kotlin/cli/common/arguments/Freezable'
Event: 493.331 Thread 0x00000206687fecf0 Unloading class 0x0000020602f41270 'org/jetbrains/kotlin/cli/jvm/K2JVMCompiler$Companion'
Event: 493.331 Thread 0x00000206687fecf0 Unloading class 0x0000020602f41018 'org/jetbrains/kotlin/cli/jvm/compiler/CompileEnvironmentException'
Event: 493.331 Thread 0x00000206687fecf0 Unloading class 0x0000020602f40e18 'org/jetbrains/kotlin/cli/common/CLICompiler$Companion'
Event: 493.331 Thread 0x00000206687fecf0 Unloading class 0x0000020602f40b58 'org/jetbrains/kotlin/codegen/CompilationException'
Event: 493.331 Thread 0x00000206687fecf0 Unloading class 0x0000020602f408a0 'org/jetbrains/kotlin/utils/KotlinExceptionWithAttachments'
Event: 493.331 Thread 0x00000206687fecf0 Unloading class 0x0000020602f406a8 'org/jetbrains/kotlin/utils/exceptions/KotlinExceptionWithAttachments'
Event: 493.331 Thread 0x00000206687fecf0 Unloading class 0x0000020602f404b0 'org/jetbrains/kotlin/com/intellij/openapi/diagnostic/ExceptionWithAttachments'
Event: 493.331 Thread 0x00000206687fecf0 Unloading class 0x0000020602f40258 'org/jetbrains/kotlin/analyzer/CompilationErrorException'
Event: 493.331 Thread 0x00000206687fecf0 Unloading class 0x0000020602f40000 'org/jetbrains/kotlin/progress/CompilationCanceledException'
Event: 493.331 Thread 0x00000206687fecf0 Unloading class 0x0000020602f3fcb0 'org/jetbrains/kotlin/com/intellij/openapi/progress/ProcessCanceledException'
Event: 493.331 Thread 0x00000206687fecf0 Unloading class 0x0000020602f3fab8 'org/jetbrains/kotlin/com/intellij/openapi/diagnostic/ControlFlowException'
Event: 493.331 Thread 0x00000206687fecf0 Unloading class 0x0000020602f3f860 'org/jetbrains/kotlin/cli/jvm/K2JVMCompiler'
Event: 493.331 Thread 0x00000206687fecf0 Unloading class 0x0000020602f3f610 'org/jetbrains/kotlin/cli/common/CLICompiler'
Event: 493.331 Thread 0x00000206687fecf0 Unloading class 0x0000020602f3f408 'org/jetbrains/kotlin/config/Services$Builder'
Event: 493.331 Thread 0x00000206687fecf0 Unloading class 0x0000020602f3f208 'org/jetbrains/kotlin/config/Services$Companion'
Event: 493.331 Thread 0x00000206687fecf0 Unloading class 0x0000020602f3f000 'org/jetbrains/kotlin/config/Services'

Classes redefined (0 events):
No events

Internal exceptions (20 events):
Event: 522.366 Thread 0x000002063045cfc0 Implicit null exception at 0x0000020674c720d0 to 0x0000020674c72658
Event: 522.456 Thread 0x000002063045cfc0 Implicit null exception at 0x0000020674551060 to 0x0000020674551b48
Event: 522.609 Thread 0x000002063045cfc0 Implicit null exception at 0x0000020672ff9864 to 0x0000020672ff9b90
Event: 523.357 Thread 0x000002063045cfc0 Implicit null exception at 0x0000020674c711a0 to 0x0000020674c71528
Event: 524.364 Thread 0x000002063045cfc0 Implicit null exception at 0x0000020674f53d90 to 0x0000020674f53e18
Event: 524.434 Thread 0x000002063045cfc0 Exception <a 'java/lang/NoSuchMethodError'{0x00000000a149a108}: 'java.lang.Object java.lang.invoke.DirectMethodHandle$Holder.invokeStatic(java.lang.Object, java.lang.Object, java.lang.Object, java.lang.Object, java.lang.Object, java.lang.Object, java.lang.Object, int, java.lang.Object, java.lang.Object)'> (0x00000000a149a108) 
thrown [s\src\hotspot\share\interpreter\linkResolver.cpp, line 759]
Event: 524.472 Thread 0x000002063045cfc0 Implicit null exception at 0x0000020673f95cb6 to 0x0000020673f96690
Event: 524.472 Thread 0x000002063045cfc0 Implicit null exception at 0x0000020672d18120 to 0x0000020672d189bc
Event: 524.472 Thread 0x000002063045cfc0 Implicit null exception at 0x0000020674d65a96 to 0x0000020674d663d4
Event: 524.599 Thread 0x000002063045cfc0 Implicit null exception at 0x00000206793a0052 to 0x00000206793a1018
Event: 525.047 Thread 0x000002063045cfc0 Implicit null exception at 0x0000020674fa0054 to 0x0000020674fa05f4
Event: 525.489 Thread 0x000002063045cfc0 Implicit null exception at 0x0000020679ba3d4a to 0x0000020679ba4ff0
Event: 525.935 Thread 0x000002063045cfc0 Implicit null exception at 0x0000020674b579d7 to 0x0000020674b585e4
Event: 525.967 Thread 0x000002063045cfc0 Implicit null exception at 0x0000020674e9648e to 0x0000020674e98d7c
Event: 530.676 Thread 0x000002063045cfc0 Implicit null exception at 0x0000020674ed0cad to 0x0000020674ed1388
Event: 531.349 Thread 0x000002063045cfc0 Implicit null exception at 0x0000020674ab7bc8 to 0x0000020674abd740
Event: 539.548 Thread 0x000002061ec42850 Exception <a 'sun/nio/fs/WindowsException'{0x00000000a3f31ad0}> (0x00000000a3f31ad0) 
thrown [s\src\hotspot\share\prims\jni.cpp, line 516]
Event: 539.548 Thread 0x000002061ec42850 Exception <a 'sun/nio/fs/WindowsException'{0x00000000a3f32c68}> (0x00000000a3f32c68) 
thrown [s\src\hotspot\share\prims\jni.cpp, line 516]
Event: 539.548 Thread 0x000002061ec42850 Exception <a 'sun/nio/fs/WindowsException'{0x00000000a3f32e20}> (0x00000000a3f32e20) 
thrown [s\src\hotspot\share\prims\jni.cpp, line 516]
Event: 539.548 Thread 0x0000020628b8a2b0 Exception <a 'sun/nio/fs/WindowsException'{0x00000000a2ca5fd8}> (0x00000000a2ca5fd8) 
thrown [s\src\hotspot\share\prims\jni.cpp, line 516]

VM Operations (20 events):
Event: 532.519 Executing VM operation: HandshakeAllThreads
Event: 532.519 Executing VM operation: HandshakeAllThreads done
Event: 532.519 Executing VM operation: HandshakeAllThreads
Event: 532.519 Executing VM operation: HandshakeAllThreads done
Event: 532.969 Executing VM operation: GenCollectForAllocation
Event: 533.058 Executing VM operation: GenCollectForAllocation done
Event: 534.065 Executing VM operation: Cleanup
Event: 534.065 Executing VM operation: Cleanup done
Event: 534.696 Executing VM operation: HandshakeAllThreads
Event: 534.696 Executing VM operation: HandshakeAllThreads done
Event: 535.711 Executing VM operation: Cleanup
Event: 535.711 Executing VM operation: Cleanup done
Event: 536.712 Executing VM operation: Cleanup
Event: 536.712 Executing VM operation: Cleanup done
Event: 539.728 Executing VM operation: Cleanup
Event: 539.728 Executing VM operation: Cleanup done
Event: 540.613 Executing VM operation: HandshakeAllThreads
Event: 540.613 Executing VM operation: HandshakeAllThreads done
Event: 541.621 Executing VM operation: Cleanup
Event: 541.621 Executing VM operation: Cleanup done

Memory protections (0 events):
No events

Nmethod flushes (20 events):
Event: 532.523 Thread 0x000002066abfc2e0 flushing osr nmethod 0x00000206731de310
Event: 532.523 Thread 0x000002066abfc2e0 flushing  nmethod 0x00000206731e1010
Event: 532.523 Thread 0x000002066abfc2e0 flushing  nmethod 0x00000206731e1410
Event: 532.523 Thread 0x000002066abfc2e0 flushing  nmethod 0x00000206731e1910
Event: 532.523 Thread 0x000002066abfc2e0 flushing  nmethod 0x0000020673274790
Event: 532.525 Thread 0x000002066abfc2e0 flushing  nmethod 0x000002067366f690
Event: 532.526 Thread 0x000002066abfc2e0 flushing  nmethod 0x00000206738f5b10
Event: 532.526 Thread 0x000002066abfc2e0 flushing  nmethod 0x00000206739ce790
Event: 532.526 Thread 0x000002066abfc2e0 flushing  nmethod 0x0000020673a33290
Event: 532.526 Thread 0x000002066abfc2e0 flushing  nmethod 0x0000020673acb990
Event: 532.527 Thread 0x000002066abfc2e0 flushing  nmethod 0x0000020673bc5110
Event: 532.527 Thread 0x000002066abfc2e0 flushing  nmethod 0x0000020673c6e690
Event: 532.528 Thread 0x000002066abfc2e0 flushing osr nmethod 0x0000020673d92c90
Event: 532.528 Thread 0x000002066abfc2e0 flushing  nmethod 0x0000020673d93110
Event: 532.528 Thread 0x000002066abfc2e0 flushing  nmethod 0x0000020673d93e90
Event: 532.528 Thread 0x000002066abfc2e0 flushing  nmethod 0x0000020673d94190
Event: 532.528 Thread 0x000002066abfc2e0 flushing  nmethod 0x0000020673d94610
Event: 532.528 Thread 0x000002066abfc2e0 flushing  nmethod 0x0000020673e9d390
Event: 532.531 Thread 0x000002066abfc2e0 flushing  nmethod 0x00000206745ec110
Event: 532.532 Thread 0x000002066abfc2e0 flushing  nmethod 0x0000020674765990

Events (20 events):
Event: 500.831 Thread 0x0000020629d1cda0 Thread exited: 0x0000020629d1cda0
Event: 501.037 Thread 0x000002066abf8e50 Thread added: 0x0000020629d20810
Event: 501.041 Thread 0x000002066abf8e50 Thread added: 0x0000020629d202c0
Event: 503.106 Thread 0x0000020629d202c0 Thread exited: 0x0000020629d202c0
Event: 503.106 Thread 0x0000020629d20810 Thread exited: 0x0000020629d20810
Event: 503.132 Thread 0x000002066abf8e50 Thread added: 0x0000020629d1fd70
Event: 503.362 Thread 0x000002066abf8e50 Thread added: 0x0000020629d202c0
Event: 506.575 Thread 0x0000020629d202c0 Thread exited: 0x0000020629d202c0
Event: 507.461 Thread 0x000002066abf8e50 Thread added: 0x000002061fc43ee0
Event: 534.150 Thread 0x000002061fc43ee0 Thread exited: 0x000002061fc43ee0
Event: 534.351 Thread 0x0000020629d1fd70 Thread exited: 0x0000020629d1fd70
Event: 534.480 Thread 0x000002066abf7cf0 Thread added: 0x0000020632dd53d0
Event: 534.480 Thread 0x000002066abf7cf0 Thread added: 0x0000020632dd2400
Event: 534.761 Thread 0x000002063045cfc0 Thread exited: 0x000002063045cfc0
Event: 535.144 Thread 0x0000020632dd2400 Thread exited: 0x0000020632dd2400
Event: 535.786 Thread 0x0000020632dd53d0 Thread exited: 0x0000020632dd53d0
Event: 539.495 Thread 0x000002066abf7cf0 Thread added: 0x0000020632dd2400
Event: 539.717 Thread 0x0000020632dd2400 Thread exited: 0x0000020632dd2400
Event: 539.771 Thread 0x000002066abf8e50 Thread added: 0x0000020632dd43e0
Event: 539.771 Thread 0x000002066abf8e50 Thread added: 0x0000020632dd4930


Dynamic libraries:
0x00007ff6a75b0000 - 0x00007ff6a75be000 	C:\Program Files\Eclipse Adoptium\jdk-17.0.17.10-hotspot\bin\java.exe
0x00007ffa14f80000 - 0x00007ffa151e8000 	C:\WINDOWS\SYSTEM32\ntdll.dll
0x00007ffa13340000 - 0x00007ffa13409000 	C:\WINDOWS\System32\KERNEL32.DLL
0x00007ffa12540000 - 0x00007ffa12931000 	C:\WINDOWS\System32\KERNELBASE.dll
0x00007ffa12360000 - 0x00007ffa124ab000 	C:\WINDOWS\System32\ucrtbase.dll
0x00007ff9e4860000 - 0x00007ff9e4878000 	C:\Program Files\Eclipse Adoptium\jdk-17.0.17.10-hotspot\bin\jli.dll
0x00007ff9e4800000 - 0x00007ff9e481e000 	C:\Program Files\Eclipse Adoptium\jdk-17.0.17.10-hotspot\bin\VCRUNTIME140.dll
0x00007ffa13e70000 - 0x00007ffa14036000 	C:\WINDOWS\System32\USER32.dll
0x00007ffa12940000 - 0x00007ffa12967000 	C:\WINDOWS\System32\win32u.dll
0x00007ffa13d90000 - 0x00007ffa13dbb000 	C:\WINDOWS\System32\GDI32.dll
0x00007ff9f9190000 - 0x00007ff9f9423000 	C:\WINDOWS\WinSxS\amd64_microsoft.windows.common-controls_6595b64144ccf1df_6.0.26100.7824_none_3e0870b2e3345462\COMCTL32.dll
0x00007ffa119c0000 - 0x00007ffa11aeb000 	C:\WINDOWS\System32\gdi32full.dll
0x00007ffa13090000 - 0x00007ffa13139000 	C:\WINDOWS\System32\msvcrt.dll
0x00007ffa11860000 - 0x00007ffa11903000 	C:\WINDOWS\System32\msvcp_win.dll
0x00007ffa12f00000 - 0x00007ffa12f31000 	C:\WINDOWS\System32\IMM32.DLL
0x00007ff9f5f00000 - 0x00007ff9f5f0c000 	C:\Program Files\Eclipse Adoptium\jdk-17.0.17.10-hotspot\bin\vcruntime140_1.dll
0x00007ff975a90000 - 0x00007ff975b1d000 	C:\Program Files\Eclipse Adoptium\jdk-17.0.17.10-hotspot\bin\msvcp140.dll
0x00007ffff3660000 - 0x00007ffff42cb000 	C:\Program Files\Eclipse Adoptium\jdk-17.0.17.10-hotspot\bin\server\jvm.dll
0x00007ffa12f40000 - 0x00007ffa12ff4000 	C:\WINDOWS\System32\ADVAPI32.dll
0x00007ffa13dc0000 - 0x00007ffa13e66000 	C:\WINDOWS\System32\sechost.dll
0x00007ffa14cd0000 - 0x00007ffa14de8000 	C:\WINDOWS\System32\RPCRT4.dll
0x00007ffa14df0000 - 0x00007ffa14e64000 	C:\WINDOWS\System32\WS2_32.dll
0x00007ffa11610000 - 0x00007ffa1166e000 	C:\WINDOWS\SYSTEM32\POWRPROF.dll
0x00007ffa04af0000 - 0x00007ffa04b25000 	C:\WINDOWS\SYSTEM32\WINMM.dll
0x00007ffa0acc0000 - 0x00007ffa0accb000 	C:\WINDOWS\SYSTEM32\VERSION.dll
0x00007ffa114f0000 - 0x00007ffa11504000 	C:\WINDOWS\SYSTEM32\UMPDC.dll
0x00007ffa105d0000 - 0x00007ffa105eb000 	C:\WINDOWS\SYSTEM32\kernel.appcore.dll
0x00007ff9f5e80000 - 0x00007ff9f5e8a000 	C:\Program Files\Eclipse Adoptium\jdk-17.0.17.10-hotspot\bin\jimage.dll
0x00007ff9fb630000 - 0x00007ff9fb872000 	C:\WINDOWS\SYSTEM32\DBGHELP.DLL
0x00007ffa14140000 - 0x00007ffa144c6000 	C:\WINDOWS\System32\combase.dll
0x00007ffa12d20000 - 0x00007ffa12df7000 	C:\WINDOWS\System32\OLEAUT32.dll
0x00007ff9e4350000 - 0x00007ff9e438b000 	C:\WINDOWS\SYSTEM32\dbgcore.DLL
0x00007ffa11910000 - 0x00007ffa119b5000 	C:\WINDOWS\System32\bcryptPrimitives.dll
0x00007ff9f5f70000 - 0x00007ff9f5f7e000 	C:\Program Files\Eclipse Adoptium\jdk-17.0.17.10-hotspot\bin\instrument.dll
0x00007ff9e47d0000 - 0x00007ff9e47f5000 	C:\Program Files\Eclipse Adoptium\jdk-17.0.17.10-hotspot\bin\java.dll
0x00007ff96f2b0000 - 0x00007ff96f387000 	C:\Program Files\Eclipse Adoptium\jdk-17.0.17.10-hotspot\bin\jsvml.dll
0x00007ffa14550000 - 0x00007ffa14ca2000 	C:\WINDOWS\System32\SHELL32.dll
0x00007ffa12bb0000 - 0x00007ffa12d1a000 	C:\WINDOWS\System32\wintypes.dll
0x00007ffa11af0000 - 0x00007ffa12353000 	C:\WINDOWS\System32\windows.storage.dll
0x00007ffa12e00000 - 0x00007ffa12ef6000 	C:\WINDOWS\System32\SHCORE.dll
0x00007ffa140d0000 - 0x00007ffa14137000 	C:\WINDOWS\System32\shlwapi.dll
0x00007ffa11780000 - 0x00007ffa117a9000 	C:\WINDOWS\SYSTEM32\profapi.dll
0x00007ff9ad950000 - 0x00007ff9ad968000 	C:\Program Files\Eclipse Adoptium\jdk-17.0.17.10-hotspot\bin\zip.dll
0x00007ff9e3660000 - 0x00007ff9e367a000 	C:\Program Files\Eclipse Adoptium\jdk-17.0.17.10-hotspot\bin\net.dll
0x00007ffa0a880000 - 0x00007ffa0a9a7000 	C:\WINDOWS\SYSTEM32\WINHTTP.dll
0x00007ffa10b50000 - 0x00007ffa10bbb000 	C:\WINDOWS\system32\mswsock.dll
0x00007ff9adc00000 - 0x00007ff9adc16000 	C:\Program Files\Eclipse Adoptium\jdk-17.0.17.10-hotspot\bin\nio.dll
0x00007ffa0d070000 - 0x00007ffa0d080000 	C:\Program Files\Eclipse Adoptium\jdk-17.0.17.10-hotspot\bin\verify.dll
0x00007ff99b1c0000 - 0x00007ff99b1e7000 	D:\gradle-home\native\1def1411415f61bf3af743bc5b6707747c0891f09f0c88961ee8f79bc544acac\windows-amd64\native-platform.dll
0x00007ff87e610000 - 0x00007ff87e688000 	D:\gradle-home\native\0.2.7\x86_64-windows-gnu\gradle-fileevents.dll
0x00007ff9e4850000 - 0x00007ff9e485a000 	C:\Program Files\Eclipse Adoptium\jdk-17.0.17.10-hotspot\bin\management.dll
0x00007ff9e47c0000 - 0x00007ff9e47cc000 	C:\Program Files\Eclipse Adoptium\jdk-17.0.17.10-hotspot\bin\management_ext.dll
0x00007ffa131a0000 - 0x00007ffa131a8000 	C:\WINDOWS\System32\PSAPI.DLL
0x00007ffa0ffc0000 - 0x00007ffa0fff4000 	C:\WINDOWS\SYSTEM32\IPHLPAPI.DLL
0x00007ffa14e70000 - 0x00007ffa14e7a000 	C:\WINDOWS\System32\NSI.dll
0x00007ffa0a4d0000 - 0x00007ffa0a4ee000 	C:\WINDOWS\SYSTEM32\dhcpcsvc6.DLL
0x00007ffa0a4a0000 - 0x00007ffa0a4c3000 	C:\WINDOWS\SYSTEM32\dhcpcsvc.DLL
0x00007ffa10050000 - 0x00007ffa1017c000 	C:\WINDOWS\SYSTEM32\DNSAPI.dll
0x00007ff9c5230000 - 0x00007ff9c5239000 	C:\Program Files\Eclipse Adoptium\jdk-17.0.17.10-hotspot\bin\extnet.dll
0x00007ffa10e40000 - 0x00007ffa10e5b000 	C:\WINDOWS\SYSTEM32\CRYPTSP.dll
0x00007ffa10530000 - 0x00007ffa10569000 	C:\WINDOWS\system32\rsaenh.dll
0x00007ffa10c00000 - 0x00007ffa10c2b000 	C:\WINDOWS\SYSTEM32\USERENV.dll
0x00007ffa11750000 - 0x00007ffa1177a000 	C:\WINDOWS\SYSTEM32\bcrypt.dll
0x00007ffa10e60000 - 0x00007ffa10e6c000 	C:\WINDOWS\SYSTEM32\CRYPTBASE.dll
0x00007ff9c9c80000 - 0x00007ff9c9c8e000 	C:\Program Files\Eclipse Adoptium\jdk-17.0.17.10-hotspot\bin\sunmscapi.dll
0x00007ffa12a30000 - 0x00007ffa12ba7000 	C:\WINDOWS\System32\CRYPT32.dll
0x00007ffa11060000 - 0x00007ffa11090000 	C:\WINDOWS\SYSTEM32\ncrypt.dll
0x00007ffa11010000 - 0x00007ffa1104f000 	C:\WINDOWS\SYSTEM32\NTASN1.dll
0x00007ff9734c0000 - 0x00007ff9734c8000 	C:\WINDOWS\system32\wshunix.dll
0x00007ffa0b330000 - 0x00007ffa0b33b000 	C:\Windows\System32\rasadhlp.dll
0x00007ffa06120000 - 0x00007ffa061a6000 	C:\WINDOWS\System32\fwpuclnt.dll
0x00007ffa106f0000 - 0x00007ffa10726000 	C:\WINDOWS\SYSTEM32\ntmarta.dll

dbghelp: loaded successfully - version: 4.0.5 - missing functions: none
symbol engine: initialized successfully - sym options: 0x614 - pdb path: .;C:\Program Files\Eclipse Adoptium\jdk-17.0.17.10-hotspot\bin;C:\WINDOWS\SYSTEM32;C:\WINDOWS\WinSxS\amd64_microsoft.windows.common-controls_6595b64144ccf1df_6.0.26100.7824_none_3e0870b2e3345462;C:\Program Files\Eclipse Adoptium\jdk-17.0.17.10-hotspot\bin\server;D:\gradle-home\native\1def1411415f61bf3af743bc5b6707747c0891f09f0c88961ee8f79bc544acac\windows-amd64;D:\gradle-home\native\0.2.7\x86_64-windows-gnu

VM Arguments:
jvm_args: --add-opens=java.base/java.lang=ALL-UNNAMED --add-opens=java.base/java.lang.invoke=ALL-UNNAMED --add-opens=java.base/java.util=ALL-UNNAMED --add-opens=java.prefs/java.util.prefs=ALL-UNNAMED --add-exports=jdk.compiler/com.sun.tools.javac.api=ALL-UNNAMED --add-exports=jdk.compiler/com.sun.tools.javac.util=ALL-UNNAMED --add-opens=java.base/java.util=ALL-UNNAMED --add-opens=java.prefs/java.util.prefs=ALL-UNNAMED --add-opens=java.base/java.nio.charset=ALL-UNNAMED --add-opens=java.base/java.net=ALL-UNNAMED --add-opens=java.base/java.util.concurrent.atomic=ALL-UNNAMED --add-opens=java.xml/javax.xml.namespace=ALL-UNNAMED -XX:MaxMetaspaceSize=512m -XX:ReservedCodeCacheSize=128m -XX:+UseSerialGC -Xmx1536m -Dfile.encoding=UTF-8 -Duser.country=KR -Duser.language=ko -Duser.variant -javaagent:D:\gradle-home\wrapper\dists\gradle-8.14.3-bin\cv11ve7ro1n3o1j4so8xd9n66\gradle-8.14.3\lib\agents\gradle-instrumentation-agent-8.14.3.jar 
java_command: org.gradle.launcher.daemon.bootstrap.GradleDaemon 8.14.3
java_class_path (initial): D:\gradle-home\wrapper\dists\gradle-8.14.3-bin\cv11ve7ro1n3o1j4so8xd9n66\gradle-8.14.3\lib\gradle-daemon-main-8.14.3.jar
Launcher Type: SUN_STANDARD

[Global flags]
     intx CICompilerCount                          = 4                                         {product} {ergonomic}
   size_t CompressedClassSpaceSize                 = 436207616                                 {product} {ergonomic}
   size_t InitialHeapSize                          = 1071644672                                {product} {ergonomic}
   size_t MaxHeapSize                              = 1610612736                                {product} {command line}
   size_t MaxMetaspaceSize                         = 536870912                                 {product} {command line}
   size_t MaxNewSize                               = 536870912                                 {product} {ergonomic}
   size_t MinHeapDeltaBytes                        = 196608                                    {product} {ergonomic}
   size_t MinHeapSize                              = 8388608                                   {product} {ergonomic}
   size_t NewSize                                  = 357171200                                 {product} {ergonomic}
    uintx NonProfiledCodeHeapSize                  = 0                                      {pd product} {ergonomic}
   size_t OldSize                                  = 714473472                                 {product} {ergonomic}
    uintx ProfiledCodeHeapSize                     = 0                                      {pd product} {ergonomic}
    uintx ReservedCodeCacheSize                    = 134217728                              {pd product} {command line}
   size_t SoftMaxHeapSize                          = 1610612736                             {manageable} {ergonomic}
     bool UseCompressedClassPointers               = true                           {product lp64_product} {ergonomic}
     bool UseCompressedOops                        = true                           {product lp64_product} {ergonomic}
     bool UseLargePagesIndividualAllocation        = false                                  {pd product} {ergonomic}
     bool UseSerialGC                              = true                                      {product} {command line}

Logging:
Log output configuration:
 #0: stdout all=warning uptime,level,tags
 #1: stderr all=off uptime,level,tags

Environment Variables:
JAVA_HOME=C:\Program Files\Eclipse Adoptium\jdk-17.0.17.10-hotspot
PATH=C:\Program Files\Eclipse Adoptium\jdk-17.0.17.10-hotspot\bin;f:\Programs\cursor\resources\app\bin;C:\Program Files (x86)\Common Files\Intel\Shared Libraries\redist\intel64\compiler;C:\WINDOWS\system32;C:\WINDOWS;C:\WINDOWS\System32\Wbem;C:\WINDOWS\System32\WindowsPowerShell\v1.0\;C:\WINDOWS\System32\OpenSSH\;C:\Program Files\Wondershare\Wondershare DemoCreator (Korean);D:\Vroom Talk\flutter\bin;D:\Vroom Talk\Android Studio\bin;C:\Program Files (x86)\ePapyrus\Papyrus-PlugIn-xfa;C:\Program Files (x86)\ePapyrus\Papyrus-PlugIn-xfa\Addins;C:\Program Files\NVIDIA Corporation\NVIDIA app\NvDLISR;C:\Program Files (x86)\NVIDIA Corporation\PhysX\Common;C:\Program Files\Microsoft SQL Server\150\Tools\Binn\;C:\Program Files\Microsoft SQL Server\Client SDK\ODBC\170\Tools\Binn\;C:\Program Files\dotnet\;F:\Windows Kits\10\Windows Performance Toolkit\;C:\ProgramData\chocolatey\bin;C:\Users\jch43\.dotnet\tools;C:\Users\jch43\AppData\Roaming\npm;f:\Prog;F:\Program Files\Git\cmd;C:\Program Files (x86)\Google\Cloud SDK\google-cloud-sdk\bin;C:\Program Files\cursor\resources\app\bin;C:\Users\jch43\AppData\Local\nvm;C:\nvm4w\nodejs;C:\Program Files\nodejs\;C:\Users\jch43\AppData\Local\Programs\Python\Python310\Scripts\;C:\Users\jch43\AppData\Local\Programs\Python\Python310\;f:\Programs\cursor\resources\app\bin;C:\Program Files (x86)\Common Files\Intel\Shared Libraries\redist\intel64\compiler;C:\WINDOWS\system32;C:\WINDOWS;C:\WINDOWS\System32\Wbem;C:\WINDOWS\System32\WindowsPowerShell\v1.0\;C:\WINDOWS\System32\OpenSSH\;C:\Program Files\Wondershare\Wondershare DemoCreator (Korean);D:\Vroom Talk\flutter\bin;D:\Vroom Talk\Android Studio\bin;C:\Program Files (x86)\ePapyrus\Papyrus-PlugIn-xfa;C:\Program Files (x86)\ePapyrus\Papyrus-PlugIn-xfa\Addins;C:\Program Files\NVIDIA Corporation\NVIDIA app\NvDLISR;C:\Program Files (x86)\NVIDIA Corporation\PhysX\Common;C:\Program Files\Microsoft SQL Server\150\Tools\Binn\;C:\Program Files\Microsoft SQL Server\Client SDK\ODBC\170\Tools\Binn\;C:\Program Files\dotnet\;F:\Windows Kits\10\Windows Performance Toolkit\;C:\ProgramData\chocolatey\bin;C:\Users\jch43\.dotnet\tools;C:\Users\jch43\AppData\Roaming\npm;f:\Prog;F:\Program Files\Git\cmd;C:\Program Files (x86)\G;
USERNAME=jch43
TMPDIR=C:\Users\Public\Documents\ESTsoft\CreatorTemp
OS=Windows_NT
PROCESSOR_IDENTIFIER=Intel64 Family 6 Model 165 Stepping 3, GenuineIntel
TMP=D:\temp
TEMP=D:\temp



Periodic native trim disabled


---------------  S Y S T E M  ---------------

OS:
 Windows 11 , 64 bit Build 26100 (10.0.26100.7705)
OS uptime: 20 days 17:28 hours
Hyper-V role detected

CPU: total 12 (initial active 12) (6 cores per cpu, 2 threads per core) family 6 model 165 stepping 3 microcode 0xe0, cx8, cmov, fxsr, ht, mmx, 3dnowpref, sse, sse2, sse3, ssse3, sse4.1, sse4.2, popcnt, lzcnt, tsc, tscinvbit, avx, avx2, aes, erms, clmul, bmi1, bmi2, adx, fma, vzeroupper, clflush, clflushopt, hv
Processor Information for all 12 processors :
  Max Mhz: 2904, Current Mhz: 2904, Mhz Limit: 2904

Memory: 4k page, system-wide physical 65404M (35652M free)
TotalPageFile size 262012M (AvailPageFile size 0M)
current process WorkingSet (physical memory assigned to process): 1750M, peak: 1812M
current process commit charge ("private bytes"): 1813M, peak: 1880M

vm_info: OpenJDK 64-Bit Server VM (17.0.17+10) for windows-amd64 JRE (17.0.17+10), built on Oct 21 2025 23:25:32 by "admin" with unknown MS VC++:1942

END.
