#
# There is insufficient memory for the Java Runtime Environment to continue.
# Native memory allocation (malloc) failed to allocate 1268816 bytes. Error detail: Chunk::new
# Possible reasons:
#   The system is out of physical RAM or swap space
#   This process is running with CompressedOops enabled, and the Java Heap may be blocking the growth of the native heap
# Possible solutions:
#   Reduce memory load on the system
#   Increase physical memory or swap space
#   Check if swap backing store is full
#   Decrease Java heap size (-Xmx/-Xms)
#   Decrease number of Java threads
#   Decrease Java thread stack sizes (-Xss)
#   Set larger code cache with -XX:ReservedCodeCacheSize=
#   JVM is running with Unscaled Compressed Oops mode in which the Java heap is
#     placed in the first 4GB address space. The Java Heap base address is the
#     maximum limit for the native heap growth. Please use -XX:HeapBaseMinAddress
#     to set the Java Heap base and to place the Java Heap above 4GB virtual address.
# This output file may be truncated or incomplete.
#
#  Out of Memory Error (arena.cpp:191), pid=36944, tid=66736
#
# JRE version: OpenJDK Runtime Environment Temurin-17.0.17+10 (17.0.17+10) (build 17.0.17+10)
# Java VM: OpenJDK 64-Bit Server VM Temurin-17.0.17+10 (17.0.17+10, mixed mode, sharing, tiered, compressed oops, compressed class ptrs, serial gc, windows-amd64)
# No core dump will be written. Minidumps are not enabled by default on client versions of Windows
#

---------------  S U M M A R Y ------------

Command Line: --add-opens=java.base/java.lang=ALL-UNNAMED --add-opens=java.base/java.lang.invoke=ALL-UNNAMED --add-opens=java.base/java.util=ALL-UNNAMED --add-opens=java.prefs/java.util.prefs=ALL-UNNAMED --add-exports=jdk.compiler/com.sun.tools.javac.api=ALL-UNNAMED --add-exports=jdk.compiler/com.sun.tools.javac.util=ALL-UNNAMED --add-opens=java.base/java.util=ALL-UNNAMED --add-opens=java.prefs/java.util.prefs=ALL-UNNAMED --add-opens=java.base/java.nio.charset=ALL-UNNAMED --add-opens=java.base/java.net=ALL-UNNAMED --add-opens=java.base/java.util.concurrent.atomic=ALL-UNNAMED --add-opens=java.xml/javax.xml.namespace=ALL-UNNAMED -XX:MaxMetaspaceSize=512m -XX:ReservedCodeCacheSize=128m -XX:+UseSerialGC -Xmx1536m -Dfile.encoding=UTF-8 -Duser.country=KR -Duser.language=ko -Duser.variant -javaagent:D:\gradle-home\wrapper\dists\gradle-8.14.3-bin\cv11ve7ro1n3o1j4so8xd9n66\gradle-8.14.3\lib\agents\gradle-instrumentation-agent-8.14.3.jar org.gradle.launcher.daemon.bootstrap.GradleDaemon 8.14.3

Host: Intel(R) Core(TM) i5-10400F CPU @ 2.90GHz, 12 cores, 63G,  Windows 11 , 64 bit Build 26100 (10.0.26100.7705)
Time: Tue Mar 10 19:33:45 2026  Windows 11 , 64 bit Build 26100 (10.0.26100.7705) elapsed time: 815.641393 seconds (0d 0h 13m 35s)

---------------  T H R E A D  ---------------

Current thread (0x0000024705a11e70):  JavaThread "C2 CompilerThread0" daemon [_thread_in_native, id=66736, stack(0x000000ef9f100000,0x000000ef9f200000)]


Current CompileTask:
C2:815641 135021       4       com.android.tools.r8.internal.Zq0::a (1642 bytes)

Stack: [0x000000ef9f100000,0x000000ef9f200000]
Native frames: (J=compiled Java code, j=interpreted, Vv=VM code, C=native code)
V  [jvm.dll+0x683fb9]
V  [jvm.dll+0x83a1b5]
V  [jvm.dll+0x83bc2e]
V  [jvm.dll+0x83c2b3]
V  [jvm.dll+0x248eff]
V  [jvm.dll+0xad496]
V  [jvm.dll+0xadb3c]
V  [jvm.dll+0x3689ef]
V  [jvm.dll+0x332fa5]
V  [jvm.dll+0x33240a]
V  [jvm.dll+0x219db9]
V  [jvm.dll+0x219200]
V  [jvm.dll+0x1a4920]
V  [jvm.dll+0x22989a]
V  [jvm.dll+0x227a4b]
V  [jvm.dll+0x7effb8]
V  [jvm.dll+0x7ea44c]
V  [jvm.dll+0x682e87]
C  [ucrtbase.dll+0x37b0]
C  [KERNEL32.DLL+0x2e8d7]
C  [ntdll.dll+0x8c40c]


---------------  P R O C E S S  ---------------

Threads class SMR info:
_java_thread_list=0x0000024737369420, length=82, elements={
0x000002470596d800, 0x00000247059e9050, 0x00000247059e9de0, 0x0000024705a075c0,
0x0000024705a08250, 0x0000024705a0ca10, 0x0000024705a0ff60, 0x0000024705a11e70,
0x0000024705a19ef0, 0x0000024705a1e4a0, 0x00000247156ab830, 0x00000247157bb860,
0x00000247367ce840, 0x0000024735a03990, 0x0000024715844e90, 0x0000024736a439d0,
0x0000024736a44e10, 0x0000024736a45320, 0x0000024736a45830, 0x0000024736a42080,
0x0000024736a44900, 0x0000024736a42590, 0x0000024736a42aa0, 0x0000024736a42fb0,
0x0000024736a434c0, 0x0000024736a443f0, 0x0000024736c76580, 0x0000024736c77ed0,
0x0000024736c783e0, 0x0000024736c75b60, 0x0000024736c78e00, 0x0000024736c75650,
0x0000024736c79310, 0x0000024736c79820, 0x0000024736c76070, 0x0000024736c7c5b0,
0x0000024736c7ac60, 0x0000024736c7bb90, 0x0000024736c79d30, 0x0000024736c7a240,
0x0000024736c7a750, 0x0000024736c7c0a0, 0x0000024736c7cac0, 0x0000024736c7b680,
0x000002473a340920, 0x000002473a33ff00, 0x000002473a340e30, 0x000002473a347370,
0x000002473a345f30, 0x000002473a346440, 0x000002473a347880, 0x0000024736c779c0,
0x00000247386a0050, 0x00000247386a0f80, 0x00000247386a23c0, 0x00000247386a28d0,
0x000002473869f120, 0x00000247386a2de0, 0x00000247386a4220, 0x00000247386a5150,
0x000002473b8513a0, 0x000002473b851dc0, 0x000002473b8522d0, 0x000002473b84ff60,
0x000002473b8527e0, 0x000002473b84f030, 0x000002473b8569b0, 0x000002473a341340,
0x000002473a342270, 0x0000024744781300, 0x000002473a345510, 0x000002473a346950,
0x000002473a343bc0, 0x000002473a3440d0, 0x00000247384457b0, 0x000002473844a8b0,
0x000002473844adc0, 0x0000024738449470, 0x0000024744784090, 0x0000024744781810,
0x00000247447859e0, 0x00000247447854d0
}

Java Threads: ( => current thread )
  0x000002470596d800 JavaThread "main" [_thread_blocked, id=83520, stack(0x000000ef9e900000,0x000000ef9ea00000)]
  0x00000247059e9050 JavaThread "Reference Handler" daemon [_thread_blocked, id=58708, stack(0x000000ef9eb00000,0x000000ef9ec00000)]
  0x00000247059e9de0 JavaThread "Finalizer" daemon [_thread_blocked, id=104752, stack(0x000000ef9ec00000,0x000000ef9ed00000)]
  0x0000024705a075c0 JavaThread "Signal Dispatcher" daemon [_thread_blocked, id=95508, stack(0x000000ef9ed00000,0x000000ef9ee00000)]
  0x0000024705a08250 JavaThread "Attach Listener" daemon [_thread_blocked, id=1060, stack(0x000000ef9ee00000,0x000000ef9ef00000)]
  0x0000024705a0ca10 JavaThread "Service Thread" daemon [_thread_blocked, id=31612, stack(0x000000ef9ef00000,0x000000ef9f000000)]
  0x0000024705a0ff60 JavaThread "Monitor Deflation Thread" daemon [_thread_blocked, id=85896, stack(0x000000ef9f000000,0x000000ef9f100000)]
=>0x0000024705a11e70 JavaThread "C2 CompilerThread0" daemon [_thread_in_native, id=66736, stack(0x000000ef9f100000,0x000000ef9f200000)]
  0x0000024705a19ef0 JavaThread "C1 CompilerThread0" daemon [_thread_blocked, id=8264, stack(0x000000ef9f200000,0x000000ef9f300000)]
  0x0000024705a1e4a0 JavaThread "Sweeper thread" daemon [_thread_blocked, id=106800, stack(0x000000ef9f300000,0x000000ef9f400000)]
  0x00000247156ab830 JavaThread "Common-Cleaner" daemon [_thread_blocked, id=63856, stack(0x000000ef9f400000,0x000000ef9f500000)]
  0x00000247157bb860 JavaThread "Notification Thread" daemon [_thread_blocked, id=27284, stack(0x000000ef9f500000,0x000000ef9f600000)]
  0x00000247367ce840 JavaThread "Daemon health stats" [_thread_blocked, id=16208, stack(0x000000ef9f900000,0x000000ef9fa00000)]
  0x0000024735a03990 JavaThread "Incoming local TCP Connector on port 51715" [_thread_in_native, id=107772, stack(0x000000ef9f700000,0x000000ef9f800000)]
  0x0000024715844e90 JavaThread "Daemon periodic checks" [_thread_blocked, id=46500, stack(0x000000ef9fa00000,0x000000ef9fb00000)]
  0x0000024736a439d0 JavaThread "Daemon" [_thread_blocked, id=103080, stack(0x000000ef9fb00000,0x000000ef9fc00000)]
  0x0000024736a44e10 JavaThread "Handler for socket connection from /127.0.0.1:51715 to /127.0.0.1:51716" [_thread_in_native, id=89852, stack(0x000000ef9fc00000,0x000000ef9fd00000)]
  0x0000024736a45320 JavaThread "Cancel handler" [_thread_blocked, id=38136, stack(0x000000ef9fd00000,0x000000ef9fe00000)]
  0x0000024736a45830 JavaThread "Daemon worker" [_thread_blocked, id=77888, stack(0x000000ef9fe00000,0x000000ef9ff00000)]
  0x0000024736a42080 JavaThread "Asynchronous log dispatcher for DefaultDaemonConnection: socket connection from /127.0.0.1:51715 to /127.0.0.1:51716" [_thread_blocked, id=101000, stack(0x000000ef9ff00000,0x000000efa0000000)]
  0x0000024736a44900 JavaThread "Stdin handler" [_thread_blocked, id=62036, stack(0x000000efa0000000,0x000000efa0100000)]
  0x0000024736a42590 JavaThread "Daemon client event forwarder" [_thread_blocked, id=107088, stack(0x000000efa0100000,0x000000efa0200000)]
  0x0000024736a42aa0 JavaThread "Cache worker for journal cache (D:\gradle-home\caches\journal-1)" [_thread_blocked, id=60988, stack(0x000000efa0200000,0x000000efa0300000)]
  0x0000024736a42fb0 JavaThread "File lock request listener" [_thread_in_native, id=91608, stack(0x000000efa0300000,0x000000efa0400000)]
  0x0000024736a434c0 JavaThread "Cache worker for file hash cache (D:\gradle-home\caches\8.14.3\fileHashes)" [_thread_blocked, id=99772, stack(0x000000efa0400000,0x000000efa0500000)]
  0x0000024736a443f0 JavaThread "Cache worker for file hash cache (D:\App-YooYLand\android\.gradle\8.14.3\fileHashes)" [_thread_blocked, id=14352, stack(0x000000efa0600000,0x000000efa0700000)]
  0x0000024736c76580 JavaThread "Cache worker for Build Output Cleanup Cache (D:\App-YooYLand\android\.gradle\buildOutputCleanup)" [_thread_blocked, id=109056, stack(0x000000efa0700000,0x000000efa0800000)]
  0x0000024736c77ed0 JavaThread "jar transforms" [_thread_blocked, id=103976, stack(0x000000efa0800000,0x000000efa0900000)]
  0x0000024736c783e0 JavaThread "Cache worker for checksums cache (D:\App-YooYLand\android\.gradle\8.14.3\checksums)" [_thread_blocked, id=36484, stack(0x000000efa0900000,0x000000efa0a00000)]
  0x0000024736c75b60 JavaThread "Cache worker for file content cache (D:\gradle-home\caches\8.14.3\fileContent)" [_thread_blocked, id=108588, stack(0x000000efa0a00000,0x000000efa0b00000)]
  0x0000024736c78e00 JavaThread "Cache worker for cache directory md-supplier (D:\gradle-home\caches\8.14.3\md-supplier)" [_thread_blocked, id=41668, stack(0x000000efa0500000,0x000000efa0600000)]
  0x0000024736c75650 JavaThread "Cache worker for cache directory md-rule (D:\gradle-home\caches\8.14.3\md-rule)" [_thread_blocked, id=21868, stack(0x000000efa0e00000,0x000000efa0f00000)]
  0x0000024736c79310 JavaThread "Cache worker for Build Output Cleanup Cache (D:\App-YooYLand\node_modules\react-native\node_modules\@react-native\gradle-plugin\.gradle\buildOutputCleanup)" [_thread_blocked, id=40364, stack(0x000000efa0f00000,0x000000efa1000000)]
  0x0000024736c79820 JavaThread "Unconstrained build operations" [_thread_blocked, id=32740, stack(0x000000efa1100000,0x000000efa1200000)]
  0x0000024736c76070 JavaThread "Unconstrained build operations Thread 2" [_thread_blocked, id=41628, stack(0x000000efa1200000,0x000000efa1300000)]
  0x0000024736c7c5b0 JavaThread "Unconstrained build operations Thread 3" [_thread_blocked, id=97684, stack(0x000000efa1300000,0x000000efa1400000)]
  0x0000024736c7ac60 JavaThread "Cache worker for Build Output Cleanup Cache (D:\App-YooYLand\node_modules\expo-modules-autolinking\android\expo-gradle-plugin\.gradle\buildOutputCleanup)" [_thread_blocked, id=18188, stack(0x000000efa1400000,0x000000efa1500000)]
  0x0000024736c7bb90 JavaThread "Unconstrained build operations Thread 4" [_thread_blocked, id=13688, stack(0x000000efa1500000,0x000000efa1600000)]
  0x0000024736c79d30 JavaThread "Unconstrained build operations Thread 5" [_thread_blocked, id=92340, stack(0x000000efa1600000,0x000000efa1700000)]
  0x0000024736c7a240 JavaThread "Unconstrained build operations Thread 6" [_thread_blocked, id=86744, stack(0x000000efa1700000,0x000000efa1800000)]
  0x0000024736c7a750 JavaThread "build event listener" [_thread_blocked, id=87968, stack(0x000000efa1800000,0x000000efa1900000)]
  0x0000024736c7c0a0 JavaThread "Memory manager" [_thread_blocked, id=31500, stack(0x000000efa1000000,0x000000efa1100000)]
  0x0000024736c7cac0 JavaThread "Unconstrained build operations Thread 7" [_thread_blocked, id=106252, stack(0x000000efa1a00000,0x000000efa1b00000)]
  0x0000024736c7b680 JavaThread "build event listener" [_thread_blocked, id=107968, stack(0x000000efa1b00000,0x000000efa1c00000)]
  0x000002473a340920 JavaThread "Unconstrained build operations Thread 8" [_thread_blocked, id=103408, stack(0x000000efa1c00000,0x000000efa1d00000)]
  0x000002473a33ff00 JavaThread "Unconstrained build operations Thread 9" [_thread_blocked, id=8772, stack(0x000000efa1d00000,0x000000efa1e00000)]
  0x000002473a340e30 JavaThread "Unconstrained build operations Thread 10" [_thread_blocked, id=108772, stack(0x000000efa1e00000,0x000000efa1f00000)]
  0x000002473a347370 JavaThread "included builds Thread 2" [_thread_blocked, id=48308, stack(0x000000efa2a00000,0x000000efa2b00000)]
  0x000002473a345f30 JavaThread "Cache worker for execution history cache (D:\App-YooYLand\node_modules\expo-modules-autolinking\android\expo-gradle-plugin\.gradle\8.14.3\executionHistory)" [_thread_blocked, id=53420, stack(0x000000efa2b00000,0x000000efa2c00000)]
  0x000002473a346440 JavaThread "Cache worker for execution history cache (D:\App-YooYLand\node_modules\react-native\node_modules\@react-native\gradle-plugin\.gradle\8.14.3\executionHistory)" [_thread_blocked, id=78216, stack(0x000000efa2c00000,0x000000efa2d00000)]
  0x000002473a347880 JavaThread "jar transforms Thread 2" [_thread_blocked, id=50676, stack(0x000000efa2d00000,0x000000efa2e00000)]
  0x0000024736c779c0 JavaThread "Cache worker for Build Output Cleanup Cache (D:\App-YooYLand\node_modules\expo-modules-core\expo-module-gradle-plugin\.gradle\buildOutputCleanup)" [_thread_blocked, id=102964, stack(0x000000ef9f800000,0x000000ef9f900000)]
  0x00000247386a0050 JavaThread "build event listener" [_thread_blocked, id=10592, stack(0x000000efa2f00000,0x000000efa3000000)]
  0x00000247386a0f80 JavaThread "jar transforms Thread 3" [_thread_blocked, id=90316, stack(0x000000efa3000000,0x000000efa3100000)]
  0x00000247386a23c0 JavaThread "Cache worker for execution history cache (D:\App-YooYLand\node_modules\expo-modules-core\expo-module-gradle-plugin\.gradle\8.14.3\executionHistory)" [_thread_blocked, id=77060, stack(0x000000efa3200000,0x000000efa3300000)]
  0x00000247386a28d0 JavaThread "jar transforms Thread 4" [_thread_blocked, id=68728, stack(0x000000efa1900000,0x000000efa1a00000)]
  0x000002473869f120 JavaThread "jar transforms Thread 5" [_thread_blocked, id=59276, stack(0x000000efa3400000,0x000000efa3500000)]
  0x00000247386a2de0 JavaThread "jar transforms Thread 6" [_thread_blocked, id=28244, stack(0x000000efa3500000,0x000000efa3600000)]
  0x00000247386a4220 JavaThread "build event listener" [_thread_blocked, id=107212, stack(0x000000efa3600000,0x000000efa3700000)]
  0x00000247386a5150 JavaThread "Problems report writer" [_thread_blocked, id=37492, stack(0x000000efa3300000,0x000000efa3400000)]
  0x000002473b8513a0 JavaThread "jar transforms Thread 7" [_thread_blocked, id=3644, stack(0x000000efa3800000,0x000000efa3900000)]
  0x000002473b851dc0 JavaThread "jar transforms Thread 8" [_thread_blocked, id=39412, stack(0x000000efa3900000,0x000000efa3a00000)]
  0x000002473b8522d0 JavaThread "jar transforms Thread 9" [_thread_blocked, id=45088, stack(0x000000efa3a00000,0x000000efa3b00000)]
  0x000002473b84ff60 JavaThread "jar transforms Thread 10" [_thread_blocked, id=9776, stack(0x000000efa3b00000,0x000000efa3c00000)]
  0x000002473b8527e0 JavaThread "jar transforms Thread 11" [_thread_blocked, id=96340, stack(0x000000efa3c00000,0x000000efa3d00000)]
  0x000002473b84f030 JavaThread "jar transforms Thread 12" [_thread_blocked, id=102248, stack(0x000000efa3d00000,0x000000efa3e00000)]
  0x000002473b8569b0 JavaThread "Cache worker for execution history cache (D:\App-YooYLand\android\.gradle\8.14.3\executionHistory)" [_thread_blocked, id=89472, stack(0x000000efa3f00000,0x000000efa4000000)]
  0x000002473a341340 JavaThread "WorkerExecutor Queue Thread 3" [_thread_blocked, id=13444, stack(0x000000ef9e600000,0x000000ef9e700000)]
  0x000002473a342270 JavaThread "Cache worker for Java compile cache (D:\gradle-home\caches\8.14.3\javaCompile)" [_thread_blocked, id=108336, stack(0x000000efa2300000,0x000000efa2400000)]
  0x0000024744781300 JavaThread "Build operations" [_thread_blocked, id=101768, stack(0x000000efa2900000,0x000000efa2a00000)]
  0x000002473a345510 JavaThread "ForkJoinPool-1-worker-1" daemon [_thread_blocked, id=24512, stack(0x000000efa0b00000,0x000000efa0c00000)]
  0x000002473a346950 JavaThread "ForkJoinPool-1-worker-2" daemon [_thread_blocked, id=102904, stack(0x000000efa2200000,0x000000efa2300000)]
  0x000002473a343bc0 JavaThread "ForkJoinPool-1-worker-3" daemon [_thread_blocked, id=110024, stack(0x000000efa2500000,0x000000efa2600000)]
  0x000002473a3440d0 JavaThread "ForkJoinPool-1-worker-4" daemon [_thread_blocked, id=47064, stack(0x000000efa2e00000,0x000000efa2f00000)]
  0x00000247384457b0 JavaThread "ForkJoinPool-1-worker-5" daemon [_thread_blocked, id=15860, stack(0x000000efa3100000,0x000000efa3200000)]
  0x000002473844a8b0 JavaThread "ForkJoinPool-1-worker-6" daemon [_thread_blocked, id=84276, stack(0x000000efa3700000,0x000000efa3800000)]
  0x000002473844adc0 JavaThread "ForkJoinPool-1-worker-7" daemon [_thread_blocked, id=102344, stack(0x000000efa3e00000,0x000000efa3f00000)]
  0x0000024738449470 JavaThread "ForkJoinPool-1-worker-8" daemon [_thread_blocked, id=3652, stack(0x000000efa4000000,0x000000efa4100000)]
  0x0000024744784090 JavaThread "ForkJoinPool-1-worker-9" daemon [_thread_blocked, id=60544, stack(0x000000efa4100000,0x000000efa4200000)]
  0x0000024744781810 JavaThread "ForkJoinPool-1-worker-10" daemon [_thread_blocked, id=109772, stack(0x000000efa4200000,0x000000efa4300000)]
  0x00000247447859e0 JavaThread "ForkJoinPool-1-worker-11" daemon [_thread_blocked, id=91116, stack(0x000000efa4300000,0x000000efa4400000)]
  0x00000247447854d0 JavaThread "ForkJoinPool-1-worker-12" daemon [_thread_blocked, id=110420, stack(0x000000efa4400000,0x000000efa4500000)]

Other Threads:
  0x00000247059e2990 VMThread "VM Thread" [stack: 0x000000ef9ea00000,0x000000ef9eb00000] [id=15180]
  0x00000247157bfd60 WatcherThread [stack: 0x000000ef9f600000,0x000000ef9f700000] [id=104208]

Threads with active compile tasks:
C2 CompilerThread0  815702 135021       4       com.android.tools.r8.internal.Zq0::a (1642 bytes)

VM state: at safepoint (normal execution)

VM Mutex/Monitor currently owned by a thread:  ([mutex/lock_event])
[0x000002470596a9a0] Threads_lock - owner thread: 0x00000247059e2990
[0x000002470596aac0] Heap_lock - owner thread: 0x000002473a3440d0

Heap address: 0x00000000a0000000, size: 1536 MB, Compressed Oops mode: 32-bit

CDS archive(s) mapped at: [0x0000024716000000-0x0000024716bb0000-0x0000024716bb0000), size 12255232, SharedBaseAddress: 0x0000024716000000, ArchiveRelocationMode: 1.
Compressed class space mapped at: 0x0000024717000000-0x0000024731000000, reserved size: 436207616
Narrow klass base: 0x0000024716000000, Narrow klass shift: 0, Narrow klass range: 0x100000000

GC Precious Log:
 CPUs: 12 total, 12 available
 Memory: 65404M
 Large Page Support: Disabled
 NUMA Support: Disabled
 Compressed Oops: Enabled (32-bit)
 Heap Min Capacity: 8M
 Heap Initial Capacity: 1022M
 Heap Max Capacity: 1536M
 Pre-touch: Disabled

Heap:
 def new generation   total 471872K, used 471871K [0x00000000a0000000, 0x00000000c0000000, 0x00000000c0000000)
  eden space 419456K, 100% used [0x00000000a0000000, 0x00000000b99a0000, 0x00000000b99a0000)
  from space 52416K,  99% used [0x00000000b99a0000, 0x00000000bcccfff8, 0x00000000bccd0000)
  to   space 52416K,   0% used [0x00000000bccd0000, 0x00000000bccd0000, 0x00000000c0000000)
 tenured generation   total 1048576K, used 1048575K [0x00000000c0000000, 0x0000000100000000, 0x0000000100000000)
   the space 1048576K,  99% used [0x00000000c0000000, 0x00000000fffffff8, 0x0000000100000000, 0x0000000100000000)
 Metaspace       used 204887K, committed 207168K, reserved 753664K
  class space    used 28174K, committed 29248K, reserved 425984K

Card table byte_map: [0x0000024705220000,0x0000024705530000] _byte_map_base: 0x0000024704d20000

Polling page: 0x00000247036b0000

Metaspace:

Usage:
  Non-class:    172.57 MB used.
      Class:     27.51 MB used.
       Both:    200.09 MB used.

Virtual space:
  Non-class space:      320.00 MB reserved,     173.75 MB ( 54%) committed,  5 nodes.
      Class space:      416.00 MB reserved,      28.56 MB (  7%) committed,  1 nodes.
             Both:      736.00 MB reserved,     202.31 MB ( 27%) committed. 

Chunk freelists:
   Non-Class:  113.46 MB
       Class:  19.46 MB
        Both:  132.93 MB

MaxMetaspaceSize: 512.00 MB
CompressedClassSpaceSize: 416.00 MB
Initial GC threshold: 21.00 MB
Current GC threshold: 337.12 MB
CDS: on
MetaspaceReclaimPolicy: balanced
 - commit_granule_bytes: 65536.
 - commit_granule_words: 8192.
 - virtual_space_node_default_size: 8388608.
 - enlarge_chunks_in_place: 1.
 - new_chunks_are_fully_committed: 0.
 - uncommit_free_chunks: 1.
 - use_allocation_guard: 0.
 - handle_deallocations: 1.


Internal statistics:

num_allocs_failed_limit: 27.
num_arena_births: 5344.
num_arena_deaths: 2346.
num_vsnodes_births: 6.
num_vsnodes_deaths: 0.
num_space_committed: 13586.
num_space_uncommitted: 10351.
num_chunks_returned_to_freelist: 26705.
num_chunks_taken_from_freelist: 40189.
num_chunk_merges: 11407.
num_chunk_splits: 30506.
num_chunks_enlarged: 26002.
num_inconsistent_stats: 0.

CodeCache: size=131072Kb used=69987Kb max_used=118138Kb free=61084Kb
 bounds [0x000002470d4e0000, 0x0000024714870000, 0x00000247154e0000]
 total_blobs=19167 nmethods=17762 adapters=1312
 compilation: enabled
              stopped_count=0, restarted_count=0
 full_count=0

Compilation events (20 events):
Event: 811.964 Thread 0x0000024705a19ef0 135020       3       com.android.tools.r8.internal.It::a (6 bytes)
Event: 811.965 Thread 0x0000024705a19ef0 nmethod 135020 0x0000024710c21110 code [0x0000024710c212c0, 0x0000024710c21488]
Event: 811.984 Thread 0x0000024705a11e70 nmethod 135019 0x000002470e16cf10 code [0x000002470e16d160, 0x000002470e16e090]
Event: 814.505 Thread 0x0000024705a11e70 135021       4       com.android.tools.r8.internal.Zq0::a (1642 bytes)
Event: 814.505 Thread 0x0000024705a19ef0 135022       1       java.util.Collections$EmptyMap::size (2 bytes)
Event: 814.506 Thread 0x0000024705a19ef0 nmethod 135022 0x00000247112a7b90 code [0x00000247112a7d20, 0x00000247112a7e18]
Event: 814.511 Thread 0x0000024705a19ef0 135023       3       com.android.tools.r8.synthesis.E::a (131 bytes)
Event: 814.512 Thread 0x0000024705a19ef0 nmethod 135023 0x000002470e381110 code [0x000002470e3813a0, 0x000002470e381f78]
Event: 814.512 Thread 0x0000024705a19ef0 135024       3       com.android.tools.r8.synthesis.E$$Lambda$22759/0x00000247189f9760::apply (16 bytes)
Event: 814.512 Thread 0x0000024705a19ef0 nmethod 135024 0x000002470ea84610 code [0x000002470ea847e0, 0x000002470ea84be8]
Event: 814.512 Thread 0x0000024705a19ef0 135025       3       com.android.tools.r8.synthesis.E::c (10 bytes)
Event: 814.512 Thread 0x0000024705a19ef0 nmethod 135025 0x0000024710a35d90 code [0x0000024710a35f40, 0x0000024710a361c8]
Event: 814.512 Thread 0x0000024705a19ef0 135026   !   3       com.android.tools.r8.synthesis.E::a (140 bytes)
Event: 814.513 Thread 0x0000024705a19ef0 nmethod 135026 0x000002470db17b10 code [0x000002470db17d80, 0x000002470db18a88]
Event: 814.513 Thread 0x0000024705a19ef0 135027       3       java.util.concurrent.ConcurrentHashMap$TreeBin::rotateRight (91 bytes)
Event: 814.514 Thread 0x0000024705a19ef0 nmethod 135027 0x000002470e035790 code [0x000002470e035940, 0x000002470e035c38]
Event: 814.516 Thread 0x0000024705a19ef0 135028   !   3       java.util.concurrent.ConcurrentHashMap$TreeBin::putTreeVal (371 bytes)
Event: 814.517 Thread 0x0000024705a19ef0 nmethod 135028 0x000002470d989190 code [0x000002470d989460, 0x000002470d98a518]
Event: 814.705 Thread 0x0000024705a19ef0 135029       3       com.android.tools.r8.internal.UD::a (160 bytes)
Event: 814.706 Thread 0x0000024705a19ef0 nmethod 135029 0x000002470e1e8810 code [0x000002470e1e8b40, 0x000002470e1ea158]

GC Heap History (20 events):
Event: 791.204 GC heap after
{Heap after GC invocations=248 (full 174):
 def new generation   total 471872K, used 70068K [0x00000000a0000000, 0x00000000c0000000, 0x00000000c0000000)
  eden space 419456K,  16% used [0x00000000a0000000, 0x00000000a446d178, 0x00000000b99a0000)
  from space 52416K,   0% used [0x00000000b99a0000, 0x00000000b99a0000, 0x00000000bccd0000)
  to   space 52416K,   0% used [0x00000000bccd0000, 0x00000000bccd0000, 0x00000000c0000000)
 tenured generation   total 1048576K, used 1048575K [0x00000000c0000000, 0x0000000100000000, 0x0000000100000000)
   the space 1048576K,  99% used [0x00000000c0000000, 0x00000000fffffff8, 0x0000000100000000, 0x0000000100000000)
 Metaspace       used 204964K, committed 207168K, reserved 753664K
  class space    used 28195K, committed 29248K, reserved 425984K
}
Event: 791.780 GC heap before
{Heap before GC invocations=248 (full 174):
 def new generation   total 471872K, used 471872K [0x00000000a0000000, 0x00000000c0000000, 0x00000000c0000000)
  eden space 419456K, 100% used [0x00000000a0000000, 0x00000000b99a0000, 0x00000000b99a0000)
  from space 52416K, 100% used [0x00000000b99a0000, 0x00000000bccd0000, 0x00000000bccd0000)
  to   space 52416K,   0% used [0x00000000bccd0000, 0x00000000bccd0000, 0x00000000c0000000)
 tenured generation   total 1048576K, used 1048575K [0x00000000c0000000, 0x0000000100000000, 0x0000000100000000)
   the space 1048576K,  99% used [0x00000000c0000000, 0x00000000fffffff8, 0x0000000100000000, 0x0000000100000000)
 Metaspace       used 204966K, committed 207168K, reserved 753664K
  class space    used 28195K, committed 29248K, reserved 425984K
}
Event: 793.746 GC heap after
{Heap after GC invocations=249 (full 175):
 def new generation   total 471872K, used 70798K [0x00000000a0000000, 0x00000000c0000000, 0x00000000c0000000)
  eden space 419456K,  16% used [0x00000000a0000000, 0x00000000a4523860, 0x00000000b99a0000)
  from space 52416K,   0% used [0x00000000b99a0000, 0x00000000b99a0000, 0x00000000bccd0000)
  to   space 52416K,   0% used [0x00000000bccd0000, 0x00000000bccd0000, 0x00000000c0000000)
 tenured generation   total 1048576K, used 1048575K [0x00000000c0000000, 0x0000000100000000, 0x0000000100000000)
   the space 1048576K,  99% used [0x00000000c0000000, 0x00000000fffffff8, 0x0000000100000000, 0x0000000100000000)
 Metaspace       used 204966K, committed 207168K, reserved 753664K
  class space    used 28195K, committed 29248K, reserved 425984K
}
Event: 794.335 GC heap before
{Heap before GC invocations=249 (full 175):
 def new generation   total 471872K, used 471871K [0x00000000a0000000, 0x00000000c0000000, 0x00000000c0000000)
  eden space 419456K, 100% used [0x00000000a0000000, 0x00000000b99a0000, 0x00000000b99a0000)
  from space 52416K,  99% used [0x00000000b99a0000, 0x00000000bcccfff8, 0x00000000bccd0000)
  to   space 52416K,   0% used [0x00000000bccd0000, 0x00000000bccd0000, 0x00000000c0000000)
 tenured generation   total 1048576K, used 1048575K [0x00000000c0000000, 0x0000000100000000, 0x0000000100000000)
   the space 1048576K,  99% used [0x00000000c0000000, 0x00000000fffffff8, 0x0000000100000000, 0x0000000100000000)
 Metaspace       used 204967K, committed 207168K, reserved 753664K
  class space    used 28195K, committed 29248K, reserved 425984K
}
Event: 796.356 GC heap after
{Heap after GC invocations=250 (full 176):
 def new generation   total 471872K, used 69139K [0x00000000a0000000, 0x00000000c0000000, 0x00000000c0000000)
  eden space 419456K,  16% used [0x00000000a0000000, 0x00000000a4384dd0, 0x00000000b99a0000)
  from space 52416K,   0% used [0x00000000b99a0000, 0x00000000b99a0000, 0x00000000bccd0000)
  to   space 52416K,   0% used [0x00000000bccd0000, 0x00000000bccd0000, 0x00000000c0000000)
 tenured generation   total 1048576K, used 1048576K [0x00000000c0000000, 0x0000000100000000, 0x0000000100000000)
   the space 1048576K, 100% used [0x00000000c0000000, 0x0000000100000000, 0x0000000100000000, 0x0000000100000000)
 Metaspace       used 204967K, committed 207168K, reserved 753664K
  class space    used 28195K, committed 29248K, reserved 425984K
}
Event: 796.970 GC heap before
{Heap before GC invocations=250 (full 176):
 def new generation   total 471872K, used 471871K [0x00000000a0000000, 0x00000000c0000000, 0x00000000c0000000)
  eden space 419456K, 100% used [0x00000000a0000000, 0x00000000b99a0000, 0x00000000b99a0000)
  from space 52416K,  99% used [0x00000000b99a0000, 0x00000000bcccffc8, 0x00000000bccd0000)
  to   space 52416K,   0% used [0x00000000bccd0000, 0x00000000bccd0000, 0x00000000c0000000)
 tenured generation   total 1048576K, used 1048576K [0x00000000c0000000, 0x0000000100000000, 0x0000000100000000)
   the space 1048576K, 100% used [0x00000000c0000000, 0x0000000100000000, 0x0000000100000000, 0x0000000100000000)
 Metaspace       used 204967K, committed 207168K, reserved 753664K
  class space    used 28195K, committed 29248K, reserved 425984K
}
Event: 798.912 GC heap after
{Heap after GC invocations=251 (full 177):
 def new generation   total 471872K, used 70687K [0x00000000a0000000, 0x00000000c0000000, 0x00000000c0000000)
  eden space 419456K,  16% used [0x00000000a0000000, 0x00000000a4507f80, 0x00000000b99a0000)
  from space 52416K,   0% used [0x00000000b99a0000, 0x00000000b99a0000, 0x00000000bccd0000)
  to   space 52416K,   0% used [0x00000000bccd0000, 0x00000000bccd0000, 0x00000000c0000000)
 tenured generation   total 1048576K, used 1048576K [0x00000000c0000000, 0x0000000100000000, 0x0000000100000000)
   the space 1048576K, 100% used [0x00000000c0000000, 0x0000000100000000, 0x0000000100000000, 0x0000000100000000)
 Metaspace       used 204967K, committed 207168K, reserved 753664K
  class space    used 28195K, committed 29248K, reserved 425984K
}
Event: 799.502 GC heap before
{Heap before GC invocations=251 (full 177):
 def new generation   total 471872K, used 471871K [0x00000000a0000000, 0x00000000c0000000, 0x00000000c0000000)
  eden space 419456K, 100% used [0x00000000a0000000, 0x00000000b99a0000, 0x00000000b99a0000)
  from space 52416K,  99% used [0x00000000b99a0000, 0x00000000bcccfff8, 0x00000000bccd0000)
  to   space 52416K,   0% used [0x00000000bccd0000, 0x00000000bccd0000, 0x00000000c0000000)
 tenured generation   total 1048576K, used 1048576K [0x00000000c0000000, 0x0000000100000000, 0x0000000100000000)
   the space 1048576K, 100% used [0x00000000c0000000, 0x0000000100000000, 0x0000000100000000, 0x0000000100000000)
 Metaspace       used 204967K, committed 207168K, reserved 753664K
  class space    used 28195K, committed 29248K, reserved 425984K
}
Event: 801.420 GC heap after
{Heap after GC invocations=252 (full 178):
 def new generation   total 471872K, used 71094K [0x00000000a0000000, 0x00000000c0000000, 0x00000000c0000000)
  eden space 419456K,  16% used [0x00000000a0000000, 0x00000000a456db28, 0x00000000b99a0000)
  from space 52416K,   0% used [0x00000000b99a0000, 0x00000000b99a0000, 0x00000000bccd0000)
  to   space 52416K,   0% used [0x00000000bccd0000, 0x00000000bccd0000, 0x00000000c0000000)
 tenured generation   total 1048576K, used 1048576K [0x00000000c0000000, 0x0000000100000000, 0x0000000100000000)
   the space 1048576K, 100% used [0x00000000c0000000, 0x0000000100000000, 0x0000000100000000, 0x0000000100000000)
 Metaspace       used 204967K, committed 207168K, reserved 753664K
  class space    used 28195K, committed 29248K, reserved 425984K
}
Event: 801.997 GC heap before
{Heap before GC invocations=252 (full 178):
 def new generation   total 471872K, used 471871K [0x00000000a0000000, 0x00000000c0000000, 0x00000000c0000000)
  eden space 419456K, 100% used [0x00000000a0000000, 0x00000000b99a0000, 0x00000000b99a0000)
  from space 52416K,  99% used [0x00000000b99a0000, 0x00000000bcccfff8, 0x00000000bccd0000)
  to   space 52416K,   0% used [0x00000000bccd0000, 0x00000000bccd0000, 0x00000000c0000000)
 tenured generation   total 1048576K, used 1048576K [0x00000000c0000000, 0x0000000100000000, 0x0000000100000000)
   the space 1048576K, 100% used [0x00000000c0000000, 0x0000000100000000, 0x0000000100000000, 0x0000000100000000)
 Metaspace       used 204968K, committed 207168K, reserved 753664K
  class space    used 28195K, committed 29248K, reserved 425984K
}
Event: 803.934 GC heap after
{Heap after GC invocations=253 (full 179):
 def new generation   total 471872K, used 74952K [0x00000000a0000000, 0x00000000c0000000, 0x00000000c0000000)
  eden space 419456K,  17% used [0x00000000a0000000, 0x00000000a4932380, 0x00000000b99a0000)
  from space 52416K,   0% used [0x00000000b99a0000, 0x00000000b99a0000, 0x00000000bccd0000)
  to   space 52416K,   0% used [0x00000000bccd0000, 0x00000000bccd0000, 0x00000000c0000000)
 tenured generation   total 1048576K, used 1048576K [0x00000000c0000000, 0x0000000100000000, 0x0000000100000000)
   the space 1048576K, 100% used [0x00000000c0000000, 0x0000000100000000, 0x0000000100000000, 0x0000000100000000)
 Metaspace       used 204942K, committed 207168K, reserved 753664K
  class space    used 28189K, committed 29248K, reserved 425984K
}
Event: 804.587 GC heap before
{Heap before GC invocations=253 (full 179):
 def new generation   total 471872K, used 471871K [0x00000000a0000000, 0x00000000c0000000, 0x00000000c0000000)
  eden space 419456K, 100% used [0x00000000a0000000, 0x00000000b99a0000, 0x00000000b99a0000)
  from space 52416K,  99% used [0x00000000b99a0000, 0x00000000bcccfff8, 0x00000000bccd0000)
  to   space 52416K,   0% used [0x00000000bccd0000, 0x00000000bccd0000, 0x00000000c0000000)
 tenured generation   total 1048576K, used 1048576K [0x00000000c0000000, 0x0000000100000000, 0x0000000100000000)
   the space 1048576K, 100% used [0x00000000c0000000, 0x0000000100000000, 0x0000000100000000, 0x0000000100000000)
 Metaspace       used 204950K, committed 207168K, reserved 753664K
  class space    used 28189K, committed 29248K, reserved 425984K
}
Event: 806.801 GC heap after
{Heap after GC invocations=254 (full 180):
 def new generation   total 471872K, used 83695K [0x00000000a0000000, 0x00000000c0000000, 0x00000000c0000000)
  eden space 419456K,  19% used [0x00000000a0000000, 0x00000000a51bbdb0, 0x00000000b99a0000)
  from space 52416K,   0% used [0x00000000b99a0000, 0x00000000b99a0000, 0x00000000bccd0000)
  to   space 52416K,   0% used [0x00000000bccd0000, 0x00000000bccd0000, 0x00000000c0000000)
 tenured generation   total 1048576K, used 1048575K [0x00000000c0000000, 0x0000000100000000, 0x0000000100000000)
   the space 1048576K,  99% used [0x00000000c0000000, 0x00000000ffffffe0, 0x0000000100000000, 0x0000000100000000)
 Metaspace       used 204937K, committed 207168K, reserved 753664K
  class space    used 28186K, committed 29248K, reserved 425984K
}
Event: 807.466 GC heap before
{Heap before GC invocations=254 (full 180):
 def new generation   total 471872K, used 471871K [0x00000000a0000000, 0x00000000c0000000, 0x00000000c0000000)
  eden space 419456K, 100% used [0x00000000a0000000, 0x00000000b99a0000, 0x00000000b99a0000)
  from space 52416K,  99% used [0x00000000b99a0000, 0x00000000bcccffe8, 0x00000000bccd0000)
  to   space 52416K,   0% used [0x00000000bccd0000, 0x00000000bccd0000, 0x00000000c0000000)
 tenured generation   total 1048576K, used 1048575K [0x00000000c0000000, 0x0000000100000000, 0x0000000100000000)
   the space 1048576K,  99% used [0x00000000c0000000, 0x00000000ffffffe0, 0x0000000100000000, 0x0000000100000000)
 Metaspace       used 204938K, committed 207168K, reserved 753664K
  class space    used 28186K, committed 29248K, reserved 425984K
}
Event: 809.412 GC heap after
{Heap after GC invocations=255 (full 181):
 def new generation   total 471872K, used 71637K [0x00000000a0000000, 0x00000000c0000000, 0x00000000c0000000)
  eden space 419456K,  17% used [0x00000000a0000000, 0x00000000a45f5490, 0x00000000b99a0000)
  from space 52416K,   0% used [0x00000000b99a0000, 0x00000000b99a0000, 0x00000000bccd0000)
  to   space 52416K,   0% used [0x00000000bccd0000, 0x00000000bccd0000, 0x00000000c0000000)
 tenured generation   total 1048576K, used 1048575K [0x00000000c0000000, 0x0000000100000000, 0x0000000100000000)
   the space 1048576K,  99% used [0x00000000c0000000, 0x00000000ffffffe0, 0x0000000100000000, 0x0000000100000000)
 Metaspace       used 204885K, committed 207168K, reserved 753664K
  class space    used 28174K, committed 29248K, reserved 425984K
}
Event: 810.029 GC heap before
{Heap before GC invocations=255 (full 181):
 def new generation   total 471872K, used 471872K [0x00000000a0000000, 0x00000000c0000000, 0x00000000c0000000)
  eden space 419456K, 100% used [0x00000000a0000000, 0x00000000b99a0000, 0x00000000b99a0000)
  from space 52416K, 100% used [0x00000000b99a0000, 0x00000000bccd0000, 0x00000000bccd0000)
  to   space 52416K,   0% used [0x00000000bccd0000, 0x00000000bccd0000, 0x00000000c0000000)
 tenured generation   total 1048576K, used 1048575K [0x00000000c0000000, 0x0000000100000000, 0x0000000100000000)
   the space 1048576K,  99% used [0x00000000c0000000, 0x00000000fffffff8, 0x0000000100000000, 0x0000000100000000)
 Metaspace       used 204886K, committed 207168K, reserved 753664K
  class space    used 28174K, committed 29248K, reserved 425984K
}
Event: 811.946 GC heap after
{Heap after GC invocations=256 (full 182):
 def new generation   total 471872K, used 74173K [0x00000000a0000000, 0x00000000c0000000, 0x00000000c0000000)
  eden space 419456K,  17% used [0x00000000a0000000, 0x00000000a486f4e0, 0x00000000b99a0000)
  from space 52416K,   0% used [0x00000000b99a0000, 0x00000000b99a0000, 0x00000000bccd0000)
  to   space 52416K,   0% used [0x00000000bccd0000, 0x00000000bccd0000, 0x00000000c0000000)
 tenured generation   total 1048576K, used 1048575K [0x00000000c0000000, 0x0000000100000000, 0x0000000100000000)
   the space 1048576K,  99% used [0x00000000c0000000, 0x00000000fffffff8, 0x0000000100000000, 0x0000000100000000)
 Metaspace       used 204886K, committed 207168K, reserved 753664K
  class space    used 28174K, committed 29248K, reserved 425984K
}
Event: 812.576 GC heap before
{Heap before GC invocations=256 (full 182):
 def new generation   total 471872K, used 471871K [0x00000000a0000000, 0x00000000c0000000, 0x00000000c0000000)
  eden space 419456K, 100% used [0x00000000a0000000, 0x00000000b99a0000, 0x00000000b99a0000)
  from space 52416K,  99% used [0x00000000b99a0000, 0x00000000bcccff90, 0x00000000bccd0000)
  to   space 52416K,   0% used [0x00000000bccd0000, 0x00000000bccd0000, 0x00000000c0000000)
 tenured generation   total 1048576K, used 1048575K [0x00000000c0000000, 0x0000000100000000, 0x0000000100000000)
   the space 1048576K,  99% used [0x00000000c0000000, 0x00000000fffffff8, 0x0000000100000000, 0x0000000100000000)
 Metaspace       used 204886K, committed 207168K, reserved 753664K
  class space    used 28174K, committed 29248K, reserved 425984K
}
Event: 814.468 GC heap after
{Heap after GC invocations=257 (full 183):
 def new generation   total 471872K, used 74180K [0x00000000a0000000, 0x00000000c0000000, 0x00000000c0000000)
  eden space 419456K,  17% used [0x00000000a0000000, 0x00000000a4871338, 0x00000000b99a0000)
  from space 52416K,   0% used [0x00000000b99a0000, 0x00000000b99a0000, 0x00000000bccd0000)
  to   space 52416K,   0% used [0x00000000bccd0000, 0x00000000bccd0000, 0x00000000c0000000)
 tenured generation   total 1048576K, used 1048575K [0x00000000c0000000, 0x0000000100000000, 0x0000000100000000)
   the space 1048576K,  99% used [0x00000000c0000000, 0x00000000fffffff8, 0x0000000100000000, 0x0000000100000000)
 Metaspace       used 204886K, committed 207168K, reserved 753664K
  class space    used 28174K, committed 29248K, reserved 425984K
}
Event: 815.057 GC heap before
{Heap before GC invocations=257 (full 183):
 def new generation   total 471872K, used 471871K [0x00000000a0000000, 0x00000000c0000000, 0x00000000c0000000)
  eden space 419456K, 100% used [0x00000000a0000000, 0x00000000b99a0000, 0x00000000b99a0000)
  from space 52416K,  99% used [0x00000000b99a0000, 0x00000000bcccfff8, 0x00000000bccd0000)
  to   space 52416K,   0% used [0x00000000bccd0000, 0x00000000bccd0000, 0x00000000c0000000)
 tenured generation   total 1048576K, used 1048575K [0x00000000c0000000, 0x0000000100000000, 0x0000000100000000)
   the space 1048576K,  99% used [0x00000000c0000000, 0x00000000fffffff8, 0x0000000100000000, 0x0000000100000000)
 Metaspace       used 204887K, committed 207168K, reserved 753664K
  class space    used 28174K, committed 29248K, reserved 425984K
}

Dll operation events (15 events):
Event: 0.010 Loaded shared library C:\Program Files\Eclipse Adoptium\jdk-17.0.17.10-hotspot\bin\java.dll
Event: 0.022 Loaded shared library C:\Program Files\Eclipse Adoptium\jdk-17.0.17.10-hotspot\bin\jsvml.dll
Event: 0.057 Loaded shared library C:\Program Files\Eclipse Adoptium\jdk-17.0.17.10-hotspot\bin\zip.dll
Event: 0.061 Loaded shared library C:\Program Files\Eclipse Adoptium\jdk-17.0.17.10-hotspot\bin\instrument.dll
Event: 0.064 Loaded shared library C:\Program Files\Eclipse Adoptium\jdk-17.0.17.10-hotspot\bin\net.dll
Event: 0.066 Loaded shared library C:\Program Files\Eclipse Adoptium\jdk-17.0.17.10-hotspot\bin\nio.dll
Event: 0.068 Loaded shared library C:\Program Files\Eclipse Adoptium\jdk-17.0.17.10-hotspot\bin\zip.dll
Event: 0.203 Loaded shared library C:\Program Files\Eclipse Adoptium\jdk-17.0.17.10-hotspot\bin\jimage.dll
Event: 0.302 Loaded shared library C:\Program Files\Eclipse Adoptium\jdk-17.0.17.10-hotspot\bin\verify.dll
Event: 0.361 Loaded shared library D:\gradle-home\native\1def1411415f61bf3af743bc5b6707747c0891f09f0c88961ee8f79bc544acac\windows-amd64\native-platform.dll
Event: 0.370 Loaded shared library D:\gradle-home\native\0.2.7\x86_64-windows-gnu\gradle-fileevents.dll
Event: 0.907 Loaded shared library C:\Program Files\Eclipse Adoptium\jdk-17.0.17.10-hotspot\bin\management.dll
Event: 0.908 Loaded shared library C:\Program Files\Eclipse Adoptium\jdk-17.0.17.10-hotspot\bin\management_ext.dll
Event: 1.354 Loaded shared library C:\Program Files\Eclipse Adoptium\jdk-17.0.17.10-hotspot\bin\extnet.dll
Event: 1.584 Loaded shared library C:\Program Files\Eclipse Adoptium\jdk-17.0.17.10-hotspot\bin\sunmscapi.dll

Deoptimization events (20 events):
Event: 801.443 Thread 0x00000247447854d0 DEOPT PACKING pc=0x000002470f835284 sp=0x000000efa44ff160
Event: 801.443 Thread 0x00000247447854d0 DEOPT UNPACKING pc=0x000002470d5366a3 sp=0x000000efa44ff190 mode 2
Event: 801.461 Thread 0x000002473a3440d0 Uncommon trap: trap_request=0xffffff47 fr.pc=0x000002470f835284 relative=0x000000000000a0a4
Event: 801.461 Thread 0x000002473a3440d0 Uncommon trap: reason=unstable_if action=none pc=0x000002470f835284 method=com.android.tools.r8.internal.xB.a(Lcom/android/tools/r8/graph/K5;Lcom/android/tools/r8/internal/sB;Lcom/android/tools/r8/ir/optimize/u;Lcom/android/tools/r8/internal/Z40;Lcom/andr
Event: 801.461 Thread 0x000002473a3440d0 DEOPT PACKING pc=0x000002470f835284 sp=0x000000efa2efeed0
Event: 801.461 Thread 0x000002473a3440d0 DEOPT UNPACKING pc=0x000002470d5366a3 sp=0x000000efa2efef00 mode 2
Event: 803.957 Thread 0x000002473a345510 DEOPT PACKING pc=0x000002470db7868a sp=0x000000efa0bfeea0
Event: 803.957 Thread 0x000002473a345510 DEOPT UNPACKING pc=0x000002470d536e43 sp=0x000000efa0bfe340 mode 3
Event: 809.418 Thread 0x000002473844adc0 Uncommon trap: trap_request=0xffffff47 fr.pc=0x000002470f835284 relative=0x000000000000a0a4
Event: 809.419 Thread 0x000002473844adc0 Uncommon trap: reason=unstable_if action=none pc=0x000002470f835284 method=com.android.tools.r8.internal.xB.a(Lcom/android/tools/r8/graph/K5;Lcom/android/tools/r8/internal/sB;Lcom/android/tools/r8/ir/optimize/u;Lcom/android/tools/r8/internal/Z40;Lcom/andr
Event: 809.419 Thread 0x000002473844adc0 DEOPT PACKING pc=0x000002470f835284 sp=0x000000efa3efed50
Event: 809.419 Thread 0x000002473844adc0 DEOPT UNPACKING pc=0x000002470d5366a3 sp=0x000000efa3efed80 mode 2
Event: 809.453 Thread 0x0000024744784090 Uncommon trap: trap_request=0xffffff04 fr.pc=0x000002470eb2c094 relative=0x00000000000000f4
Event: 809.453 Thread 0x0000024744784090 Uncommon trap: reason=tenured action=make_not_entrant pc=0x000002470eb2c094 method=java.util.HashMap.entrySet()Ljava/util/Set; @ 0 c2
Event: 809.453 Thread 0x0000024744784090 DEOPT PACKING pc=0x000002470eb2c094 sp=0x000000efa41fec30
Event: 809.453 Thread 0x0000024744784090 DEOPT UNPACKING pc=0x000002470d5366a3 sp=0x000000efa41febc8 mode 2
Event: 812.008 Thread 0x000002473a346950 Uncommon trap: trap_request=0xffffff47 fr.pc=0x000002470f835284 relative=0x000000000000a0a4
Event: 812.008 Thread 0x000002473a346950 Uncommon trap: reason=unstable_if action=none pc=0x000002470f835284 method=com.android.tools.r8.internal.xB.a(Lcom/android/tools/r8/graph/K5;Lcom/android/tools/r8/internal/sB;Lcom/android/tools/r8/ir/optimize/u;Lcom/android/tools/r8/internal/Z40;Lcom/andr
Event: 812.008 Thread 0x000002473a346950 DEOPT PACKING pc=0x000002470f835284 sp=0x000000efa22feee0
Event: 812.008 Thread 0x000002473a346950 DEOPT UNPACKING pc=0x000002470d5366a3 sp=0x000000efa22fef10 mode 2

Classes loaded (20 events):
Event: 441.079 Loading class java/util/IdentityHashMap$EntrySpliterator
Event: 441.079 Loading class java/util/IdentityHashMap$IdentityHashMapSpliterator
Event: 441.079 Loading class java/util/IdentityHashMap$IdentityHashMapSpliterator done
Event: 441.082 Loading class java/util/IdentityHashMap$EntrySpliterator done
Event: 441.086 Loading class java/util/stream/SortedOps$RefSortingSink
Event: 441.086 Loading class java/util/stream/SortedOps$RefSortingSink done
Event: 441.145 Loading class java/util/SortedSet$1
Event: 441.145 Loading class java/util/SortedSet$1 done
Event: 441.151 Loading class java/util/stream/SliceOps
Event: 441.151 Loading class java/util/stream/SliceOps done
Event: 441.151 Loading class java/util/stream/SliceOps$1
Event: 441.151 Loading class java/util/stream/SliceOps$1 done
Event: 441.152 Loading class java/util/stream/SliceOps$1$1
Event: 441.152 Loading class java/util/stream/SliceOps$1$1 done
Event: 441.242 Loading class java/util/IdentityHashMap$ValueSpliterator
Event: 441.243 Loading class java/util/IdentityHashMap$ValueSpliterator done
Event: 483.379 Loading class java/util/function/ObjIntConsumer
Event: 483.379 Loading class java/util/function/ObjIntConsumer done
Event: 567.858 Loading class java/util/IdentityHashMap$KeySpliterator
Event: 567.858 Loading class java/util/IdentityHashMap$KeySpliterator done

Classes unloaded (20 events):
Event: 808.524 Thread 0x00000247059e2990 Unloading class 0x0000024719238400 'java/lang/invoke/LambdaForm$MH+0x0000024719238400'
Event: 808.524 Thread 0x00000247059e2990 Unloading class 0x000002471860f000 'java/lang/invoke/LambdaForm$MH+0x000002471860f000'
Event: 808.524 Thread 0x00000247059e2990 Unloading class 0x000002471860e400 'java/lang/invoke/LambdaForm$MH+0x000002471860e400'
Event: 808.524 Thread 0x00000247059e2990 Unloading class 0x0000024719988c00 'java/lang/invoke/LambdaForm$MH+0x0000024719988c00'
Event: 808.524 Thread 0x00000247059e2990 Unloading class 0x0000024719238c00 'java/lang/invoke/LambdaForm$MH+0x0000024719238c00'
Event: 808.524 Thread 0x00000247059e2990 Unloading class 0x0000024718cd4c00 'java/lang/invoke/LambdaForm$MH+0x0000024718cd4c00'
Event: 808.524 Thread 0x00000247059e2990 Unloading class 0x0000024719438c00 'java/lang/invoke/LambdaForm$MH+0x0000024719438c00'
Event: 808.524 Thread 0x00000247059e2990 Unloading class 0x0000024719691c00 'java/lang/invoke/LambdaForm$MH+0x0000024719691c00'
Event: 808.524 Thread 0x00000247059e2990 Unloading class 0x0000024718a14c00 'java/lang/invoke/LambdaForm$MH+0x0000024718a14c00'
Event: 808.524 Thread 0x00000247059e2990 Unloading class 0x000002471804a800 'java/lang/invoke/LambdaForm$MH+0x000002471804a800'
Event: 808.524 Thread 0x00000247059e2990 Unloading class 0x0000024718044c00 'java/lang/invoke/LambdaForm$MH+0x0000024718044c00'
Event: 808.524 Thread 0x00000247059e2990 Unloading class 0x0000024717c19c00 'java/lang/invoke/LambdaForm$MH+0x0000024717c19c00'
Event: 808.524 Thread 0x00000247059e2990 Unloading class 0x00000247178a0000 'java/lang/invoke/LambdaForm$MH+0x00000247178a0000'
Event: 808.524 Thread 0x00000247059e2990 Unloading class 0x000002471789dc00 'java/lang/invoke/LambdaForm$MH+0x000002471789dc00'
Event: 808.524 Thread 0x00000247059e2990 Unloading class 0x000002471789d800 'java/lang/invoke/LambdaForm$MH+0x000002471789d800'
Event: 808.524 Thread 0x00000247059e2990 Unloading class 0x000002471789d400 'java/lang/invoke/LambdaForm$MH+0x000002471789d400'
Event: 808.524 Thread 0x00000247059e2990 Unloading class 0x000002471789d000 'java/lang/invoke/LambdaForm$MH+0x000002471789d000'
Event: 808.524 Thread 0x00000247059e2990 Unloading class 0x000002471789cc00 'java/lang/invoke/LambdaForm$MH+0x000002471789cc00'
Event: 808.524 Thread 0x00000247059e2990 Unloading class 0x000002471789c800 'java/lang/invoke/LambdaForm$MH+0x000002471789c800'
Event: 808.524 Thread 0x00000247059e2990 Unloading class 0x000002471789c400 'java/lang/invoke/LambdaForm$MH+0x000002471789c400'

Classes redefined (0 events):
No events

Internal exceptions (20 events):
Event: 724.895 Thread 0x00000247447854d0 Exception <a 'java/lang/NoSuchMethodError'{0x00000000bcc9c0a8}: 'java.lang.Object java.lang.invoke.Invokers$Holder.linkToTargetMethod(int, java.lang.Object, java.lang.Object, java.lang.Object, java.lang.Object)'> (0x00000000bcc9c0a8) 
thrown [s\src\hotspot\share\interpreter\linkResolver.cpp, line 759]
Event: 724.895 Thread 0x0000024738449470 Exception <a 'java/lang/NoSuchMethodError'{0x00000000bcc9fa90}: 'java.lang.Object java.lang.invoke.Invokers$Holder.linkToTargetMethod(int, java.lang.Object, java.lang.Object, java.lang.Object, java.lang.Object)'> (0x00000000bcc9fa90) 
thrown [s\src\hotspot\share\interpreter\linkResolver.cpp, line 759]
Event: 724.895 Thread 0x000002473a343bc0 Exception <a 'java/lang/NoSuchMethodError'{0x00000000bcca01c8}: 'java.lang.Object java.lang.invoke.Invokers$Holder.linkToTargetMethod(int, java.lang.Object, java.lang.Object, java.lang.Object, java.lang.Object)'> (0x00000000bcca01c8) 
thrown [s\src\hotspot\share\interpreter\linkResolver.cpp, line 759]
Event: 724.895 Thread 0x000002473844a8b0 Exception <a 'java/lang/NoSuchMethodError'{0x00000000bcca4358}: 'java.lang.Object java.lang.invoke.Invokers$Holder.linkToTargetMethod(int, java.lang.Object, java.lang.Object, java.lang.Object, java.lang.Object)'> (0x00000000bcca4358) 
thrown [s\src\hotspot\share\interpreter\linkResolver.cpp, line 759]
Event: 724.895 Thread 0x000002473a3440d0 Exception <a 'java/lang/NoSuchMethodError'{0x00000000bccaaa20}: 'java.lang.Object java.lang.invoke.Invokers$Holder.linkToTargetMethod(int, java.lang.Object, java.lang.Object, java.lang.Object, java.lang.Object)'> (0x00000000bccaaa20) 
thrown [s\src\hotspot\share\interpreter\linkResolver.cpp, line 759]
Event: 724.896 Thread 0x000002473a346950 Exception <a 'java/lang/NoSuchMethodError'{0x00000000bccaa9f8}: 'java.lang.Object java.lang.invoke.Invokers$Holder.linkToTargetMethod(int, java.lang.Object, java.lang.Object, java.lang.Object, java.lang.Object)'> (0x00000000bccaa9f8) 
thrown [s\src\hotspot\share\interpreter\linkResolver.cpp, line 759]
Event: 727.269 Thread 0x000002473a341340 Implicit null exception at 0x0000024711529704 to 0x0000024711529f44
Event: 733.341 Thread 0x000002473a341340 Exception <a 'java/lang/NoSuchMethodError'{0x00000000ba753b90}: 'java.lang.Object java.lang.invoke.DirectMethodHandle$Holder.newInvokeSpecial(java.lang.Object, java.lang.Object, java.lang.Object, java.lang.Object, java.lang.Object, java.lang.Object, java.lang.Object, int, java.lang.Object, java.lang.Object)'> (0x00000000ba753b90) 
thrown [s\src\hotspot\share\interpreter\linkResolver.cpp, line 759]
Event: 733.342 Thread 0x000002473a341340 Exception <a 'java/lang/NoSuchMethodError'{0x00000000ba75d240}: 'java.lang.Object java.lang.invoke.Invokers$Holder.linkToTargetMethod(java.lang.Object, java.lang.Object, java.lang.Object, java.lang.Object, java.lang.Object, java.lang.Object, int, java.lang.Object, java.lang.Object, java.lang.Object)'> (0x00000000ba75d240) 
thrown [s\src\hotspot\share\interpreter\linkResolver.cpp, line 759]
Event: 735.892 Thread 0x00000247447859e0 Implicit null exception at 0x00000247117bb9b3 to 0x00000247117bbce0
Event: 735.893 Thread 0x00000247447859e0 Implicit null exception at 0x0000024711cfb972 to 0x0000024711cfbdf4
Event: 736.153 Thread 0x000002473a341340 Exception <a 'java/lang/NoSuchMethodError'{0x00000000b9989980}: 'java.lang.Object java.lang.invoke.DirectMethodHandle$Holder.invokeStaticInit(java.lang.Object, java.lang.Object, java.lang.Object, java.lang.Object, java.lang.Object)'> (0x00000000b9989980) 
thrown [s\src\hotspot\share\interpreter\linkResolver.cpp, line 759]
Event: 736.476 Thread 0x000002473844adc0 Implicit null exception at 0x000002470dcf670f to 0x000002470dcf6cd4
Event: 739.010 Thread 0x000002473a346950 Exception <a 'java/lang/NoSuchMethodError'{0x00000000b137b9a0}: 'java.lang.Object java.lang.invoke.DirectMethodHandle$Holder.invokeVirtual(java.lang.Object, java.lang.Object, int, java.lang.Object)'> (0x00000000b137b9a0) 
thrown [s\src\hotspot\share\interpreter\linkResolver.cpp, line 759]
Event: 739.011 Thread 0x0000024744781810 Exception <a 'java/lang/NoSuchMethodError'{0x00000000b12d8270}: 'java.lang.Object java.lang.invoke.DirectMethodHandle$Holder.invokeVirtual(java.lang.Object, java.lang.Object, int, java.lang.Object)'> (0x00000000b12d8270) 
thrown [s\src\hotspot\share\interpreter\linkResolver.cpp, line 759]
Event: 745.406 Thread 0x000002473a343bc0 Implicit null exception at 0x0000024712cd6364 to 0x0000024712cd7b80
Event: 745.406 Thread 0x000002473a345510 Implicit null exception at 0x0000024712cd6364 to 0x0000024712cd7b80
Event: 745.419 Thread 0x000002473a345510 Implicit null exception at 0x00000247139c53b3 to 0x00000247139c8ac8
Event: 748.041 Thread 0x00000247447859e0 Implicit null exception at 0x000002470e8ec040 to 0x000002470e8ed6d8
Event: 750.576 Thread 0x000002473a3440d0 Exception <a 'java/lang/IncompatibleClassChangeError'{0x00000000ac480ac8}: Found class java.lang.Object, but interface was expected> (0x00000000ac480ac8) 
thrown [s\src\hotspot\share\interpreter\linkResolver.cpp, line 826]

VM Operations (20 events):
Event: 791.205 Executing VM operation: GenCollectForAllocation done
Event: 791.780 Executing VM operation: GenCollectForAllocation
Event: 793.746 Executing VM operation: GenCollectForAllocation done
Event: 794.335 Executing VM operation: GenCollectForAllocation
Event: 796.356 Executing VM operation: GenCollectForAllocation done
Event: 796.970 Executing VM operation: GenCollectForAllocation
Event: 798.912 Executing VM operation: GenCollectForAllocation done
Event: 799.502 Executing VM operation: GenCollectForAllocation
Event: 801.420 Executing VM operation: GenCollectForAllocation done
Event: 801.997 Executing VM operation: GenCollectForAllocation
Event: 803.934 Executing VM operation: GenCollectForAllocation done
Event: 804.587 Executing VM operation: GenCollectForAllocation
Event: 806.801 Executing VM operation: GenCollectForAllocation done
Event: 807.466 Executing VM operation: GenCollectForAllocation
Event: 809.412 Executing VM operation: GenCollectForAllocation done
Event: 810.029 Executing VM operation: GenCollectForAllocation
Event: 811.946 Executing VM operation: GenCollectForAllocation done
Event: 812.576 Executing VM operation: GenCollectForAllocation
Event: 814.468 Executing VM operation: GenCollectForAllocation done
Event: 815.057 Executing VM operation: GenCollectForAllocation

Memory protections (0 events):
No events

Nmethod flushes (20 events):
Event: 788.817 Thread 0x0000024705a1e4a0 flushing  nmethod 0x00000247114ff590
Event: 788.817 Thread 0x0000024705a1e4a0 flushing  nmethod 0x00000247114ff890
Event: 788.817 Thread 0x0000024705a1e4a0 flushing  nmethod 0x0000024711501490
Event: 788.817 Thread 0x0000024705a1e4a0 flushing  nmethod 0x0000024711501b90
Event: 788.817 Thread 0x0000024705a1e4a0 flushing  nmethod 0x0000024711502490
Event: 788.817 Thread 0x0000024705a1e4a0 flushing  nmethod 0x0000024711502810
Event: 788.817 Thread 0x0000024705a1e4a0 flushing  nmethod 0x0000024711502b10
Event: 788.817 Thread 0x0000024705a1e4a0 flushing  nmethod 0x0000024711506690
Event: 788.817 Thread 0x0000024705a1e4a0 flushing  nmethod 0x0000024711506c10
Event: 788.817 Thread 0x0000024705a1e4a0 flushing  nmethod 0x0000024711508c10
Event: 788.817 Thread 0x0000024705a1e4a0 flushing  nmethod 0x000002471150ee10
Event: 788.817 Thread 0x0000024705a1e4a0 flushing  nmethod 0x0000024711510510
Event: 788.817 Thread 0x0000024705a1e4a0 flushing  nmethod 0x0000024711511790
Event: 788.817 Thread 0x0000024705a1e4a0 flushing  nmethod 0x0000024711515d10
Event: 788.817 Thread 0x0000024705a1e4a0 flushing  nmethod 0x0000024711516010
Event: 788.817 Thread 0x0000024705a1e4a0 flushing  nmethod 0x0000024711516310
Event: 788.817 Thread 0x0000024705a1e4a0 flushing  nmethod 0x0000024711516610
Event: 788.817 Thread 0x0000024705a1e4a0 flushing  nmethod 0x0000024711516910
Event: 788.817 Thread 0x0000024705a1e4a0 flushing  nmethod 0x0000024711516c10
Event: 788.817 Thread 0x0000024705a1e4a0 flushing  nmethod 0x000002471151a910

Events (20 events):
Event: 742.103 Thread 0x000002473b21e050 Thread exited: 0x000002473b21e050
Event: 742.350 Thread 0x0000024705a19ef0 Thread added: 0x0000024743334ff0
Event: 742.560 Thread 0x0000024743334ff0 Thread exited: 0x0000024743334ff0
Event: 742.768 Thread 0x000002473b21cb10 Thread exited: 0x000002473b21cb10
Event: 745.210 Thread 0x0000024705a19ef0 Thread added: 0x0000024743335fe0
Event: 745.221 Thread 0x0000024705a11e70 Thread added: 0x0000024745dc8040
Event: 745.406 Thread 0x0000024745dc8040 Thread exited: 0x0000024745dc8040
Event: 745.418 Thread 0x0000024705a19ef0 Thread added: 0x0000024744c9fae0
Event: 771.296 Thread 0x0000024744c9fae0 Thread exited: 0x0000024744c9fae0
Event: 773.327 Thread 0x0000024743335fe0 Thread exited: 0x0000024743335fe0
Event: 773.355 Thread 0x0000024705a11e70 Thread added: 0x0000024745d0af20
Event: 773.357 Thread 0x0000024705a11e70 Thread added: 0x0000024745d099e0
Event: 778.510 Thread 0x0000024745d099e0 Thread exited: 0x0000024745d099e0
Event: 778.514 Thread 0x0000024745d0af20 Thread exited: 0x0000024745d0af20
Event: 783.568 Thread 0x0000024705a19ef0 Thread added: 0x0000024745dc7050
Event: 783.577 Thread 0x0000024705a19ef0 Thread added: 0x0000024745dc8590
Event: 788.650 Thread 0x0000024745dc7050 Thread exited: 0x0000024745dc7050
Event: 788.650 Thread 0x0000024745dc8590 Thread exited: 0x0000024745dc8590
Event: 788.681 Thread 0x0000024705a19ef0 Thread added: 0x0000024744c9fae0
Event: 791.205 Thread 0x0000024744c9fae0 Thread exited: 0x0000024744c9fae0


Dynamic libraries:
0x00007ff6a75b0000 - 0x00007ff6a75be000 	C:\Program Files\Eclipse Adoptium\jdk-17.0.17.10-hotspot\bin\java.exe
0x00007ffa14f80000 - 0x00007ffa151e8000 	C:\WINDOWS\SYSTEM32\ntdll.dll
0x00007ffa13340000 - 0x00007ffa13409000 	C:\WINDOWS\System32\KERNEL32.DLL
0x00007ffa12540000 - 0x00007ffa12931000 	C:\WINDOWS\System32\KERNELBASE.dll
0x00007ffa12360000 - 0x00007ffa124ab000 	C:\WINDOWS\System32\ucrtbase.dll
0x00007ff9e4860000 - 0x00007ff9e4878000 	C:\Program Files\Eclipse Adoptium\jdk-17.0.17.10-hotspot\bin\jli.dll
0x00007ff9e4800000 - 0x00007ff9e481e000 	C:\Program Files\Eclipse Adoptium\jdk-17.0.17.10-hotspot\bin\VCRUNTIME140.dll
0x00007ffa13e70000 - 0x00007ffa14036000 	C:\WINDOWS\System32\USER32.dll
0x00007ffa12940000 - 0x00007ffa12967000 	C:\WINDOWS\System32\win32u.dll
0x00007ffa13d90000 - 0x00007ffa13dbb000 	C:\WINDOWS\System32\GDI32.dll
0x00007ff9f9190000 - 0x00007ff9f9423000 	C:\WINDOWS\WinSxS\amd64_microsoft.windows.common-controls_6595b64144ccf1df_6.0.26100.7824_none_3e0870b2e3345462\COMCTL32.dll
0x00007ffa119c0000 - 0x00007ffa11aeb000 	C:\WINDOWS\System32\gdi32full.dll
0x00007ffa13090000 - 0x00007ffa13139000 	C:\WINDOWS\System32\msvcrt.dll
0x00007ffa11860000 - 0x00007ffa11903000 	C:\WINDOWS\System32\msvcp_win.dll
0x00007ffa12f00000 - 0x00007ffa12f31000 	C:\WINDOWS\System32\IMM32.DLL
0x00007ff9f5f00000 - 0x00007ff9f5f0c000 	C:\Program Files\Eclipse Adoptium\jdk-17.0.17.10-hotspot\bin\vcruntime140_1.dll
0x00007ff975a90000 - 0x00007ff975b1d000 	C:\Program Files\Eclipse Adoptium\jdk-17.0.17.10-hotspot\bin\msvcp140.dll
0x00007ffff3660000 - 0x00007ffff42cb000 	C:\Program Files\Eclipse Adoptium\jdk-17.0.17.10-hotspot\bin\server\jvm.dll
0x00007ffa12f40000 - 0x00007ffa12ff4000 	C:\WINDOWS\System32\ADVAPI32.dll
0x00007ffa13dc0000 - 0x00007ffa13e66000 	C:\WINDOWS\System32\sechost.dll
0x00007ffa14cd0000 - 0x00007ffa14de8000 	C:\WINDOWS\System32\RPCRT4.dll
0x00007ffa14df0000 - 0x00007ffa14e64000 	C:\WINDOWS\System32\WS2_32.dll
0x00007ffa11610000 - 0x00007ffa1166e000 	C:\WINDOWS\SYSTEM32\POWRPROF.dll
0x00007ffa0acc0000 - 0x00007ffa0accb000 	C:\WINDOWS\SYSTEM32\VERSION.dll
0x00007ffa04af0000 - 0x00007ffa04b25000 	C:\WINDOWS\SYSTEM32\WINMM.dll
0x00007ffa114f0000 - 0x00007ffa11504000 	C:\WINDOWS\SYSTEM32\UMPDC.dll
0x00007ffa105d0000 - 0x00007ffa105eb000 	C:\WINDOWS\SYSTEM32\kernel.appcore.dll
0x00007ff9f5e80000 - 0x00007ff9f5e8a000 	C:\Program Files\Eclipse Adoptium\jdk-17.0.17.10-hotspot\bin\jimage.dll
0x00007ff9fb630000 - 0x00007ff9fb872000 	C:\WINDOWS\SYSTEM32\DBGHELP.DLL
0x00007ffa14140000 - 0x00007ffa144c6000 	C:\WINDOWS\System32\combase.dll
0x00007ffa12d20000 - 0x00007ffa12df7000 	C:\WINDOWS\System32\OLEAUT32.dll
0x00007ff9e4350000 - 0x00007ff9e438b000 	C:\WINDOWS\SYSTEM32\dbgcore.DLL
0x00007ffa11910000 - 0x00007ffa119b5000 	C:\WINDOWS\System32\bcryptPrimitives.dll
0x00007ffa0cf00000 - 0x00007ffa0cf0e000 	C:\Program Files\Eclipse Adoptium\jdk-17.0.17.10-hotspot\bin\instrument.dll
0x00007ff9e47d0000 - 0x00007ff9e47f5000 	C:\Program Files\Eclipse Adoptium\jdk-17.0.17.10-hotspot\bin\java.dll
0x00007ff96f2b0000 - 0x00007ff96f387000 	C:\Program Files\Eclipse Adoptium\jdk-17.0.17.10-hotspot\bin\jsvml.dll
0x00007ffa14550000 - 0x00007ffa14ca2000 	C:\WINDOWS\System32\SHELL32.dll
0x00007ffa12bb0000 - 0x00007ffa12d1a000 	C:\WINDOWS\System32\wintypes.dll
0x00007ffa11af0000 - 0x00007ffa12353000 	C:\WINDOWS\System32\windows.storage.dll
0x00007ffa12e00000 - 0x00007ffa12ef6000 	C:\WINDOWS\System32\SHCORE.dll
0x00007ffa140d0000 - 0x00007ffa14137000 	C:\WINDOWS\System32\shlwapi.dll
0x00007ffa11780000 - 0x00007ffa117a9000 	C:\WINDOWS\SYSTEM32\profapi.dll
0x00007ff9ad950000 - 0x00007ff9ad968000 	C:\Program Files\Eclipse Adoptium\jdk-17.0.17.10-hotspot\bin\zip.dll
0x00007ff9e3660000 - 0x00007ff9e367a000 	C:\Program Files\Eclipse Adoptium\jdk-17.0.17.10-hotspot\bin\net.dll
0x00007ffa0a880000 - 0x00007ffa0a9a7000 	C:\WINDOWS\SYSTEM32\WINHTTP.dll
0x00007ffa10b50000 - 0x00007ffa10bbb000 	C:\WINDOWS\system32\mswsock.dll
0x00007ff9adc00000 - 0x00007ff9adc16000 	C:\Program Files\Eclipse Adoptium\jdk-17.0.17.10-hotspot\bin\nio.dll
0x00007ffa0d070000 - 0x00007ffa0d080000 	C:\Program Files\Eclipse Adoptium\jdk-17.0.17.10-hotspot\bin\verify.dll
0x00007ffa0cfb0000 - 0x00007ffa0cfd7000 	D:\gradle-home\native\1def1411415f61bf3af743bc5b6707747c0891f09f0c88961ee8f79bc544acac\windows-amd64\native-platform.dll
0x00007ff9e4a50000 - 0x00007ff9e4ac8000 	D:\gradle-home\native\0.2.7\x86_64-windows-gnu\gradle-fileevents.dll
0x00007ff9e4850000 - 0x00007ff9e485a000 	C:\Program Files\Eclipse Adoptium\jdk-17.0.17.10-hotspot\bin\management.dll
0x00007ff9e47c0000 - 0x00007ff9e47cc000 	C:\Program Files\Eclipse Adoptium\jdk-17.0.17.10-hotspot\bin\management_ext.dll
0x00007ffa131a0000 - 0x00007ffa131a8000 	C:\WINDOWS\System32\PSAPI.DLL
0x00007ffa0ffc0000 - 0x00007ffa0fff4000 	C:\WINDOWS\SYSTEM32\IPHLPAPI.DLL
0x00007ffa14e70000 - 0x00007ffa14e7a000 	C:\WINDOWS\System32\NSI.dll
0x00007ffa0a4d0000 - 0x00007ffa0a4ee000 	C:\WINDOWS\SYSTEM32\dhcpcsvc6.DLL
0x00007ffa0a4a0000 - 0x00007ffa0a4c3000 	C:\WINDOWS\SYSTEM32\dhcpcsvc.DLL
0x00007ffa10050000 - 0x00007ffa1017c000 	C:\WINDOWS\SYSTEM32\DNSAPI.dll
0x00007ff9c5230000 - 0x00007ff9c5239000 	C:\Program Files\Eclipse Adoptium\jdk-17.0.17.10-hotspot\bin\extnet.dll
0x00007ffa10e40000 - 0x00007ffa10e5b000 	C:\WINDOWS\SYSTEM32\CRYPTSP.dll
0x00007ffa10530000 - 0x00007ffa10569000 	C:\WINDOWS\system32\rsaenh.dll
0x00007ffa10c00000 - 0x00007ffa10c2b000 	C:\WINDOWS\SYSTEM32\USERENV.dll
0x00007ffa11750000 - 0x00007ffa1177a000 	C:\WINDOWS\SYSTEM32\bcrypt.dll
0x00007ffa10e60000 - 0x00007ffa10e6c000 	C:\WINDOWS\SYSTEM32\CRYPTBASE.dll
0x00007ff9c9c80000 - 0x00007ff9c9c8e000 	C:\Program Files\Eclipse Adoptium\jdk-17.0.17.10-hotspot\bin\sunmscapi.dll
0x00007ffa12a30000 - 0x00007ffa12ba7000 	C:\WINDOWS\System32\CRYPT32.dll
0x00007ffa11060000 - 0x00007ffa11090000 	C:\WINDOWS\SYSTEM32\ncrypt.dll
0x00007ffa11010000 - 0x00007ffa1104f000 	C:\WINDOWS\SYSTEM32\NTASN1.dll
0x00007ff9734c0000 - 0x00007ff9734c8000 	C:\WINDOWS\system32\wshunix.dll
0x00007ffa106f0000 - 0x00007ffa10726000 	C:\WINDOWS\SYSTEM32\ntmarta.dll

dbghelp: loaded successfully - version: 4.0.5 - missing functions: none
symbol engine: initialized successfully - sym options: 0x614 - pdb path: .;C:\Program Files\Eclipse Adoptium\jdk-17.0.17.10-hotspot\bin;C:\WINDOWS\SYSTEM32;C:\WINDOWS\WinSxS\amd64_microsoft.windows.common-controls_6595b64144ccf1df_6.0.26100.7824_none_3e0870b2e3345462;C:\Program Files\Eclipse Adoptium\jdk-17.0.17.10-hotspot\bin\server;D:\gradle-home\native\1def1411415f61bf3af743bc5b6707747c0891f09f0c88961ee8f79bc544acac\windows-amd64;D:\gradle-home\native\0.2.7\x86_64-windows-gnu

VM Arguments:
jvm_args: --add-opens=java.base/java.lang=ALL-UNNAMED --add-opens=java.base/java.lang.invoke=ALL-UNNAMED --add-opens=java.base/java.util=ALL-UNNAMED --add-opens=java.prefs/java.util.prefs=ALL-UNNAMED --add-exports=jdk.compiler/com.sun.tools.javac.api=ALL-UNNAMED --add-exports=jdk.compiler/com.sun.tools.javac.util=ALL-UNNAMED --add-opens=java.base/java.util=ALL-UNNAMED --add-opens=java.prefs/java.util.prefs=ALL-UNNAMED --add-opens=java.base/java.nio.charset=ALL-UNNAMED --add-opens=java.base/java.net=ALL-UNNAMED --add-opens=java.base/java.util.concurrent.atomic=ALL-UNNAMED --add-opens=java.xml/javax.xml.namespace=ALL-UNNAMED -XX:MaxMetaspaceSize=512m -XX:ReservedCodeCacheSize=128m -XX:+UseSerialGC -Xmx1536m -Dfile.encoding=UTF-8 -Duser.country=KR -Duser.language=ko -Duser.variant -javaagent:D:\gradle-home\wrapper\dists\gradle-8.14.3-bin\cv11ve7ro1n3o1j4so8xd9n66\gradle-8.14.3\lib\agents\gradle-instrumentation-agent-8.14.3.jar 
java_command: org.gradle.launcher.daemon.bootstrap.GradleDaemon 8.14.3
java_class_path (initial): D:\gradle-home\wrapper\dists\gradle-8.14.3-bin\cv11ve7ro1n3o1j4so8xd9n66\gradle-8.14.3\lib\gradle-daemon-main-8.14.3.jar
Launcher Type: SUN_STANDARD

[Global flags]
     intx CICompilerCount                          = 4                                         {product} {ergonomic}
   size_t CompressedClassSpaceSize                 = 436207616                                 {product} {ergonomic}
   size_t InitialHeapSize                          = 1071644672                                {product} {ergonomic}
   size_t MaxHeapSize                              = 1610612736                                {product} {command line}
   size_t MaxMetaspaceSize                         = 536870912                                 {product} {command line}
   size_t MaxNewSize                               = 536870912                                 {product} {ergonomic}
   size_t MinHeapDeltaBytes                        = 196608                                    {product} {ergonomic}
   size_t MinHeapSize                              = 8388608                                   {product} {ergonomic}
   size_t NewSize                                  = 357171200                                 {product} {ergonomic}
    uintx NonProfiledCodeHeapSize                  = 0                                      {pd product} {ergonomic}
   size_t OldSize                                  = 714473472                                 {product} {ergonomic}
    uintx ProfiledCodeHeapSize                     = 0                                      {pd product} {ergonomic}
    uintx ReservedCodeCacheSize                    = 134217728                              {pd product} {command line}
   size_t SoftMaxHeapSize                          = 1610612736                             {manageable} {ergonomic}
     bool UseCompressedClassPointers               = true                           {product lp64_product} {ergonomic}
     bool UseCompressedOops                        = true                           {product lp64_product} {ergonomic}
     bool UseLargePagesIndividualAllocation        = false                                  {pd product} {ergonomic}
     bool UseSerialGC                              = true                                      {product} {command line}

Logging:
Log output configuration:
 #0: stdout all=warning uptime,level,tags
 #1: stderr all=off uptime,level,tags

Environment Variables:
JAVA_HOME=C:\Program Files\Eclipse Adoptium\jdk-17.0.17.10-hotspot
PATH=C:\Program Files\Eclipse Adoptium\jdk-17.0.17.10-hotspot\bin;f:\Programs\cursor\resources\app\bin;C:\Program Files (x86)\Common Files\Intel\Shared Libraries\redist\intel64\compiler;C:\WINDOWS\system32;C:\WINDOWS;C:\WINDOWS\System32\Wbem;C:\WINDOWS\System32\WindowsPowerShell\v1.0\;C:\WINDOWS\System32\OpenSSH\;C:\Program Files\Wondershare\Wondershare DemoCreator (Korean);D:\Vroom Talk\flutter\bin;D:\Vroom Talk\Android Studio\bin;C:\Program Files (x86)\ePapyrus\Papyrus-PlugIn-xfa;C:\Program Files (x86)\ePapyrus\Papyrus-PlugIn-xfa\Addins;C:\Program Files\NVIDIA Corporation\NVIDIA app\NvDLISR;C:\Program Files (x86)\NVIDIA Corporation\PhysX\Common;C:\Program Files\Microsoft SQL Server\150\Tools\Binn\;C:\Program Files\Microsoft SQL Server\Client SDK\ODBC\170\Tools\Binn\;C:\Program Files\dotnet\;F:\Windows Kits\10\Windows Performance Toolkit\;C:\ProgramData\chocolatey\bin;C:\Users\jch43\.dotnet\tools;C:\Users\jch43\AppData\Roaming\npm;f:\Prog;F:\Program Files\Git\cmd;C:\Program Files (x86)\Google\Cloud SDK\google-cloud-sdk\bin;C:\Program Files\cursor\resources\app\bin;C:\Users\jch43\AppData\Local\nvm;C:\nvm4w\nodejs;C:\Program Files\nodejs\;C:\Users\jch43\AppData\Local\Programs\Python\Python310\Scripts\;C:\Users\jch43\AppData\Local\Programs\Python\Python310\;f:\Programs\cursor\resources\app\bin;C:\Program Files (x86)\Common Files\Intel\Shared Libraries\redist\intel64\compiler;C:\WINDOWS\system32;C:\WINDOWS;C:\WINDOWS\System32\Wbem;C:\WINDOWS\System32\WindowsPowerShell\v1.0\;C:\WINDOWS\System32\OpenSSH\;C:\Program Files\Wondershare\Wondershare DemoCreator (Korean);D:\Vroom Talk\flutter\bin;D:\Vroom Talk\Android Studio\bin;C:\Program Files (x86)\ePapyrus\Papyrus-PlugIn-xfa;C:\Program Files (x86)\ePapyrus\Papyrus-PlugIn-xfa\Addins;C:\Program Files\NVIDIA Corporation\NVIDIA app\NvDLISR;C:\Program Files (x86)\NVIDIA Corporation\PhysX\Common;C:\Program Files\Microsoft SQL Server\150\Tools\Binn\;C:\Program Files\Microsoft SQL Server\Client SDK\ODBC\170\Tools\Binn\;C:\Program Files\dotnet\;F:\Windows Kits\10\Windows Performance Toolkit\;C:\ProgramData\chocolatey\bin;C:\Users\jch43\.dotnet\tools;C:\Users\jch43\AppData\Roaming\npm;f:\Prog;F:\Program Files\Git\cmd;C:\Program Files (x86)\G;
USERNAME=jch43
TMPDIR=C:\Users\Public\Documents\ESTsoft\CreatorTemp
OS=Windows_NT
PROCESSOR_IDENTIFIER=Intel64 Family 6 Model 165 Stepping 3, GenuineIntel
TMP=D:\temp
TEMP=D:\temp



Periodic native trim disabled


---------------  S Y S T E M  ---------------

OS:
 Windows 11 , 64 bit Build 26100 (10.0.26100.7705)
OS uptime: 20 days 20:12 hours
Hyper-V role detected

CPU: total 12 (initial active 12) (6 cores per cpu, 2 threads per core) family 6 model 165 stepping 3 microcode 0xe0, cx8, cmov, fxsr, ht, mmx, 3dnowpref, sse, sse2, sse3, ssse3, sse4.1, sse4.2, popcnt, lzcnt, tsc, tscinvbit, avx, avx2, aes, erms, clmul, bmi1, bmi2, adx, fma, vzeroupper, clflush, clflushopt, hv
Processor Information for all 12 processors :
  Max Mhz: 2904, Current Mhz: 2904, Mhz Limit: 2904

Memory: 4k page, system-wide physical 65404M (33992M free)
TotalPageFile size 262012M (AvailPageFile size 3M)
current process WorkingSet (physical memory assigned to process): 2142M, peak: 2213M
current process commit charge ("private bytes"): 2145M, peak: 2218M

vm_info: OpenJDK 64-Bit Server VM (17.0.17+10) for windows-amd64 JRE (17.0.17+10), built on Oct 21 2025 23:25:32 by "admin" with unknown MS VC++:1942

END.
